{"/home/vagrant/psychotest-dev/app/src/environment.js": {"path":"/home/vagrant/psychotest-dev/app/src/environment.js","statementMap":{},"fnMap":{},"branchMap":{},"s":{},"f":{},"b":{},"hash":"214c14eaca66243d637803db2afadb87e3b843f7"}
,"/home/vagrant/psychotest-dev/app/src/main.js": {"path":"/home/vagrant/psychotest-dev/app/src/main.js","statementMap":{"0":{"start":{"line":7,"column":0},"end":{"line":7,"column":59}},"1":{"start":{"line":10,"column":2},"end":{"line":13,"column":57}},"2":{"start":{"line":22,"column":2},"end":{"line":22,"column":71}},"3":{"start":{"line":24,"column":2},"end":{"line":26,"column":3}},"4":{"start":{"line":25,"column":4},"end":{"line":25,"column":63}},"5":{"start":{"line":27,"column":2},"end":{"line":27,"column":39}},"6":{"start":{"line":28,"column":2},"end":{"line":28,"column":39}},"7":{"start":{"line":29,"column":2},"end":{"line":29,"column":88}},"8":{"start":{"line":29,"column":36},"end":{"line":29,"column":86}}},"fnMap":{"0":{"name":"configure","decl":{"start":{"line":9,"column":16},"end":{"line":9,"column":25}},"loc":{"start":{"line":9,"column":35},"end":{"line":30,"column":1}},"line":9},"1":{"name":"(anonymous_1)","decl":{"start":{"line":29,"column":30},"end":{"line":29,"column":31}},"loc":{"start":{"line":29,"column":36},"end":{"line":29,"column":86}},"line":29}},"branchMap":{"0":{"loc":{"start":{"line":22,"column":33},"end":{"line":22,"column":69}},"type":"cond-expr","locations":[{"start":{"line":22,"column":53},"end":{"line":22,"column":60}},{"start":{"line":22,"column":63},"end":{"line":22,"column":69}}],"line":22},"1":{"loc":{"start":{"line":24,"column":2},"end":{"line":26,"column":3}},"type":"if","locations":[{"start":{"line":24,"column":2},"end":{"line":26,"column":3}},{"start":{"line":24,"column":2},"end":{"line":26,"column":3}}],"line":24}},"s":{"0":0,"1":0,"2":0,"3":0,"4":0,"5":0,"6":0,"7":0,"8":0},"f":{"0":0,"1":0},"b":{"0":[0,0],"1":[0,0]},"hash":"a92a9aa210b7884cb3e3cb71039b3fb64217bbcb"}
,"/home/vagrant/psychotest-dev/app/src/maineditor.js": {"path":"/home/vagrant/psychotest-dev/app/src/maineditor.js","statementMap":{"0":{"start":{"line":11,"column":0},"end":{"line":11,"column":59}},"1":{"start":{"line":14,"column":2},"end":{"line":34,"column":7}},"2":{"start":{"line":19,"column":20},"end":{"line":19,"column":33}},"3":{"start":{"line":20,"column":6},"end":{"line":20,"column":49}},"4":{"start":{"line":21,"column":6},"end":{"line":21,"column":36}},"5":{"start":{"line":22,"column":6},"end":{"line":33,"column":9}},"6":{"start":{"line":44,"column":2},"end":{"line":44,"column":71}},"7":{"start":{"line":46,"column":2},"end":{"line":48,"column":3}},"8":{"start":{"line":47,"column":4},"end":{"line":47,"column":63}},"9":{"start":{"line":50,"column":2},"end":{"line":50,"column":88}},"10":{"start":{"line":50,"column":36},"end":{"line":50,"column":86}}},"fnMap":{"0":{"name":"configure","decl":{"start":{"line":13,"column":16},"end":{"line":13,"column":25}},"loc":{"start":{"line":13,"column":35},"end":{"line":51,"column":1}},"line":13},"1":{"name":"(anonymous_1)","decl":{"start":{"line":18,"column":49},"end":{"line":18,"column":50}},"loc":{"start":{"line":18,"column":63},"end":{"line":34,"column":5}},"line":18},"2":{"name":"(anonymous_2)","decl":{"start":{"line":50,"column":30},"end":{"line":50,"column":31}},"loc":{"start":{"line":50,"column":36},"end":{"line":50,"column":86}},"line":50}},"branchMap":{"0":{"loc":{"start":{"line":44,"column":33},"end":{"line":44,"column":69}},"type":"cond-expr","locations":[{"start":{"line":44,"column":53},"end":{"line":44,"column":60}},{"start":{"line":44,"column":63},"end":{"line":44,"column":69}}],"line":44},"1":{"loc":{"start":{"line":46,"column":2},"end":{"line":48,"column":3}},"type":"if","locations":[{"start":{"line":46,"column":2},"end":{"line":48,"column":3}},{"start":{"line":46,"column":2},"end":{"line":48,"column":3}}],"line":46}},"s":{"0":0,"1":0,"2":0,"3":0,"4":0,"5":0,"6":0,"7":0,"8":0,"9":0,"10":0},"f":{"0":0,"1":0,"2":0},"b":{"0":[0,0],"1":[0,0]},"hash":"b9cad37386613e9ee70f619733a847a19086da9d"}
,"/home/vagrant/psychotest-dev/app/src/mainresult.js": {"path":"/home/vagrant/psychotest-dev/app/src/mainresult.js","statementMap":{"0":{"start":{"line":11,"column":0},"end":{"line":11,"column":59}},"1":{"start":{"line":14,"column":2},"end":{"line":34,"column":7}},"2":{"start":{"line":19,"column":20},"end":{"line":19,"column":33}},"3":{"start":{"line":20,"column":6},"end":{"line":20,"column":49}},"4":{"start":{"line":21,"column":6},"end":{"line":21,"column":36}},"5":{"start":{"line":22,"column":6},"end":{"line":33,"column":9}},"6":{"start":{"line":44,"column":2},"end":{"line":44,"column":71}},"7":{"start":{"line":46,"column":2},"end":{"line":48,"column":3}},"8":{"start":{"line":47,"column":4},"end":{"line":47,"column":63}},"9":{"start":{"line":50,"column":2},"end":{"line":50,"column":94}},"10":{"start":{"line":50,"column":36},"end":{"line":50,"column":92}}},"fnMap":{"0":{"name":"configure","decl":{"start":{"line":13,"column":16},"end":{"line":13,"column":25}},"loc":{"start":{"line":13,"column":35},"end":{"line":51,"column":1}},"line":13},"1":{"name":"(anonymous_1)","decl":{"start":{"line":18,"column":49},"end":{"line":18,"column":50}},"loc":{"start":{"line":18,"column":63},"end":{"line":34,"column":5}},"line":18},"2":{"name":"(anonymous_2)","decl":{"start":{"line":50,"column":30},"end":{"line":50,"column":31}},"loc":{"start":{"line":50,"column":36},"end":{"line":50,"column":92}},"line":50}},"branchMap":{"0":{"loc":{"start":{"line":44,"column":33},"end":{"line":44,"column":69}},"type":"cond-expr","locations":[{"start":{"line":44,"column":53},"end":{"line":44,"column":60}},{"start":{"line":44,"column":63},"end":{"line":44,"column":69}}],"line":44},"1":{"loc":{"start":{"line":46,"column":2},"end":{"line":48,"column":3}},"type":"if","locations":[{"start":{"line":46,"column":2},"end":{"line":48,"column":3}},{"start":{"line":46,"column":2},"end":{"line":48,"column":3}}],"line":46}},"s":{"0":0,"1":0,"2":0,"3":0,"4":0,"5":0,"6":0,"7":0,"8":0,"9":0,"10":0},"f":{"0":0,"1":0,"2":0},"b":{"0":[0,0],"1":[0,0]},"hash":"197a2b675e06b7242935a00c4088b04f19c9dd6c"}
,"/home/vagrant/psychotest-dev/app/src/components/dsl.js": {"path":"/home/vagrant/psychotest-dev/app/src/components/dsl.js","statementMap":{"0":{"start":{"line":2,"column":21},"end":{"line":2,"column":53}},"1":{"start":{"line":3,"column":21},"end":{"line":3,"column":49}},"2":{"start":{"line":5,"column":23},"end":{"line":5,"column":51}},"3":{"start":{"line":6,"column":22},"end":{"line":6,"column":51}},"4":{"start":{"line":8,"column":31},"end":{"line":8,"column":69}},"5":{"start":{"line":9,"column":29},"end":{"line":9,"column":61}},"6":{"start":{"line":10,"column":32},"end":{"line":10,"column":57}},"7":{"start":{"line":12,"column":26},"end":{"line":12,"column":62}},"8":{"start":{"line":13,"column":23},"end":{"line":13,"column":59}},"9":{"start":{"line":14,"column":26},"end":{"line":14,"column":56}},"10":{"start":{"line":15,"column":24},"end":{"line":15,"column":54}},"11":{"start":{"line":16,"column":24},"end":{"line":16,"column":54}},"12":{"start":{"line":17,"column":31},"end":{"line":17,"column":69}},"13":{"start":{"line":18,"column":36},"end":{"line":18,"column":79}},"14":{"start":{"line":20,"column":33},"end":{"line":20,"column":68}},"15":{"start":{"line":21,"column":22},"end":{"line":21,"column":51}},"16":{"start":{"line":22,"column":22},"end":{"line":22,"column":50}},"17":{"start":{"line":23,"column":24},"end":{"line":23,"column":57}},"18":{"start":{"line":24,"column":29},"end":{"line":24,"column":66}},"19":{"start":{"line":25,"column":28},"end":{"line":25,"column":65}},"20":{"start":{"line":26,"column":27},"end":{"line":26,"column":63}},"21":{"start":{"line":27,"column":28},"end":{"line":27,"column":63}},"22":{"start":{"line":28,"column":28},"end":{"line":28,"column":63}},"23":{"start":{"line":29,"column":23},"end":{"line":29,"column":53}},"24":{"start":{"line":30,"column":22},"end":{"line":30,"column":52}},"25":{"start":{"line":31,"column":28},"end":{"line":31,"column":64}},"26":{"start":{"line":32,"column":26},"end":{"line":32,"column":60}},"27":{"start":{"line":33,"column":21},"end":{"line":33,"column":50}},"28":{"start":{"line":34,"column":23},"end":{"line":34,"column":55}},"29":{"start":{"line":35,"column":28},"end":{"line":35,"column":65}},"30":{"start":{"line":36,"column":27},"end":{"line":36,"column":62}},"31":{"start":{"line":37,"column":32},"end":{"line":37,"column":65}},"32":{"start":{"line":38,"column":25},"end":{"line":38,"column":54}}},"fnMap":{"0":{"name":"(anonymous_0)","decl":{"start":{"line":2,"column":2},"end":{"line":2,"column":3}},"loc":{"start":{"line":2,"column":19},"end":{"line":2,"column":55}},"line":2},"1":{"name":"(anonymous_1)","decl":{"start":{"line":3,"column":2},"end":{"line":3,"column":3}},"loc":{"start":{"line":3,"column":19},"end":{"line":3,"column":51}},"line":3},"2":{"name":"(anonymous_2)","decl":{"start":{"line":5,"column":2},"end":{"line":5,"column":3}},"loc":{"start":{"line":5,"column":21},"end":{"line":5,"column":53}},"line":5},"3":{"name":"(anonymous_3)","decl":{"start":{"line":6,"column":2},"end":{"line":6,"column":3}},"loc":{"start":{"line":6,"column":20},"end":{"line":6,"column":53}},"line":6},"4":{"name":"(anonymous_4)","decl":{"start":{"line":8,"column":2},"end":{"line":8,"column":3}},"loc":{"start":{"line":8,"column":29},"end":{"line":8,"column":71}},"line":8},"5":{"name":"(anonymous_5)","decl":{"start":{"line":9,"column":2},"end":{"line":9,"column":3}},"loc":{"start":{"line":9,"column":27},"end":{"line":9,"column":63}},"line":9},"6":{"name":"(anonymous_6)","decl":{"start":{"line":10,"column":2},"end":{"line":10,"column":3}},"loc":{"start":{"line":10,"column":30},"end":{"line":10,"column":59}},"line":10},"7":{"name":"(anonymous_7)","decl":{"start":{"line":12,"column":2},"end":{"line":12,"column":3}},"loc":{"start":{"line":12,"column":24},"end":{"line":12,"column":64}},"line":12},"8":{"name":"(anonymous_8)","decl":{"start":{"line":13,"column":2},"end":{"line":13,"column":3}},"loc":{"start":{"line":13,"column":21},"end":{"line":13,"column":61}},"line":13},"9":{"name":"(anonymous_9)","decl":{"start":{"line":14,"column":2},"end":{"line":14,"column":3}},"loc":{"start":{"line":14,"column":24},"end":{"line":14,"column":58}},"line":14},"10":{"name":"(anonymous_10)","decl":{"start":{"line":15,"column":2},"end":{"line":15,"column":3}},"loc":{"start":{"line":15,"column":22},"end":{"line":15,"column":56}},"line":15},"11":{"name":"(anonymous_11)","decl":{"start":{"line":16,"column":2},"end":{"line":16,"column":3}},"loc":{"start":{"line":16,"column":22},"end":{"line":16,"column":56}},"line":16},"12":{"name":"(anonymous_12)","decl":{"start":{"line":17,"column":2},"end":{"line":17,"column":3}},"loc":{"start":{"line":17,"column":29},"end":{"line":17,"column":71}},"line":17},"13":{"name":"(anonymous_13)","decl":{"start":{"line":18,"column":2},"end":{"line":18,"column":3}},"loc":{"start":{"line":18,"column":34},"end":{"line":18,"column":81}},"line":18},"14":{"name":"(anonymous_14)","decl":{"start":{"line":20,"column":2},"end":{"line":20,"column":3}},"loc":{"start":{"line":20,"column":31},"end":{"line":20,"column":70}},"line":20},"15":{"name":"(anonymous_15)","decl":{"start":{"line":21,"column":2},"end":{"line":21,"column":3}},"loc":{"start":{"line":21,"column":20},"end":{"line":21,"column":53}},"line":21},"16":{"name":"(anonymous_16)","decl":{"start":{"line":22,"column":2},"end":{"line":22,"column":3}},"loc":{"start":{"line":22,"column":20},"end":{"line":22,"column":52}},"line":22},"17":{"name":"(anonymous_17)","decl":{"start":{"line":23,"column":2},"end":{"line":23,"column":3}},"loc":{"start":{"line":23,"column":22},"end":{"line":23,"column":59}},"line":23},"18":{"name":"(anonymous_18)","decl":{"start":{"line":24,"column":2},"end":{"line":24,"column":3}},"loc":{"start":{"line":24,"column":27},"end":{"line":24,"column":68}},"line":24},"19":{"name":"(anonymous_19)","decl":{"start":{"line":25,"column":2},"end":{"line":25,"column":3}},"loc":{"start":{"line":25,"column":26},"end":{"line":25,"column":67}},"line":25},"20":{"name":"(anonymous_20)","decl":{"start":{"line":26,"column":2},"end":{"line":26,"column":3}},"loc":{"start":{"line":26,"column":25},"end":{"line":26,"column":65}},"line":26},"21":{"name":"(anonymous_21)","decl":{"start":{"line":27,"column":2},"end":{"line":27,"column":3}},"loc":{"start":{"line":27,"column":26},"end":{"line":27,"column":65}},"line":27},"22":{"name":"(anonymous_22)","decl":{"start":{"line":28,"column":2},"end":{"line":28,"column":3}},"loc":{"start":{"line":28,"column":26},"end":{"line":28,"column":65}},"line":28},"23":{"name":"(anonymous_23)","decl":{"start":{"line":29,"column":2},"end":{"line":29,"column":3}},"loc":{"start":{"line":29,"column":21},"end":{"line":29,"column":55}},"line":29},"24":{"name":"(anonymous_24)","decl":{"start":{"line":30,"column":2},"end":{"line":30,"column":3}},"loc":{"start":{"line":30,"column":20},"end":{"line":30,"column":54}},"line":30},"25":{"name":"(anonymous_25)","decl":{"start":{"line":31,"column":2},"end":{"line":31,"column":3}},"loc":{"start":{"line":31,"column":26},"end":{"line":31,"column":66}},"line":31},"26":{"name":"(anonymous_26)","decl":{"start":{"line":32,"column":2},"end":{"line":32,"column":3}},"loc":{"start":{"line":32,"column":24},"end":{"line":32,"column":62}},"line":32},"27":{"name":"(anonymous_27)","decl":{"start":{"line":33,"column":2},"end":{"line":33,"column":3}},"loc":{"start":{"line":33,"column":19},"end":{"line":33,"column":51}},"line":33},"28":{"name":"(anonymous_28)","decl":{"start":{"line":34,"column":2},"end":{"line":34,"column":3}},"loc":{"start":{"line":34,"column":22},"end":{"line":34,"column":56}},"line":34},"29":{"name":"(anonymous_29)","decl":{"start":{"line":35,"column":2},"end":{"line":35,"column":3}},"loc":{"start":{"line":35,"column":27},"end":{"line":35,"column":66}},"line":35},"30":{"name":"(anonymous_30)","decl":{"start":{"line":36,"column":2},"end":{"line":36,"column":3}},"loc":{"start":{"line":36,"column":26},"end":{"line":36,"column":63}},"line":36},"31":{"name":"(anonymous_31)","decl":{"start":{"line":37,"column":2},"end":{"line":37,"column":3}},"loc":{"start":{"line":37,"column":31},"end":{"line":37,"column":66}},"line":37},"32":{"name":"(anonymous_32)","decl":{"start":{"line":38,"column":2},"end":{"line":38,"column":3}},"loc":{"start":{"line":38,"column":24},"end":{"line":38,"column":55}},"line":38}},"branchMap":{},"s":{"0":0,"1":0,"2":0,"3":0,"4":0,"5":0,"6":0,"7":0,"8":0,"9":0,"10":0,"11":0,"12":0,"13":0,"14":0,"15":0,"16":0,"17":0,"18":0,"19":0,"20":0,"21":0,"22":0,"23":0,"24":0,"25":0,"26":0,"27":0,"28":0,"29":0,"30":0,"31":0,"32":0},"f":{"0":0,"1":0,"2":0,"3":0,"4":0,"5":0,"6":0,"7":0,"8":0,"9":0,"10":0,"11":0,"12":0,"13":0,"14":0,"15":0,"16":0,"17":0,"18":0,"19":0,"20":0,"21":0,"22":0,"23":0,"24":0,"25":0,"26":0,"27":0,"28":0,"29":0,"30":0,"31":0,"32":0},"b":{},"hash":"cdb8e17be68b0c9bcb095549c12f0bd57545bda6"}
,"/home/vagrant/psychotest-dev/app/src/components/interpreter.js": {"path":"/home/vagrant/psychotest-dev/app/src/components/interpreter.js","statementMap":{"0":{"start":{"line":9,"column":0},"end":{"line":19,"column":2}},"1":{"start":{"line":10,"column":10},"end":{"line":10,"column":21}},"2":{"start":{"line":11,"column":2},"end":{"line":11,"column":26}},"3":{"start":{"line":11,"column":14},"end":{"line":11,"column":26}},"4":{"start":{"line":12,"column":2},"end":{"line":17,"column":3}},"5":{"start":{"line":13,"column":4},"end":{"line":13,"column":44}},"6":{"start":{"line":14,"column":4},"end":{"line":14,"column":19}},"7":{"start":{"line":15,"column":4},"end":{"line":15,"column":22}},"8":{"start":{"line":16,"column":4},"end":{"line":16,"column":19}},"9":{"start":{"line":18,"column":2},"end":{"line":18,"column":14}},"10":{"start":{"line":22,"column":0},"end":{"line":26,"column":1}},"11":{"start":{"line":23,"column":2},"end":{"line":25,"column":4}},"12":{"start":{"line":24,"column":4},"end":{"line":24,"column":44}},"13":{"start":{"line":28,"column":0},"end":{"line":30,"column":2}},"14":{"start":{"line":29,"column":2},"end":{"line":29,"column":66}},"15":{"start":{"line":32,"column":0},"end":{"line":34,"column":2}},"16":{"start":{"line":33,"column":2},"end":{"line":33,"column":58}},"17":{"start":{"line":36,"column":0},"end":{"line":38,"column":2}},"18":{"start":{"line":37,"column":2},"end":{"line":37,"column":34}},"19":{"start":{"line":43,"column":4},"end":{"line":43,"column":33}},"20":{"start":{"line":44,"column":4},"end":{"line":44,"column":27}},"21":{"start":{"line":45,"column":4},"end":{"line":45,"column":25}},"22":{"start":{"line":46,"column":4},"end":{"line":46,"column":22}},"23":{"start":{"line":47,"column":4},"end":{"line":47,"column":26}},"24":{"start":{"line":48,"column":4},"end":{"line":48,"column":27}},"25":{"start":{"line":49,"column":4},"end":{"line":49,"column":23}},"26":{"start":{"line":50,"column":4},"end":{"line":50,"column":26}},"27":{"start":{"line":51,"column":4},"end":{"line":51,"column":25}},"28":{"start":{"line":52,"column":4},"end":{"line":52,"column":22}},"29":{"start":{"line":53,"column":4},"end":{"line":53,"column":28}},"30":{"start":{"line":54,"column":4},"end":{"line":54,"column":26}},"31":{"start":{"line":55,"column":4},"end":{"line":55,"column":21}},"32":{"start":{"line":57,"column":4},"end":{"line":57,"column":26}},"33":{"start":{"line":58,"column":4},"end":{"line":58,"column":29}},"34":{"start":{"line":59,"column":4},"end":{"line":59,"column":29}},"35":{"start":{"line":60,"column":4},"end":{"line":60,"column":19}},"36":{"start":{"line":61,"column":4},"end":{"line":61,"column":25}},"37":{"start":{"line":62,"column":4},"end":{"line":62,"column":22}},"38":{"start":{"line":64,"column":4},"end":{"line":64,"column":22}},"39":{"start":{"line":65,"column":4},"end":{"line":65,"column":30}},"40":{"start":{"line":67,"column":4},"end":{"line":67,"column":25}},"41":{"start":{"line":68,"column":4},"end":{"line":68,"column":32}},"42":{"start":{"line":69,"column":4},"end":{"line":69,"column":26}},"43":{"start":{"line":70,"column":4},"end":{"line":70,"column":30}},"44":{"start":{"line":72,"column":4},"end":{"line":72,"column":48}},"45":{"start":{"line":73,"column":4},"end":{"line":73,"column":28}},"46":{"start":{"line":74,"column":4},"end":{"line":74,"column":48}},"47":{"start":{"line":75,"column":4},"end":{"line":75,"column":52}},"48":{"start":{"line":79,"column":4},"end":{"line":79,"column":54}},"49":{"start":{"line":83,"column":4},"end":{"line":83,"column":62}},"50":{"start":{"line":87,"column":4},"end":{"line":87,"column":28}},"51":{"start":{"line":88,"column":4},"end":{"line":88,"column":25}},"52":{"start":{"line":89,"column":24},"end":{"line":89,"column":218}},"53":{"start":{"line":90,"column":4},"end":{"line":90,"column":34}},"54":{"start":{"line":91,"column":4},"end":{"line":91,"column":25}},"55":{"start":{"line":95,"column":17},"end":{"line":95,"column":19}},"56":{"start":{"line":96,"column":4},"end":{"line":96,"column":55}},"57":{"start":{"line":96,"column":22},"end":{"line":96,"column":55}},"58":{"start":{"line":97,"column":4},"end":{"line":97,"column":64}},"59":{"start":{"line":98,"column":4},"end":{"line":98,"column":45}},"60":{"start":{"line":98,"column":22},"end":{"line":98,"column":45}},"61":{"start":{"line":99,"column":4},"end":{"line":99,"column":18}},"62":{"start":{"line":103,"column":4},"end":{"line":103,"column":71}},"63":{"start":{"line":104,"column":4},"end":{"line":104,"column":82}},"64":{"start":{"line":105,"column":19},"end":{"line":105,"column":21}},"65":{"start":{"line":106,"column":4},"end":{"line":106,"column":34}},"66":{"start":{"line":106,"column":16},"end":{"line":106,"column":34}},"67":{"start":{"line":107,"column":4},"end":{"line":107,"column":177}},"68":{"start":{"line":111,"column":4},"end":{"line":111,"column":71}},"69":{"start":{"line":112,"column":4},"end":{"line":112,"column":82}},"70":{"start":{"line":113,"column":4},"end":{"line":113,"column":165}},"71":{"start":{"line":117,"column":4},"end":{"line":117,"column":30}},"72":{"start":{"line":118,"column":4},"end":{"line":118,"column":73}},"73":{"start":{"line":119,"column":4},"end":{"line":119,"column":31}},"74":{"start":{"line":120,"column":4},"end":{"line":120,"column":24}},"75":{"start":{"line":126,"column":4},"end":{"line":126,"column":71}},"76":{"start":{"line":133,"column":4},"end":{"line":133,"column":30}},"77":{"start":{"line":134,"column":4},"end":{"line":134,"column":63}},"78":{"start":{"line":135,"column":4},"end":{"line":135,"column":31}},"79":{"start":{"line":136,"column":4},"end":{"line":136,"column":24}},"80":{"start":{"line":137,"column":4},"end":{"line":137,"column":40}},"81":{"start":{"line":148,"column":4},"end":{"line":148,"column":29}},"82":{"start":{"line":149,"column":4},"end":{"line":149,"column":24}},"83":{"start":{"line":150,"column":4},"end":{"line":150,"column":63}},"84":{"start":{"line":151,"column":4},"end":{"line":151,"column":71}},"85":{"start":{"line":152,"column":4},"end":{"line":152,"column":82}},"86":{"start":{"line":153,"column":4},"end":{"line":153,"column":126}},"87":{"start":{"line":164,"column":4},"end":{"line":164,"column":105}},"88":{"start":{"line":164,"column":47},"end":{"line":164,"column":84}},"89":{"start":{"line":164,"column":85},"end":{"line":164,"column":98}},"90":{"start":{"line":168,"column":24},"end":{"line":168,"column":26}},"91":{"start":{"line":169,"column":4},"end":{"line":176,"column":5}},"92":{"start":{"line":169,"column":17},"end":{"line":169,"column":18}},"93":{"start":{"line":170,"column":17},"end":{"line":170,"column":25}},"94":{"start":{"line":171,"column":20},"end":{"line":171,"column":34}},"95":{"start":{"line":172,"column":17},"end":{"line":172,"column":63}},"96":{"start":{"line":173,"column":6},"end":{"line":173,"column":72}},"97":{"start":{"line":173,"column":49},"end":{"line":173,"column":72}},"98":{"start":{"line":174,"column":6},"end":{"line":174,"column":577}},"99":{"start":{"line":174,"column":25},"end":{"line":174,"column":298}},"100":{"start":{"line":174,"column":306},"end":{"line":174,"column":576}},"101":{"start":{"line":175,"column":6},"end":{"line":175,"column":83}},"102":{"start":{"line":177,"column":4},"end":{"line":177,"column":25}},"103":{"start":{"line":181,"column":23},"end":{"line":181,"column":61}},"104":{"start":{"line":182,"column":4},"end":{"line":182,"column":102}},"105":{"start":{"line":183,"column":24},"end":{"line":183,"column":26}},"106":{"start":{"line":184,"column":20},"end":{"line":184,"column":22}},"107":{"start":{"line":184,"column":24},"end":{"line":184,"column":82}},"108":{"start":{"line":184,"column":64},"end":{"line":184,"column":82}},"109":{"start":{"line":185,"column":4},"end":{"line":185,"column":80}},"110":{"start":{"line":186,"column":4},"end":{"line":186,"column":44}},"111":{"start":{"line":187,"column":4},"end":{"line":198,"column":5}},"112":{"start":{"line":189,"column":6},"end":{"line":197,"column":7}},"113":{"start":{"line":190,"column":8},"end":{"line":190,"column":38}},"114":{"start":{"line":192,"column":8},"end":{"line":192,"column":28}},"115":{"start":{"line":193,"column":8},"end":{"line":193,"column":26}},"116":{"start":{"line":194,"column":8},"end":{"line":194,"column":108}},"117":{"start":{"line":195,"column":8},"end":{"line":195,"column":84}},"118":{"start":{"line":196,"column":8},"end":{"line":196,"column":56}},"119":{"start":{"line":200,"column":4},"end":{"line":200,"column":55}},"120":{"start":{"line":201,"column":4},"end":{"line":201,"column":30}},"121":{"start":{"line":202,"column":4},"end":{"line":202,"column":25}},"122":{"start":{"line":206,"column":14},"end":{"line":206,"column":22}},"123":{"start":{"line":207,"column":4},"end":{"line":207,"column":50}},"124":{"start":{"line":207,"column":28},"end":{"line":207,"column":50}},"125":{"start":{"line":208,"column":22},"end":{"line":208,"column":24}},"126":{"start":{"line":209,"column":16},"end":{"line":209,"column":21}},"127":{"start":{"line":210,"column":22},"end":{"line":210,"column":24}},"128":{"start":{"line":211,"column":4},"end":{"line":230,"column":5}},"129":{"start":{"line":211,"column":17},"end":{"line":211,"column":18}},"130":{"start":{"line":212,"column":6},"end":{"line":229,"column":7}},"131":{"start":{"line":214,"column":8},"end":{"line":220,"column":9}},"132":{"start":{"line":214,"column":33},"end":{"line":214,"column":46}},"133":{"start":{"line":215,"column":13},"end":{"line":220,"column":9}},"134":{"start":{"line":216,"column":10},"end":{"line":216,"column":68}},"135":{"start":{"line":216,"column":38},"end":{"line":216,"column":68}},"136":{"start":{"line":217,"column":10},"end":{"line":217,"column":27}},"137":{"start":{"line":219,"column":10},"end":{"line":219,"column":32}},"138":{"start":{"line":222,"column":8},"end":{"line":228,"column":9}},"139":{"start":{"line":223,"column":10},"end":{"line":223,"column":40}},"140":{"start":{"line":224,"column":10},"end":{"line":224,"column":27}},"141":{"start":{"line":225,"column":10},"end":{"line":225,"column":24}},"142":{"start":{"line":227,"column":10},"end":{"line":227,"column":32}},"143":{"start":{"line":231,"column":4},"end":{"line":231,"column":62}},"144":{"start":{"line":231,"column":32},"end":{"line":231,"column":62}},"145":{"start":{"line":232,"column":4},"end":{"line":232,"column":23}},"146":{"start":{"line":236,"column":4},"end":{"line":241,"column":5}},"147":{"start":{"line":237,"column":23},"end":{"line":237,"column":108}},"148":{"start":{"line":238,"column":6},"end":{"line":238,"column":26}},"149":{"start":{"line":239,"column":6},"end":{"line":239,"column":202}},"150":{"start":{"line":240,"column":6},"end":{"line":240,"column":24}},"151":{"start":{"line":242,"column":4},"end":{"line":242,"column":94}},"152":{"start":{"line":246,"column":4},"end":{"line":251,"column":5}},"153":{"start":{"line":247,"column":23},"end":{"line":247,"column":110}},"154":{"start":{"line":248,"column":6},"end":{"line":248,"column":26}},"155":{"start":{"line":249,"column":6},"end":{"line":249,"column":204}},"156":{"start":{"line":250,"column":6},"end":{"line":250,"column":24}},"157":{"start":{"line":252,"column":4},"end":{"line":252,"column":96}},"158":{"start":{"line":261,"column":4},"end":{"line":261,"column":81}},"159":{"start":{"line":263,"column":24},"end":{"line":263,"column":26}},"160":{"start":{"line":264,"column":4},"end":{"line":264,"column":60}},"161":{"start":{"line":265,"column":4},"end":{"line":265,"column":176}},"162":{"start":{"line":285,"column":4},"end":{"line":285,"column":25}},"163":{"start":{"line":296,"column":4},"end":{"line":296,"column":81}},"164":{"start":{"line":297,"column":24},"end":{"line":297,"column":26}},"165":{"start":{"line":298,"column":25},"end":{"line":298,"column":27}},"166":{"start":{"line":306,"column":4},"end":{"line":324,"column":5}},"167":{"start":{"line":307,"column":20},"end":{"line":307,"column":50}},"168":{"start":{"line":310,"column":6},"end":{"line":314,"column":7}},"169":{"start":{"line":310,"column":19},"end":{"line":310,"column":20}},"170":{"start":{"line":312,"column":8},"end":{"line":312,"column":72}},"171":{"start":{"line":315,"column":6},"end":{"line":315,"column":56}},"172":{"start":{"line":317,"column":6},"end":{"line":317,"column":179}},"173":{"start":{"line":319,"column":6},"end":{"line":321,"column":7}},"174":{"start":{"line":320,"column":8},"end":{"line":320,"column":70}},"175":{"start":{"line":322,"column":6},"end":{"line":322,"column":56}},"176":{"start":{"line":323,"column":6},"end":{"line":323,"column":164}},"177":{"start":{"line":327,"column":4},"end":{"line":327,"column":25}},"178":{"start":{"line":332,"column":24},"end":{"line":332,"column":26}},"179":{"start":{"line":333,"column":4},"end":{"line":333,"column":20}},"180":{"start":{"line":334,"column":4},"end":{"line":334,"column":72}},"181":{"start":{"line":334,"column":13},"end":{"line":334,"column":72}},"182":{"start":{"line":337,"column":4},"end":{"line":337,"column":138}},"183":{"start":{"line":338,"column":4},"end":{"line":338,"column":68}},"184":{"start":{"line":342,"column":4},"end":{"line":342,"column":25}},"185":{"start":{"line":347,"column":20},"end":{"line":347,"column":22}},"186":{"start":{"line":347,"column":24},"end":{"line":347,"column":82}},"187":{"start":{"line":347,"column":64},"end":{"line":347,"column":82}},"188":{"start":{"line":348,"column":4},"end":{"line":349,"column":86}},"189":{"start":{"line":348,"column":40},"end":{"line":348,"column":125}},"190":{"start":{"line":349,"column":9},"end":{"line":349,"column":86}},"191":{"start":{"line":350,"column":24},"end":{"line":350,"column":143}},"192":{"start":{"line":351,"column":4},"end":{"line":362,"column":5}},"193":{"start":{"line":352,"column":6},"end":{"line":361,"column":7}},"194":{"start":{"line":353,"column":8},"end":{"line":353,"column":56}},"195":{"start":{"line":355,"column":8},"end":{"line":355,"column":28}},"196":{"start":{"line":356,"column":8},"end":{"line":356,"column":26}},"197":{"start":{"line":357,"column":8},"end":{"line":357,"column":95}},"198":{"start":{"line":358,"column":8},"end":{"line":359,"column":90}},"199":{"start":{"line":358,"column":44},"end":{"line":358,"column":125}},"200":{"start":{"line":359,"column":13},"end":{"line":359,"column":90}},"201":{"start":{"line":360,"column":8},"end":{"line":360,"column":145}},"202":{"start":{"line":363,"column":4},"end":{"line":363,"column":25}},"203":{"start":{"line":368,"column":4},"end":{"line":377,"column":5}},"204":{"start":{"line":372,"column":6},"end":{"line":372,"column":32}},"205":{"start":{"line":373,"column":6},"end":{"line":376,"column":7}},"206":{"start":{"line":375,"column":8},"end":{"line":375,"column":75}},"207":{"start":{"line":376,"column":8},"end":{"line":376,"column":38}},"208":{"start":{"line":377,"column":6},"end":{"line":377,"column":16}},"209":{"start":{"line":383,"column":4},"end":{"line":387,"column":5}},"210":{"start":{"line":384,"column":6},"end":{"line":384,"column":26}},"211":{"start":{"line":386,"column":6},"end":{"line":386,"column":27}},"212":{"start":{"line":387,"column":6},"end":{"line":387,"column":16}},"213":{"start":{"line":391,"column":4},"end":{"line":394,"column":5}},"214":{"start":{"line":392,"column":6},"end":{"line":392,"column":27}},"215":{"start":{"line":393,"column":6},"end":{"line":393,"column":37}},"216":{"start":{"line":394,"column":6},"end":{"line":394,"column":16}},"217":{"start":{"line":400,"column":14},"end":{"line":400,"column":238}},"218":{"start":{"line":401,"column":4},"end":{"line":403,"column":5}},"219":{"start":{"line":401,"column":17},"end":{"line":401,"column":18}},"220":{"start":{"line":402,"column":6},"end":{"line":402,"column":86}},"221":{"start":{"line":404,"column":4},"end":{"line":404,"column":23}},"222":{"start":{"line":405,"column":4},"end":{"line":405,"column":70}},"223":{"start":{"line":406,"column":4},"end":{"line":406,"column":15}},"224":{"start":{"line":410,"column":21},"end":{"line":410,"column":48}},"225":{"start":{"line":411,"column":26},"end":{"line":411,"column":62}},"226":{"start":{"line":412,"column":4},"end":{"line":413,"column":82}},"227":{"start":{"line":413,"column":5},"end":{"line":413,"column":81}},"228":{"start":{"line":414,"column":4},"end":{"line":415,"column":92}},"229":{"start":{"line":415,"column":5},"end":{"line":415,"column":91}},"230":{"start":{"line":416,"column":4},"end":{"line":416,"column":128}},"231":{"start":{"line":416,"column":37},"end":{"line":416,"column":127}},"232":{"start":{"line":417,"column":4},"end":{"line":417,"column":121}},"233":{"start":{"line":417,"column":38},"end":{"line":417,"column":120}},"234":{"start":{"line":418,"column":4},"end":{"line":424,"column":5}},"235":{"start":{"line":419,"column":6},"end":{"line":423,"column":22}},"236":{"start":{"line":427,"column":4},"end":{"line":427,"column":14}},"237":{"start":{"line":433,"column":4},"end":{"line":433,"column":65}},"238":{"start":{"line":433,"column":42},"end":{"line":433,"column":65}},"239":{"start":{"line":434,"column":4},"end":{"line":434,"column":65}},"240":{"start":{"line":434,"column":43},"end":{"line":434,"column":65}},"241":{"start":{"line":435,"column":4},"end":{"line":435,"column":61}},"242":{"start":{"line":435,"column":37},"end":{"line":435,"column":61}},"243":{"start":{"line":436,"column":4},"end":{"line":439,"column":5}},"244":{"start":{"line":437,"column":6},"end":{"line":437,"column":58}},"245":{"start":{"line":438,"column":6},"end":{"line":438,"column":50}},"246":{"start":{"line":438,"column":29},"end":{"line":438,"column":50}},"247":{"start":{"line":443,"column":4},"end":{"line":460,"column":7}},"248":{"start":{"line":446,"column":6},"end":{"line":446,"column":27}},"249":{"start":{"line":447,"column":6},"end":{"line":457,"column":9}},"250":{"start":{"line":450,"column":22},"end":{"line":450,"column":48}},"251":{"start":{"line":451,"column":8},"end":{"line":451,"column":79}},"252":{"start":{"line":451,"column":44},"end":{"line":451,"column":79}},"253":{"start":{"line":452,"column":8},"end":{"line":452,"column":93}},"254":{"start":{"line":452,"column":51},"end":{"line":452,"column":93}},"255":{"start":{"line":453,"column":8},"end":{"line":453,"column":87}},"256":{"start":{"line":454,"column":8},"end":{"line":454,"column":89}},"257":{"start":{"line":454,"column":49},"end":{"line":454,"column":89}},"258":{"start":{"line":455,"column":8},"end":{"line":456,"column":88}},"259":{"start":{"line":455,"column":27},"end":{"line":455,"column":102}},"260":{"start":{"line":456,"column":13},"end":{"line":456,"column":88}},"261":{"start":{"line":464,"column":24},"end":{"line":464,"column":26}},"262":{"start":{"line":465,"column":4},"end":{"line":465,"column":21}},"263":{"start":{"line":470,"column":22},"end":{"line":470,"column":43}},"264":{"start":{"line":471,"column":4},"end":{"line":471,"column":55}},"265":{"start":{"line":471,"column":34},"end":{"line":471,"column":55}},"266":{"start":{"line":473,"column":4},"end":{"line":474,"column":104}},"267":{"start":{"line":473,"column":36},"end":{"line":473,"column":152}},"268":{"start":{"line":474,"column":9},"end":{"line":474,"column":104}},"269":{"start":{"line":474,"column":53},"end":{"line":474,"column":104}},"270":{"start":{"line":476,"column":4},"end":{"line":507,"column":65}},"271":{"start":{"line":478,"column":9},"end":{"line":507,"column":65}},"272":{"start":{"line":478,"column":41},"end":{"line":478,"column":82}},"273":{"start":{"line":479,"column":9},"end":{"line":507,"column":65}},"274":{"start":{"line":479,"column":44},"end":{"line":479,"column":85}},"275":{"start":{"line":485,"column":9},"end":{"line":507,"column":65}},"276":{"start":{"line":486,"column":6},"end":{"line":486,"column":42}},"277":{"start":{"line":487,"column":6},"end":{"line":488,"column":82}},"278":{"start":{"line":487,"column":24},"end":{"line":487,"column":75}},"279":{"start":{"line":488,"column":11},"end":{"line":488,"column":82}},"280":{"start":{"line":489,"column":11},"end":{"line":507,"column":65}},"281":{"start":{"line":490,"column":6},"end":{"line":490,"column":42}},"282":{"start":{"line":491,"column":6},"end":{"line":492,"column":54}},"283":{"start":{"line":491,"column":24},"end":{"line":491,"column":73}},"284":{"start":{"line":492,"column":11},"end":{"line":492,"column":54}},"285":{"start":{"line":493,"column":11},"end":{"line":507,"column":65}},"286":{"start":{"line":494,"column":6},"end":{"line":494,"column":42}},"287":{"start":{"line":495,"column":11},"end":{"line":507,"column":65}},"288":{"start":{"line":495,"column":86},"end":{"line":495,"column":138}},"289":{"start":{"line":499,"column":9},"end":{"line":507,"column":65}},"290":{"start":{"line":499,"column":53},"end":{"line":499,"column":121}},"291":{"start":{"line":500,"column":9},"end":{"line":507,"column":65}},"292":{"start":{"line":500,"column":42},"end":{"line":500,"column":112}},"293":{"start":{"line":501,"column":9},"end":{"line":507,"column":65}},"294":{"start":{"line":501,"column":42},"end":{"line":501,"column":84}},"295":{"start":{"line":502,"column":9},"end":{"line":507,"column":65}},"296":{"start":{"line":502,"column":44},"end":{"line":502,"column":184}},"297":{"start":{"line":503,"column":9},"end":{"line":507,"column":65}},"298":{"start":{"line":503,"column":43},"end":{"line":503,"column":94}},"299":{"start":{"line":504,"column":9},"end":{"line":507,"column":65}},"300":{"start":{"line":504,"column":48},"end":{"line":504,"column":100}},"301":{"start":{"line":505,"column":9},"end":{"line":507,"column":65}},"302":{"start":{"line":505,"column":46},"end":{"line":505,"column":96}},"303":{"start":{"line":506,"column":9},"end":{"line":507,"column":65}},"304":{"start":{"line":506,"column":42},"end":{"line":506,"column":104}},"305":{"start":{"line":507,"column":9},"end":{"line":507,"column":65}},"306":{"start":{"line":507,"column":41},"end":{"line":507,"column":65}},"307":{"start":{"line":508,"column":4},"end":{"line":508,"column":40}},"308":{"start":{"line":509,"column":4},"end":{"line":509,"column":71}},"309":{"start":{"line":509,"column":48},"end":{"line":509,"column":71}},"310":{"start":{"line":510,"column":4},"end":{"line":510,"column":25}},"311":{"start":{"line":514,"column":4},"end":{"line":514,"column":117}},"312":{"start":{"line":519,"column":12},"end":{"line":519,"column":23}},"313":{"start":{"line":520,"column":4},"end":{"line":520,"column":28}},"314":{"start":{"line":520,"column":16},"end":{"line":520,"column":28}},"315":{"start":{"line":521,"column":4},"end":{"line":526,"column":5}},"316":{"start":{"line":522,"column":6},"end":{"line":522,"column":46}},"317":{"start":{"line":523,"column":6},"end":{"line":523,"column":21}},"318":{"start":{"line":524,"column":6},"end":{"line":524,"column":24}},"319":{"start":{"line":525,"column":6},"end":{"line":525,"column":21}},"320":{"start":{"line":527,"column":4},"end":{"line":527,"column":16}},"321":{"start":{"line":544,"column":4},"end":{"line":544,"column":29}},"322":{"start":{"line":545,"column":4},"end":{"line":545,"column":29}},"323":{"start":{"line":546,"column":4},"end":{"line":546,"column":38}},"324":{"start":{"line":548,"column":4},"end":{"line":548,"column":64}},"325":{"start":{"line":549,"column":4},"end":{"line":549,"column":35}},"326":{"start":{"line":551,"column":4},"end":{"line":551,"column":69}},"327":{"start":{"line":552,"column":4},"end":{"line":552,"column":96}},"328":{"start":{"line":554,"column":4},"end":{"line":554,"column":27}},"329":{"start":{"line":555,"column":4},"end":{"line":555,"column":25}},"330":{"start":{"line":556,"column":4},"end":{"line":556,"column":22}},"331":{"start":{"line":558,"column":4},"end":{"line":558,"column":29}},"332":{"start":{"line":559,"column":4},"end":{"line":559,"column":27}},"333":{"start":{"line":563,"column":4},"end":{"line":563,"column":29}},"334":{"start":{"line":564,"column":4},"end":{"line":564,"column":29}},"335":{"start":{"line":565,"column":4},"end":{"line":565,"column":27}},"336":{"start":{"line":566,"column":4},"end":{"line":566,"column":29}},"337":{"start":{"line":567,"column":4},"end":{"line":567,"column":38}},"338":{"start":{"line":569,"column":4},"end":{"line":569,"column":38}},"339":{"start":{"line":570,"column":4},"end":{"line":570,"column":35}},"340":{"start":{"line":572,"column":4},"end":{"line":572,"column":69}},"341":{"start":{"line":573,"column":4},"end":{"line":573,"column":96}},"342":{"start":{"line":575,"column":4},"end":{"line":575,"column":27}},"343":{"start":{"line":576,"column":4},"end":{"line":576,"column":25}},"344":{"start":{"line":578,"column":4},"end":{"line":583,"column":5}},"345":{"start":{"line":579,"column":6},"end":{"line":579,"column":13}},"346":{"start":{"line":580,"column":6},"end":{"line":580,"column":54}},"347":{"start":{"line":580,"column":38},"end":{"line":580,"column":54}},"348":{"start":{"line":582,"column":6},"end":{"line":582,"column":51}},"349":{"start":{"line":585,"column":4},"end":{"line":585,"column":34}},"350":{"start":{"line":589,"column":19},"end":{"line":589,"column":38}},"351":{"start":{"line":590,"column":4},"end":{"line":590,"column":25}},"352":{"start":{"line":591,"column":4},"end":{"line":591,"column":26}},"353":{"start":{"line":592,"column":4},"end":{"line":592,"column":114}},"354":{"start":{"line":592,"column":93},"end":{"line":592,"column":114}},"355":{"start":{"line":593,"column":4},"end":{"line":593,"column":53}},"356":{"start":{"line":593,"column":32},"end":{"line":593,"column":53}},"357":{"start":{"line":594,"column":4},"end":{"line":594,"column":114}},"358":{"start":{"line":594,"column":93},"end":{"line":594,"column":114}},"359":{"start":{"line":603,"column":4},"end":{"line":603,"column":77}},"360":{"start":{"line":604,"column":19},"end":{"line":604,"column":42}},"361":{"start":{"line":605,"column":4},"end":{"line":619,"column":7}},"362":{"start":{"line":607,"column":8},"end":{"line":607,"column":95}},"363":{"start":{"line":609,"column":8},"end":{"line":609,"column":44}},"364":{"start":{"line":610,"column":8},"end":{"line":610,"column":121}},"365":{"start":{"line":613,"column":8},"end":{"line":613,"column":110}},"366":{"start":{"line":615,"column":8},"end":{"line":615,"column":44}},"367":{"start":{"line":616,"column":8},"end":{"line":616,"column":136}},"368":{"start":{"line":620,"column":16},"end":{"line":620,"column":100}},"369":{"start":{"line":625,"column":4},"end":{"line":625,"column":77}},"370":{"start":{"line":626,"column":24},"end":{"line":626,"column":74}},"371":{"start":{"line":627,"column":21},"end":{"line":627,"column":46}},"372":{"start":{"line":629,"column":4},"end":{"line":644,"column":7}},"373":{"start":{"line":631,"column":8},"end":{"line":631,"column":56}},"374":{"start":{"line":632,"column":8},"end":{"line":632,"column":44}},"375":{"start":{"line":633,"column":8},"end":{"line":633,"column":82}},"376":{"start":{"line":636,"column":8},"end":{"line":636,"column":56}},"377":{"start":{"line":637,"column":8},"end":{"line":637,"column":44}},"378":{"start":{"line":639,"column":8},"end":{"line":639,"column":82}},"379":{"start":{"line":648,"column":4},"end":{"line":648,"column":26}},"380":{"start":{"line":649,"column":25},"end":{"line":649,"column":52}},"381":{"start":{"line":650,"column":4},"end":{"line":650,"column":84}},"382":{"start":{"line":650,"column":44},"end":{"line":650,"column":84}},"383":{"start":{"line":652,"column":4},"end":{"line":652,"column":34}},"384":{"start":{"line":653,"column":4},"end":{"line":653,"column":27}},"385":{"start":{"line":654,"column":4},"end":{"line":654,"column":56}},"386":{"start":{"line":656,"column":4},"end":{"line":656,"column":27}},"387":{"start":{"line":660,"column":4},"end":{"line":660,"column":26}},"388":{"start":{"line":664,"column":4},"end":{"line":664,"column":127}},"389":{"start":{"line":665,"column":4},"end":{"line":665,"column":27}},"390":{"start":{"line":666,"column":4},"end":{"line":666,"column":56}},"391":{"start":{"line":668,"column":4},"end":{"line":668,"column":27}},"392":{"start":{"line":673,"column":18},"end":{"line":673,"column":34}},"393":{"start":{"line":674,"column":4},"end":{"line":674,"column":23}},"394":{"start":{"line":675,"column":4},"end":{"line":675,"column":26}},"395":{"start":{"line":676,"column":4},"end":{"line":676,"column":28}},"396":{"start":{"line":677,"column":4},"end":{"line":677,"column":47}},"397":{"start":{"line":678,"column":4},"end":{"line":679,"column":38}},"398":{"start":{"line":678,"column":44},"end":{"line":678,"column":138}},"399":{"start":{"line":678,"column":72},"end":{"line":678,"column":105}},"400":{"start":{"line":678,"column":111},"end":{"line":678,"column":138}},"401":{"start":{"line":678,"column":145},"end":{"line":679,"column":38}},"402":{"start":{"line":678,"column":173},"end":{"line":678,"column":201}},"403":{"start":{"line":679,"column":9},"end":{"line":679,"column":38}},"404":{"start":{"line":680,"column":27},"end":{"line":680,"column":29}},"405":{"start":{"line":682,"column":19},"end":{"line":682,"column":38}},"406":{"start":{"line":684,"column":4},"end":{"line":684,"column":154}},"407":{"start":{"line":684,"column":133},"end":{"line":684,"column":154}},"408":{"start":{"line":685,"column":4},"end":{"line":685,"column":17}},"409":{"start":{"line":687,"column":4},"end":{"line":691,"column":5}},"410":{"start":{"line":688,"column":6},"end":{"line":688,"column":100}},"411":{"start":{"line":689,"column":6},"end":{"line":689,"column":64}},"412":{"start":{"line":690,"column":16},"end":{"line":690,"column":37}},"413":{"start":{"line":694,"column":4},"end":{"line":698,"column":5}},"414":{"start":{"line":695,"column":6},"end":{"line":695,"column":100}},"415":{"start":{"line":696,"column":6},"end":{"line":696,"column":64}},"416":{"start":{"line":697,"column":16},"end":{"line":697,"column":37}},"417":{"start":{"line":700,"column":4},"end":{"line":700,"column":53}},"418":{"start":{"line":701,"column":4},"end":{"line":701,"column":54}},"419":{"start":{"line":703,"column":4},"end":{"line":703,"column":65}},"420":{"start":{"line":704,"column":4},"end":{"line":704,"column":58}},"421":{"start":{"line":705,"column":4},"end":{"line":705,"column":56}},"422":{"start":{"line":706,"column":4},"end":{"line":706,"column":28}},"423":{"start":{"line":710,"column":14},"end":{"line":710,"column":40}},"424":{"start":{"line":711,"column":4},"end":{"line":711,"column":81}},"425":{"start":{"line":711,"column":65},"end":{"line":711,"column":81}},"426":{"start":{"line":713,"column":4},"end":{"line":713,"column":46}},"427":{"start":{"line":718,"column":4},"end":{"line":718,"column":43}},"428":{"start":{"line":720,"column":4},"end":{"line":720,"column":32}},"429":{"start":{"line":725,"column":14},"end":{"line":725,"column":69}},"430":{"start":{"line":726,"column":4},"end":{"line":726,"column":56}},"431":{"start":{"line":727,"column":4},"end":{"line":727,"column":27}},"432":{"start":{"line":732,"column":18},"end":{"line":732,"column":23}},"433":{"start":{"line":734,"column":4},"end":{"line":754,"column":5}},"434":{"start":{"line":735,"column":6},"end":{"line":753,"column":7}},"435":{"start":{"line":735,"column":19},"end":{"line":735,"column":20}},"436":{"start":{"line":736,"column":8},"end":{"line":752,"column":9}},"437":{"start":{"line":737,"column":10},"end":{"line":751,"column":11}},"438":{"start":{"line":740,"column":12},"end":{"line":740,"column":126}},"439":{"start":{"line":741,"column":12},"end":{"line":741,"column":113}},"440":{"start":{"line":741,"column":30},"end":{"line":741,"column":113}},"441":{"start":{"line":743,"column":12},"end":{"line":743,"column":54}},"442":{"start":{"line":744,"column":12},"end":{"line":744,"column":27}},"443":{"start":{"line":746,"column":12},"end":{"line":746,"column":101}},"444":{"start":{"line":747,"column":12},"end":{"line":747,"column":126}},"445":{"start":{"line":748,"column":12},"end":{"line":748,"column":113}},"446":{"start":{"line":748,"column":30},"end":{"line":748,"column":113}},"447":{"start":{"line":749,"column":12},"end":{"line":749,"column":71}},"448":{"start":{"line":749,"column":29},"end":{"line":749,"column":71}},"449":{"start":{"line":755,"column":4},"end":{"line":755,"column":19}},"450":{"start":{"line":763,"column":27},"end":{"line":763,"column":70}},"451":{"start":{"line":764,"column":4},"end":{"line":764,"column":74}},"452":{"start":{"line":764,"column":62},"end":{"line":764,"column":74}},"453":{"start":{"line":765,"column":18},"end":{"line":765,"column":45}},"454":{"start":{"line":766,"column":4},"end":{"line":766,"column":20}},"455":{"start":{"line":770,"column":15},"end":{"line":770,"column":55}},"456":{"start":{"line":771,"column":4},"end":{"line":771,"column":41}},"457":{"start":{"line":772,"column":4},"end":{"line":772,"column":69}},"458":{"start":{"line":776,"column":4},"end":{"line":776,"column":59}},"459":{"start":{"line":780,"column":4},"end":{"line":791,"column":5}},"460":{"start":{"line":781,"column":6},"end":{"line":788,"column":7}},"461":{"start":{"line":782,"column":8},"end":{"line":782,"column":60}},"462":{"start":{"line":783,"column":18},"end":{"line":783,"column":43}},"463":{"start":{"line":784,"column":8},"end":{"line":784,"column":31}},"464":{"start":{"line":785,"column":8},"end":{"line":785,"column":31}},"465":{"start":{"line":790,"column":6},"end":{"line":790,"column":34}},"466":{"start":{"line":796,"column":30},"end":{"line":796,"column":35}},"467":{"start":{"line":797,"column":4},"end":{"line":905,"column":5}},"468":{"start":{"line":798,"column":6},"end":{"line":798,"column":87}},"469":{"start":{"line":798,"column":75},"end":{"line":798,"column":87}},"470":{"start":{"line":799,"column":6},"end":{"line":802,"column":7}},"471":{"start":{"line":800,"column":8},"end":{"line":800,"column":63}},"472":{"start":{"line":801,"column":8},"end":{"line":801,"column":20}},"473":{"start":{"line":803,"column":16},"end":{"line":803,"column":40}},"474":{"start":{"line":804,"column":6},"end":{"line":898,"column":7}},"475":{"start":{"line":805,"column":8},"end":{"line":881,"column":9}},"476":{"start":{"line":805,"column":21},"end":{"line":805,"column":22}},"477":{"start":{"line":806,"column":10},"end":{"line":880,"column":11}},"478":{"start":{"line":807,"column":23},"end":{"line":807,"column":98}},"479":{"start":{"line":809,"column":12},"end":{"line":809,"column":54}},"480":{"start":{"line":810,"column":12},"end":{"line":810,"column":55}},"481":{"start":{"line":811,"column":12},"end":{"line":811,"column":61}},"482":{"start":{"line":815,"column":38},"end":{"line":815,"column":108}},"483":{"start":{"line":816,"column":34},"end":{"line":816,"column":93}},"484":{"start":{"line":817,"column":35},"end":{"line":817,"column":96}},"485":{"start":{"line":819,"column":12},"end":{"line":879,"column":13}},"486":{"start":{"line":820,"column":42},"end":{"line":820,"column":82}},"487":{"start":{"line":821,"column":14},"end":{"line":821,"column":39}},"488":{"start":{"line":822,"column":14},"end":{"line":822,"column":60}},"489":{"start":{"line":823,"column":14},"end":{"line":823,"column":49}},"490":{"start":{"line":824,"column":14},"end":{"line":824,"column":80}},"491":{"start":{"line":825,"column":14},"end":{"line":825,"column":39}},"492":{"start":{"line":826,"column":14},"end":{"line":878,"column":15}},"493":{"start":{"line":827,"column":16},"end":{"line":827,"column":43}},"494":{"start":{"line":829,"column":16},"end":{"line":829,"column":127}},"495":{"start":{"line":831,"column":16},"end":{"line":831,"column":41}},"496":{"start":{"line":833,"column":37},"end":{"line":833,"column":59}},"497":{"start":{"line":834,"column":16},"end":{"line":877,"column":19}},"498":{"start":{"line":835,"column":30},"end":{"line":835,"column":71}},"499":{"start":{"line":836,"column":18},"end":{"line":876,"column":19}},"500":{"start":{"line":837,"column":36},"end":{"line":837,"column":48}},"501":{"start":{"line":840,"column":20},"end":{"line":840,"column":212}},"502":{"start":{"line":840,"column":48},"end":{"line":840,"column":104}},"503":{"start":{"line":840,"column":111},"end":{"line":840,"column":212}},"504":{"start":{"line":840,"column":136},"end":{"line":840,"column":211}},"505":{"start":{"line":842,"column":20},"end":{"line":842,"column":52}},"506":{"start":{"line":843,"column":20},"end":{"line":875,"column":21}},"507":{"start":{"line":845,"column":41},"end":{"line":845,"column":69}},"508":{"start":{"line":846,"column":37},"end":{"line":846,"column":53}},"509":{"start":{"line":847,"column":38},"end":{"line":847,"column":91}},"510":{"start":{"line":848,"column":41},"end":{"line":848,"column":64}},"511":{"start":{"line":849,"column":53},"end":{"line":849,"column":103}},"512":{"start":{"line":851,"column":22},"end":{"line":859,"column":23}},"513":{"start":{"line":854,"column":24},"end":{"line":854,"column":109}},"514":{"start":{"line":858,"column":24},"end":{"line":858,"column":67}},"515":{"start":{"line":861,"column":38},"end":{"line":861,"column":69}},"516":{"start":{"line":862,"column":38},"end":{"line":862,"column":77}},"517":{"start":{"line":864,"column":22},"end":{"line":864,"column":65}},"518":{"start":{"line":865,"column":37},"end":{"line":865,"column":87}},"519":{"start":{"line":866,"column":37},"end":{"line":866,"column":87}},"520":{"start":{"line":867,"column":22},"end":{"line":867,"column":56}},"521":{"start":{"line":868,"column":22},"end":{"line":868,"column":56}},"522":{"start":{"line":869,"column":22},"end":{"line":869,"column":53}},"523":{"start":{"line":870,"column":22},"end":{"line":870,"column":48}},"524":{"start":{"line":883,"column":8},"end":{"line":897,"column":11}},"525":{"start":{"line":884,"column":24},"end":{"line":884,"column":47}},"526":{"start":{"line":885,"column":20},"end":{"line":885,"column":36}},"527":{"start":{"line":886,"column":10},"end":{"line":886,"column":25}},"528":{"start":{"line":887,"column":22},"end":{"line":887,"column":48}},"529":{"start":{"line":888,"column":26},"end":{"line":888,"column":45}},"530":{"start":{"line":889,"column":10},"end":{"line":893,"column":11}},"531":{"start":{"line":890,"column":12},"end":{"line":890,"column":65}},"532":{"start":{"line":891,"column":17},"end":{"line":893,"column":11}},"533":{"start":{"line":892,"column":12},"end":{"line":892,"column":66}},"534":{"start":{"line":894,"column":10},"end":{"line":894,"column":27}},"535":{"start":{"line":896,"column":10},"end":{"line":896,"column":82}},"536":{"start":{"line":896,"column":48},"end":{"line":896,"column":78}},"537":{"start":{"line":899,"column":6},"end":{"line":903,"column":48}},"538":{"start":{"line":900,"column":20},"end":{"line":900,"column":38}},"539":{"start":{"line":901,"column":8},"end":{"line":901,"column":52}},"540":{"start":{"line":902,"column":8},"end":{"line":902,"column":91}},"541":{"start":{"line":903,"column":23},"end":{"line":903,"column":48}},"542":{"start":{"line":904,"column":6},"end":{"line":904,"column":36}},"543":{"start":{"line":906,"column":4},"end":{"line":906,"column":16}},"544":{"start":{"line":912,"column":4},"end":{"line":912,"column":133}},"545":{"start":{"line":912,"column":126},"end":{"line":912,"column":133}},"546":{"start":{"line":914,"column":27},"end":{"line":914,"column":29}},"547":{"start":{"line":915,"column":4},"end":{"line":915,"column":56}},"548":{"start":{"line":916,"column":4},"end":{"line":916,"column":63}},"549":{"start":{"line":917,"column":4},"end":{"line":917,"column":68}},"550":{"start":{"line":920,"column":4},"end":{"line":920,"column":85}},"551":{"start":{"line":921,"column":17},"end":{"line":921,"column":22}},"552":{"start":{"line":922,"column":4},"end":{"line":922,"column":102}},"553":{"start":{"line":922,"column":38},"end":{"line":922,"column":84}},"554":{"start":{"line":922,"column":85},"end":{"line":922,"column":101}},"555":{"start":{"line":923,"column":4},"end":{"line":932,"column":7}},"556":{"start":{"line":937,"column":4},"end":{"line":937,"column":48}},"557":{"start":{"line":939,"column":4},"end":{"line":939,"column":27}},"558":{"start":{"line":940,"column":4},"end":{"line":940,"column":23}},"559":{"start":{"line":945,"column":16},"end":{"line":945,"column":70}},"560":{"start":{"line":949,"column":4},"end":{"line":951,"column":5}},"561":{"start":{"line":949,"column":17},"end":{"line":949,"column":18}},"562":{"start":{"line":950,"column":6},"end":{"line":950,"column":26}},"563":{"start":{"line":955,"column":13},"end":{"line":955,"column":25}},"564":{"start":{"line":956,"column":4},"end":{"line":963,"column":5}},"565":{"start":{"line":957,"column":22},"end":{"line":957,"column":42}},"566":{"start":{"line":958,"column":6},"end":{"line":962,"column":7}},"567":{"start":{"line":959,"column":8},"end":{"line":961,"column":9}},"568":{"start":{"line":960,"column":10},"end":{"line":960,"column":129}},"569":{"start":{"line":964,"column":4},"end":{"line":964,"column":52}},"570":{"start":{"line":965,"column":4},"end":{"line":965,"column":14}}},"fnMap":{"0":{"name":"(anonymous_0)","decl":{"start":{"line":9,"column":26},"end":{"line":9,"column":27}},"loc":{"start":{"line":9,"column":37},"end":{"line":19,"column":1}},"line":9},"1":{"name":"(anonymous_1)","decl":{"start":{"line":23,"column":32},"end":{"line":23,"column":33}},"loc":{"start":{"line":23,"column":46},"end":{"line":25,"column":3}},"line":23},"2":{"name":"(anonymous_2)","decl":{"start":{"line":28,"column":28},"end":{"line":28,"column":29}},"loc":{"start":{"line":28,"column":45},"end":{"line":30,"column":1}},"line":28},"3":{"name":"(anonymous_3)","decl":{"start":{"line":32,"column":27},"end":{"line":32,"column":28}},"loc":{"start":{"line":32,"column":42},"end":{"line":34,"column":1}},"line":32},"4":{"name":"(anonymous_4)","decl":{"start":{"line":36,"column":28},"end":{"line":36,"column":29}},"loc":{"start":{"line":36,"column":42},"end":{"line":38,"column":1}},"line":36},"5":{"name":"(anonymous_5)","decl":{"start":{"line":42,"column":2},"end":{"line":42,"column":3}},"loc":{"start":{"line":42,"column":26},"end":{"line":76,"column":3}},"line":42},"6":{"name":"(anonymous_6)","decl":{"start":{"line":78,"column":2},"end":{"line":78,"column":3}},"loc":{"start":{"line":78,"column":26},"end":{"line":80,"column":3}},"line":78},"7":{"name":"(anonymous_7)","decl":{"start":{"line":82,"column":2},"end":{"line":82,"column":3}},"loc":{"start":{"line":82,"column":29},"end":{"line":84,"column":3}},"line":82},"8":{"name":"(anonymous_8)","decl":{"start":{"line":86,"column":2},"end":{"line":86,"column":3}},"loc":{"start":{"line":86,"column":26},"end":{"line":92,"column":3}},"line":86},"9":{"name":"(anonymous_9)","decl":{"start":{"line":94,"column":2},"end":{"line":94,"column":3}},"loc":{"start":{"line":94,"column":21},"end":{"line":100,"column":3}},"line":94},"10":{"name":"(anonymous_10)","decl":{"start":{"line":102,"column":2},"end":{"line":102,"column":3}},"loc":{"start":{"line":102,"column":32},"end":{"line":108,"column":3}},"line":102},"11":{"name":"(anonymous_11)","decl":{"start":{"line":110,"column":2},"end":{"line":110,"column":3}},"loc":{"start":{"line":110,"column":26},"end":{"line":114,"column":3}},"line":110},"12":{"name":"(anonymous_12)","decl":{"start":{"line":116,"column":2},"end":{"line":116,"column":3}},"loc":{"start":{"line":116,"column":31},"end":{"line":127,"column":3}},"line":116},"13":{"name":"(anonymous_13)","decl":{"start":{"line":132,"column":2},"end":{"line":132,"column":3}},"loc":{"start":{"line":132,"column":23},"end":{"line":138,"column":3}},"line":132},"14":{"name":"(anonymous_14)","decl":{"start":{"line":145,"column":2},"end":{"line":145,"column":3}},"loc":{"start":{"line":145,"column":29},"end":{"line":154,"column":3}},"line":145},"15":{"name":"(anonymous_15)","decl":{"start":{"line":163,"column":2},"end":{"line":163,"column":3}},"loc":{"start":{"line":163,"column":14},"end":{"line":165,"column":3}},"line":163},"16":{"name":"(anonymous_16)","decl":{"start":{"line":164,"column":30},"end":{"line":164,"column":31}},"loc":{"start":{"line":164,"column":45},"end":{"line":164,"column":100}},"line":164},"17":{"name":"(anonymous_17)","decl":{"start":{"line":167,"column":2},"end":{"line":167,"column":3}},"loc":{"start":{"line":167,"column":56},"end":{"line":178,"column":3}},"line":167},"18":{"name":"(anonymous_18)","decl":{"start":{"line":180,"column":2},"end":{"line":180,"column":3}},"loc":{"start":{"line":180,"column":32},"end":{"line":203,"column":3}},"line":180},"19":{"name":"(anonymous_19)","decl":{"start":{"line":205,"column":2},"end":{"line":205,"column":3}},"loc":{"start":{"line":205,"column":19},"end":{"line":233,"column":3}},"line":205},"20":{"name":"(anonymous_20)","decl":{"start":{"line":235,"column":2},"end":{"line":235,"column":3}},"loc":{"start":{"line":235,"column":43},"end":{"line":243,"column":3}},"line":235},"21":{"name":"(anonymous_21)","decl":{"start":{"line":245,"column":2},"end":{"line":245,"column":3}},"loc":{"start":{"line":245,"column":45},"end":{"line":253,"column":3}},"line":245},"22":{"name":"(anonymous_22)","decl":{"start":{"line":259,"column":2},"end":{"line":259,"column":3}},"loc":{"start":{"line":259,"column":57},"end":{"line":286,"column":3}},"line":259},"23":{"name":"(anonymous_23)","decl":{"start":{"line":294,"column":2},"end":{"line":294,"column":3}},"loc":{"start":{"line":294,"column":59},"end":{"line":328,"column":3}},"line":294},"24":{"name":"(anonymous_24)","decl":{"start":{"line":331,"column":2},"end":{"line":331,"column":3}},"loc":{"start":{"line":331,"column":26},"end":{"line":343,"column":3}},"line":331},"25":{"name":"(anonymous_25)","decl":{"start":{"line":346,"column":2},"end":{"line":346,"column":3}},"loc":{"start":{"line":346,"column":22},"end":{"line":364,"column":3}},"line":346},"26":{"name":"(anonymous_26)","decl":{"start":{"line":367,"column":2},"end":{"line":367,"column":3}},"loc":{"start":{"line":367,"column":16},"end":{"line":378,"column":3}},"line":367},"27":{"name":"(anonymous_27)","decl":{"start":{"line":382,"column":2},"end":{"line":382,"column":3}},"loc":{"start":{"line":382,"column":21},"end":{"line":388,"column":3}},"line":382},"28":{"name":"(anonymous_28)","decl":{"start":{"line":390,"column":2},"end":{"line":390,"column":3}},"loc":{"start":{"line":390,"column":17},"end":{"line":395,"column":3}},"line":390},"29":{"name":"(anonymous_29)","decl":{"start":{"line":398,"column":2},"end":{"line":398,"column":3}},"loc":{"start":{"line":398,"column":31},"end":{"line":407,"column":3}},"line":398},"30":{"name":"(anonymous_30)","decl":{"start":{"line":409,"column":2},"end":{"line":409,"column":3}},"loc":{"start":{"line":409,"column":37},"end":{"line":428,"column":3}},"line":409},"31":{"name":"(anonymous_31)","decl":{"start":{"line":431,"column":2},"end":{"line":431,"column":3}},"loc":{"start":{"line":431,"column":21},"end":{"line":440,"column":3}},"line":431},"32":{"name":"(anonymous_32)","decl":{"start":{"line":442,"column":2},"end":{"line":442,"column":3}},"loc":{"start":{"line":442,"column":18},"end":{"line":461,"column":3}},"line":442},"33":{"name":"(anonymous_33)","decl":{"start":{"line":443,"column":52},"end":{"line":443,"column":53}},"loc":{"start":{"line":443,"column":67},"end":{"line":460,"column":5}},"line":443},"34":{"name":"(anonymous_34)","decl":{"start":{"line":447,"column":34},"end":{"line":447,"column":35}},"loc":{"start":{"line":447,"column":49},"end":{"line":457,"column":7}},"line":447},"35":{"name":"(anonymous_35)","decl":{"start":{"line":463,"column":2},"end":{"line":463,"column":3}},"loc":{"start":{"line":463,"column":26},"end":{"line":511,"column":3}},"line":463},"36":{"name":"(anonymous_36)","decl":{"start":{"line":513,"column":2},"end":{"line":513,"column":3}},"loc":{"start":{"line":513,"column":21},"end":{"line":515,"column":3}},"line":513},"37":{"name":"(anonymous_37)","decl":{"start":{"line":518,"column":2},"end":{"line":518,"column":3}},"loc":{"start":{"line":518,"column":12},"end":{"line":528,"column":3}},"line":518},"38":{"name":"(anonymous_38)","decl":{"start":{"line":540,"column":2},"end":{"line":540,"column":3}},"loc":{"start":{"line":540,"column":27},"end":{"line":560,"column":3}},"line":540},"39":{"name":"(anonymous_39)","decl":{"start":{"line":562,"column":2},"end":{"line":562,"column":3}},"loc":{"start":{"line":562,"column":54},"end":{"line":586,"column":3}},"line":562},"40":{"name":"(anonymous_40)","decl":{"start":{"line":588,"column":2},"end":{"line":588,"column":3}},"loc":{"start":{"line":588,"column":33},"end":{"line":595,"column":3}},"line":588},"41":{"name":"(anonymous_41)","decl":{"start":{"line":601,"column":2},"end":{"line":601,"column":3}},"loc":{"start":{"line":601,"column":91},"end":{"line":621,"column":3}},"line":601},"42":{"name":"(anonymous_42)","decl":{"start":{"line":606,"column":81},"end":{"line":606,"column":82}},"loc":{"start":{"line":606,"column":101},"end":{"line":611,"column":7}},"line":606},"43":{"name":"(anonymous_43)","decl":{"start":{"line":612,"column":13},"end":{"line":612,"column":14}},"loc":{"start":{"line":612,"column":33},"end":{"line":617,"column":7}},"line":612},"44":{"name":"(anonymous_44)","decl":{"start":{"line":623,"column":2},"end":{"line":623,"column":3}},"loc":{"start":{"line":623,"column":86},"end":{"line":645,"column":3}},"line":623},"45":{"name":"(anonymous_45)","decl":{"start":{"line":630,"column":81},"end":{"line":630,"column":82}},"loc":{"start":{"line":630,"column":101},"end":{"line":634,"column":7}},"line":630},"46":{"name":"(anonymous_46)","decl":{"start":{"line":635,"column":13},"end":{"line":635,"column":14}},"loc":{"start":{"line":635,"column":33},"end":{"line":640,"column":7}},"line":635},"47":{"name":"(anonymous_47)","decl":{"start":{"line":647,"column":2},"end":{"line":647,"column":3}},"loc":{"start":{"line":647,"column":14},"end":{"line":657,"column":3}},"line":647},"48":{"name":"(anonymous_48)","decl":{"start":{"line":659,"column":2},"end":{"line":659,"column":3}},"loc":{"start":{"line":659,"column":15},"end":{"line":669,"column":3}},"line":659},"49":{"name":"(anonymous_49)","decl":{"start":{"line":672,"column":2},"end":{"line":672,"column":3}},"loc":{"start":{"line":672,"column":13},"end":{"line":707,"column":3}},"line":672},"50":{"name":"(anonymous_50)","decl":{"start":{"line":709,"column":2},"end":{"line":709,"column":3}},"loc":{"start":{"line":709,"column":52},"end":{"line":714,"column":3}},"line":709},"51":{"name":"(anonymous_51)","decl":{"start":{"line":717,"column":2},"end":{"line":717,"column":3}},"loc":{"start":{"line":717,"column":14},"end":{"line":721,"column":3}},"line":717},"52":{"name":"(anonymous_52)","decl":{"start":{"line":724,"column":2},"end":{"line":724,"column":3}},"loc":{"start":{"line":724,"column":21},"end":{"line":728,"column":3}},"line":724},"53":{"name":"(anonymous_53)","decl":{"start":{"line":731,"column":2},"end":{"line":731,"column":3}},"loc":{"start":{"line":731,"column":25},"end":{"line":756,"column":3}},"line":731},"54":{"name":"(anonymous_54)","decl":{"start":{"line":760,"column":2},"end":{"line":760,"column":3}},"loc":{"start":{"line":760,"column":17},"end":{"line":767,"column":3}},"line":760},"55":{"name":"(anonymous_55)","decl":{"start":{"line":769,"column":2},"end":{"line":769,"column":3}},"loc":{"start":{"line":769,"column":25},"end":{"line":773,"column":3}},"line":769},"56":{"name":"(anonymous_56)","decl":{"start":{"line":775,"column":2},"end":{"line":775,"column":3}},"loc":{"start":{"line":775,"column":20},"end":{"line":777,"column":3}},"line":775},"57":{"name":"(anonymous_57)","decl":{"start":{"line":779,"column":2},"end":{"line":779,"column":3}},"loc":{"start":{"line":779,"column":17},"end":{"line":792,"column":3}},"line":779},"58":{"name":"(anonymous_58)","decl":{"start":{"line":795,"column":2},"end":{"line":795,"column":3}},"loc":{"start":{"line":795,"column":23},"end":{"line":907,"column":3}},"line":795},"59":{"name":"(anonymous_59)","decl":{"start":{"line":834,"column":39},"end":{"line":834,"column":40}},"loc":{"start":{"line":834,"column":59},"end":{"line":877,"column":17}},"line":834},"60":{"name":"(anonymous_60)","decl":{"start":{"line":883,"column":28},"end":{"line":883,"column":29}},"loc":{"start":{"line":883,"column":39},"end":{"line":895,"column":9}},"line":883},"61":{"name":"(anonymous_61)","decl":{"start":{"line":895,"column":11},"end":{"line":895,"column":12}},"loc":{"start":{"line":895,"column":22},"end":{"line":897,"column":9}},"line":895},"62":{"name":"(anonymous_62)","decl":{"start":{"line":896,"column":35},"end":{"line":896,"column":36}},"loc":{"start":{"line":896,"column":46},"end":{"line":896,"column":80}},"line":896},"63":{"name":"(anonymous_63)","decl":{"start":{"line":911,"column":2},"end":{"line":911,"column":3}},"loc":{"start":{"line":911,"column":14},"end":{"line":934,"column":3}},"line":911},"64":{"name":"(anonymous_64)","decl":{"start":{"line":936,"column":2},"end":{"line":936,"column":3}},"loc":{"start":{"line":936,"column":26},"end":{"line":941,"column":3}},"line":936},"65":{"name":"(anonymous_65)","decl":{"start":{"line":943,"column":2},"end":{"line":943,"column":3}},"loc":{"start":{"line":943,"column":20},"end":{"line":952,"column":3}},"line":943},"66":{"name":"(anonymous_66)","decl":{"start":{"line":954,"column":2},"end":{"line":954,"column":3}},"loc":{"start":{"line":954,"column":16},"end":{"line":966,"column":3}},"line":954}},"branchMap":{"0":{"loc":{"start":{"line":11,"column":2},"end":{"line":11,"column":26}},"type":"if","locations":[{"start":{"line":11,"column":2},"end":{"line":11,"column":26}},{"start":{"line":11,"column":2},"end":{"line":11,"column":26}}],"line":11},"1":{"loc":{"start":{"line":22,"column":0},"end":{"line":26,"column":1}},"type":"if","locations":[{"start":{"line":22,"column":0},"end":{"line":26,"column":1}},{"start":{"line":22,"column":0},"end":{"line":26,"column":1}}],"line":22},"2":{"loc":{"start":{"line":96,"column":4},"end":{"line":96,"column":55}},"type":"if","locations":[{"start":{"line":96,"column":4},"end":{"line":96,"column":55}},{"start":{"line":96,"column":4},"end":{"line":96,"column":55}}],"line":96},"3":{"loc":{"start":{"line":98,"column":4},"end":{"line":98,"column":45}},"type":"if","locations":[{"start":{"line":98,"column":4},"end":{"line":98,"column":45}},{"start":{"line":98,"column":4},"end":{"line":98,"column":45}}],"line":98},"4":{"loc":{"start":{"line":106,"column":4},"end":{"line":106,"column":34}},"type":"if","locations":[{"start":{"line":106,"column":4},"end":{"line":106,"column":34}},{"start":{"line":106,"column":4},"end":{"line":106,"column":34}}],"line":106},"5":{"loc":{"start":{"line":173,"column":6},"end":{"line":173,"column":72}},"type":"if","locations":[{"start":{"line":173,"column":6},"end":{"line":173,"column":72}},{"start":{"line":173,"column":6},"end":{"line":173,"column":72}}],"line":173},"6":{"loc":{"start":{"line":173,"column":10},"end":{"line":173,"column":47}},"type":"binary-expr","locations":[{"start":{"line":173,"column":10},"end":{"line":173,"column":27}},{"start":{"line":173,"column":31},"end":{"line":173,"column":47}}],"line":173},"7":{"loc":{"start":{"line":174,"column":6},"end":{"line":174,"column":577}},"type":"if","locations":[{"start":{"line":174,"column":6},"end":{"line":174,"column":577}},{"start":{"line":174,"column":6},"end":{"line":174,"column":577}}],"line":174},"8":{"loc":{"start":{"line":182,"column":23},"end":{"line":182,"column":101}},"type":"binary-expr","locations":[{"start":{"line":182,"column":23},"end":{"line":182,"column":64}},{"start":{"line":182,"column":68},"end":{"line":182,"column":101}}],"line":182},"9":{"loc":{"start":{"line":184,"column":24},"end":{"line":184,"column":82}},"type":"if","locations":[{"start":{"line":184,"column":24},"end":{"line":184,"column":82}},{"start":{"line":184,"column":24},"end":{"line":184,"column":82}}],"line":184},"10":{"loc":{"start":{"line":184,"column":28},"end":{"line":184,"column":62}},"type":"binary-expr","locations":[{"start":{"line":184,"column":28},"end":{"line":184,"column":40}},{"start":{"line":184,"column":44},"end":{"line":184,"column":62}}],"line":184},"11":{"loc":{"start":{"line":187,"column":4},"end":{"line":198,"column":5}},"type":"if","locations":[{"start":{"line":187,"column":4},"end":{"line":198,"column":5}},{"start":{"line":187,"column":4},"end":{"line":198,"column":5}}],"line":187},"12":{"loc":{"start":{"line":189,"column":6},"end":{"line":197,"column":7}},"type":"if","locations":[{"start":{"line":189,"column":6},"end":{"line":197,"column":7}},{"start":{"line":189,"column":6},"end":{"line":197,"column":7}}],"line":189},"13":{"loc":{"start":{"line":207,"column":4},"end":{"line":207,"column":50}},"type":"if","locations":[{"start":{"line":207,"column":4},"end":{"line":207,"column":50}},{"start":{"line":207,"column":4},"end":{"line":207,"column":50}}],"line":207},"14":{"loc":{"start":{"line":212,"column":6},"end":{"line":229,"column":7}},"type":"if","locations":[{"start":{"line":212,"column":6},"end":{"line":229,"column":7}},{"start":{"line":212,"column":6},"end":{"line":229,"column":7}}],"line":212},"15":{"loc":{"start":{"line":214,"column":8},"end":{"line":220,"column":9}},"type":"if","locations":[{"start":{"line":214,"column":8},"end":{"line":220,"column":9}},{"start":{"line":214,"column":8},"end":{"line":220,"column":9}}],"line":214},"16":{"loc":{"start":{"line":215,"column":13},"end":{"line":220,"column":9}},"type":"if","locations":[{"start":{"line":215,"column":13},"end":{"line":220,"column":9}},{"start":{"line":215,"column":13},"end":{"line":220,"column":9}}],"line":215},"17":{"loc":{"start":{"line":216,"column":10},"end":{"line":216,"column":68}},"type":"if","locations":[{"start":{"line":216,"column":10},"end":{"line":216,"column":68}},{"start":{"line":216,"column":10},"end":{"line":216,"column":68}}],"line":216},"18":{"loc":{"start":{"line":222,"column":8},"end":{"line":228,"column":9}},"type":"if","locations":[{"start":{"line":222,"column":8},"end":{"line":228,"column":9}},{"start":{"line":222,"column":8},"end":{"line":228,"column":9}}],"line":222},"19":{"loc":{"start":{"line":231,"column":4},"end":{"line":231,"column":62}},"type":"if","locations":[{"start":{"line":231,"column":4},"end":{"line":231,"column":62}},{"start":{"line":231,"column":4},"end":{"line":231,"column":62}}],"line":231},"20":{"loc":{"start":{"line":236,"column":4},"end":{"line":241,"column":5}},"type":"if","locations":[{"start":{"line":236,"column":4},"end":{"line":241,"column":5}},{"start":{"line":236,"column":4},"end":{"line":241,"column":5}}],"line":236},"21":{"loc":{"start":{"line":236,"column":8},"end":{"line":236,"column":43}},"type":"binary-expr","locations":[{"start":{"line":236,"column":8},"end":{"line":236,"column":20}},{"start":{"line":236,"column":24},"end":{"line":236,"column":43}}],"line":236},"22":{"loc":{"start":{"line":246,"column":4},"end":{"line":251,"column":5}},"type":"if","locations":[{"start":{"line":246,"column":4},"end":{"line":251,"column":5}},{"start":{"line":246,"column":4},"end":{"line":251,"column":5}}],"line":246},"23":{"loc":{"start":{"line":246,"column":8},"end":{"line":246,"column":43}},"type":"binary-expr","locations":[{"start":{"line":246,"column":8},"end":{"line":246,"column":20}},{"start":{"line":246,"column":24},"end":{"line":246,"column":43}}],"line":246},"24":{"loc":{"start":{"line":259,"column":41},"end":{"line":259,"column":55}},"type":"default-arg","locations":[{"start":{"line":259,"column":53},"end":{"line":259,"column":55}}],"line":259},"25":{"loc":{"start":{"line":294,"column":43},"end":{"line":294,"column":57}},"type":"default-arg","locations":[{"start":{"line":294,"column":55},"end":{"line":294,"column":57}}],"line":294},"26":{"loc":{"start":{"line":306,"column":4},"end":{"line":324,"column":5}},"type":"if","locations":[{"start":{"line":306,"column":4},"end":{"line":324,"column":5}},{"start":{"line":306,"column":4},"end":{"line":324,"column":5}}],"line":306},"27":{"loc":{"start":{"line":334,"column":4},"end":{"line":334,"column":72}},"type":"if","locations":[{"start":{"line":334,"column":4},"end":{"line":334,"column":72}},{"start":{"line":334,"column":4},"end":{"line":334,"column":72}}],"line":334},"28":{"loc":{"start":{"line":347,"column":24},"end":{"line":347,"column":82}},"type":"if","locations":[{"start":{"line":347,"column":24},"end":{"line":347,"column":82}},{"start":{"line":347,"column":24},"end":{"line":347,"column":82}}],"line":347},"29":{"loc":{"start":{"line":347,"column":28},"end":{"line":347,"column":62}},"type":"binary-expr","locations":[{"start":{"line":347,"column":28},"end":{"line":347,"column":40}},{"start":{"line":347,"column":44},"end":{"line":347,"column":62}}],"line":347},"30":{"loc":{"start":{"line":348,"column":4},"end":{"line":349,"column":86}},"type":"if","locations":[{"start":{"line":348,"column":4},"end":{"line":349,"column":86}},{"start":{"line":348,"column":4},"end":{"line":349,"column":86}}],"line":348},"31":{"loc":{"start":{"line":351,"column":4},"end":{"line":362,"column":5}},"type":"if","locations":[{"start":{"line":351,"column":4},"end":{"line":362,"column":5}},{"start":{"line":351,"column":4},"end":{"line":362,"column":5}}],"line":351},"32":{"loc":{"start":{"line":352,"column":6},"end":{"line":361,"column":7}},"type":"if","locations":[{"start":{"line":352,"column":6},"end":{"line":361,"column":7}},{"start":{"line":352,"column":6},"end":{"line":361,"column":7}}],"line":352},"33":{"loc":{"start":{"line":358,"column":8},"end":{"line":359,"column":90}},"type":"if","locations":[{"start":{"line":358,"column":8},"end":{"line":359,"column":90}},{"start":{"line":358,"column":8},"end":{"line":359,"column":90}}],"line":358},"34":{"loc":{"start":{"line":368,"column":4},"end":{"line":377,"column":5}},"type":"if","locations":[{"start":{"line":368,"column":4},"end":{"line":377,"column":5}},{"start":{"line":368,"column":4},"end":{"line":377,"column":5}}],"line":368},"35":{"loc":{"start":{"line":373,"column":6},"end":{"line":376,"column":7}},"type":"if","locations":[{"start":{"line":373,"column":6},"end":{"line":376,"column":7}},{"start":{"line":373,"column":6},"end":{"line":376,"column":7}}],"line":373},"36":{"loc":{"start":{"line":383,"column":4},"end":{"line":387,"column":5}},"type":"if","locations":[{"start":{"line":383,"column":4},"end":{"line":387,"column":5}},{"start":{"line":383,"column":4},"end":{"line":387,"column":5}}],"line":383},"37":{"loc":{"start":{"line":391,"column":4},"end":{"line":394,"column":5}},"type":"if","locations":[{"start":{"line":391,"column":4},"end":{"line":394,"column":5}},{"start":{"line":391,"column":4},"end":{"line":394,"column":5}}],"line":391},"38":{"loc":{"start":{"line":412,"column":4},"end":{"line":413,"column":82}},"type":"if","locations":[{"start":{"line":412,"column":4},"end":{"line":413,"column":82}},{"start":{"line":412,"column":4},"end":{"line":413,"column":82}}],"line":412},"39":{"loc":{"start":{"line":414,"column":4},"end":{"line":415,"column":92}},"type":"if","locations":[{"start":{"line":414,"column":4},"end":{"line":415,"column":92}},{"start":{"line":414,"column":4},"end":{"line":415,"column":92}}],"line":414},"40":{"loc":{"start":{"line":416,"column":4},"end":{"line":416,"column":128}},"type":"if","locations":[{"start":{"line":416,"column":4},"end":{"line":416,"column":128}},{"start":{"line":416,"column":4},"end":{"line":416,"column":128}}],"line":416},"41":{"loc":{"start":{"line":417,"column":4},"end":{"line":417,"column":121}},"type":"if","locations":[{"start":{"line":417,"column":4},"end":{"line":417,"column":121}},{"start":{"line":417,"column":4},"end":{"line":417,"column":121}}],"line":417},"42":{"loc":{"start":{"line":418,"column":4},"end":{"line":424,"column":5}},"type":"if","locations":[{"start":{"line":418,"column":4},"end":{"line":424,"column":5}},{"start":{"line":418,"column":4},"end":{"line":424,"column":5}}],"line":418},"43":{"loc":{"start":{"line":433,"column":4},"end":{"line":433,"column":65}},"type":"if","locations":[{"start":{"line":433,"column":4},"end":{"line":433,"column":65}},{"start":{"line":433,"column":4},"end":{"line":433,"column":65}}],"line":433},"44":{"loc":{"start":{"line":434,"column":4},"end":{"line":434,"column":65}},"type":"if","locations":[{"start":{"line":434,"column":4},"end":{"line":434,"column":65}},{"start":{"line":434,"column":4},"end":{"line":434,"column":65}}],"line":434},"45":{"loc":{"start":{"line":435,"column":4},"end":{"line":435,"column":61}},"type":"if","locations":[{"start":{"line":435,"column":4},"end":{"line":435,"column":61}},{"start":{"line":435,"column":4},"end":{"line":435,"column":61}}],"line":435},"46":{"loc":{"start":{"line":436,"column":4},"end":{"line":439,"column":5}},"type":"if","locations":[{"start":{"line":436,"column":4},"end":{"line":439,"column":5}},{"start":{"line":436,"column":4},"end":{"line":439,"column":5}}],"line":436},"47":{"loc":{"start":{"line":438,"column":6},"end":{"line":438,"column":50}},"type":"if","locations":[{"start":{"line":438,"column":6},"end":{"line":438,"column":50}},{"start":{"line":438,"column":6},"end":{"line":438,"column":50}}],"line":438},"48":{"loc":{"start":{"line":451,"column":8},"end":{"line":451,"column":79}},"type":"if","locations":[{"start":{"line":451,"column":8},"end":{"line":451,"column":79}},{"start":{"line":451,"column":8},"end":{"line":451,"column":79}}],"line":451},"49":{"loc":{"start":{"line":452,"column":8},"end":{"line":452,"column":93}},"type":"if","locations":[{"start":{"line"
[...]
column":11},"end":{"line":33,"column":26}},"21":{"start":{"line":33,"column":27},"end":{"line":33,"column":49}},"22":{"start":{"line":35,"column":4},"end":{"line":35,"column":39}},"23":{"start":{"line":35,"column":22},"end":{"line":35,"column":39}},"24":{"start":{"line":36,"column":4},"end":{"line":36,"column":103}},"25":{"start":{"line":45,"column":4},"end":{"line":45,"column":103}},"26":{"start":{"line":46,"column":4},"end":{"line":84,"column":9}},"27":{"start":{"line":48,"column":8},"end":{"line":48,"column":27}},"28":{"start":{"line":49,"column":8},"end":{"line":83,"column":9}},"29":{"start":{"line":50,"column":10},"end":{"line":50,"column":25}},"30":{"start":{"line":51,"column":10},"end":{"line":51,"column":31}},"31":{"start":{"line":52,"column":10},"end":{"line":52,"column":31}},"32":{"start":{"line":54,"column":10},"end":{"line":65,"column":15}},"33":{"start":{"line":56,"column":14},"end":{"line":56,"column":48}},"34":{"start":{"line":57,"column":14},"end":{"line":57,"column":47}},"35":{"start":{"line":58,"column":14},"end":{"line":58,"column":37}},"36":{"start":{"line":59,"column":14},"end":{"line":59,"column":40}},"37":{"start":{"line":60,"column":14},"end":{"line":60,"column":48}},"38":{"start":{"line":61,"column":14},"end":{"line":61,"column":114}},"39":{"start":{"line":62,"column":14},"end":{"line":62,"column":59}},"40":{"start":{"line":64,"column":14},"end":{"line":64,"column":41}},"41":{"start":{"line":67,"column":10},"end":{"line":67,"column":25}},"42":{"start":{"line":68,"column":10},"end":{"line":68,"column":32}},"43":{"start":{"line":69,"column":10},"end":{"line":69,"column":31}},"44":{"start":{"line":70,"column":10},"end":{"line":82,"column":15}},"45":{"start":{"line":72,"column":35},"end":{"line":72,"column":39}},"46":{"start":{"line":76,"column":14},"end":{"line":76,"column":47}},"47":{"start":{"line":77,"column":14},"end":{"line":77,"column":37}},"48":{"start":{"line":78,"column":14},"end":{"line":78,"column":48}},"49":{"start":{"line":79,"column":14},"end":{"line":79,"column":59}},"50":{"start":{"line":81,"column":14},"end":{"line":81,"column":41}},"51":{"start":{"line":95,"column":4},"end":{"line":95,"column":28}},"52":{"start":{"line":99,"column":4},"end":{"line":110,"column":5}},"53":{"start":{"line":100,"column":6},"end":{"line":107,"column":7}},"54":{"start":{"line":101,"column":8},"end":{"line":101,"column":53}},"55":{"start":{"line":102,"column":8},"end":{"line":102,"column":37}},"56":{"start":{"line":103,"column":8},"end":{"line":103,"column":35}},"57":{"start":{"line":104,"column":8},"end":{"line":104,"column":35}},"58":{"start":{"line":109,"column":6},"end":{"line":109,"column":38}},"59":{"start":{"line":114,"column":4},"end":{"line":114,"column":19}},"60":{"start":{"line":116,"column":27},"end":{"line":116,"column":29}},"61":{"start":{"line":118,"column":4},"end":{"line":118,"column":50}},"62":{"start":{"line":119,"column":4},"end":{"line":119,"column":42}},"63":{"start":{"line":120,"column":4},"end":{"line":120,"column":50}},"64":{"start":{"line":121,"column":4},"end":{"line":121,"column":57}},"65":{"start":{"line":122,"column":4},"end":{"line":122,"column":62}},"66":{"start":{"line":123,"column":4},"end":{"line":123,"column":46}},"67":{"start":{"line":125,"column":4},"end":{"line":125,"column":79}},"68":{"start":{"line":126,"column":4},"end":{"line":138,"column":5}},"69":{"start":{"line":127,"column":6},"end":{"line":131,"column":11}},"70":{"start":{"line":129,"column":10},"end":{"line":129,"column":35}},"71":{"start":{"line":130,"column":10},"end":{"line":130,"column":63}},"72":{"start":{"line":133,"column":6},"end":{"line":137,"column":11}},"73":{"start":{"line":135,"column":10},"end":{"line":135,"column":35}},"74":{"start":{"line":136,"column":10},"end":{"line":136,"column":63}},"75":{"start":{"line":139,"column":4},"end":{"line":139,"column":16}},"76":{"start":{"line":143,"column":4},"end":{"line":143,"column":19}},"77":{"start":{"line":144,"column":4},"end":{"line":144,"column":41}},"78":{"start":{"line":145,"column":4},"end":{"line":145,"column":16}},"79":{"start":{"line":149,"column":4},"end":{"line":149,"column":26}},"80":{"start":{"line":150,"column":4},"end":{"line":150,"column":26}},"81":{"start":{"line":151,"column":4},"end":{"line":151,"column":26}},"82":{"start":{"line":152,"column":4},"end":{"line":152,"column":28}},"83":{"start":{"line":153,"column":4},"end":{"line":153,"column":27}},"84":{"start":{"line":157,"column":4},"end":{"line":157,"column":27}},"85":{"start":{"line":158,"column":4},"end":{"line":158,"column":27}},"86":{"start":{"line":159,"column":4},"end":{"line":159,"column":26}},"87":{"start":{"line":160,"column":4},"end":{"line":160,"column":25}},"88":{"start":{"line":161,"column":4},"end":{"line":161,"column":27}},"89":{"start":{"line":165,"column":4},"end":{"line":165,"column":27}},"90":{"start":{"line":166,"column":4},"end":{"line":166,"column":27}},"91":{"start":{"line":167,"column":4},"end":{"line":167,"column":26}},"92":{"start":{"line":168,"column":4},"end":{"line":168,"column":26}},"93":{"start":{"line":169,"column":4},"end":{"line":169,"column":27}},"94":{"start":{"line":173,"column":4},"end":{"line":173,"column":27}},"95":{"start":{"line":174,"column":4},"end":{"line":174,"column":27}},"96":{"start":{"line":175,"column":4},"end":{"line":175,"column":25}},"97":{"start":{"line":176,"column":4},"end":{"line":176,"column":26}},"98":{"start":{"line":180,"column":4},"end":{"line":180,"column":25}},"99":{"start":{"line":181,"column":4},"end":{"line":181,"column":25}},"100":{"start":{"line":182,"column":4},"end":{"line":182,"column":26}},"101":{"start":{"line":196,"column":4},"end":{"line":196,"column":36}},"102":{"start":{"line":197,"column":4},"end":{"line":197,"column":22}},"103":{"start":{"line":226,"column":4},"end":{"line":226,"column":16}},"104":{"start":{"line":230,"column":4},"end":{"line":245,"column":5}},"105":{"start":{"line":231,"column":6},"end":{"line":231,"column":28}},"106":{"start":{"line":232,"column":6},"end":{"line":232,"column":24}},"107":{"start":{"line":244,"column":6},"end":{"line":244,"column":150}},"108":{"start":{"line":246,"column":4},"end":{"line":246,"column":16}},"109":{"start":{"line":250,"column":19},"end":{"line":250,"column":21}},"110":{"start":{"line":255,"column":4},"end":{"line":264,"column":5}},"111":{"start":{"line":257,"column":6},"end":{"line":263,"column":7}},"112":{"start":{"line":258,"column":8},"end":{"line":262,"column":9}},"113":{"start":{"line":260,"column":10},"end":{"line":260,"column":96}},"114":{"start":{"line":260,"column":61},"end":{"line":260,"column":96}},"115":{"start":{"line":261,"column":10},"end":{"line":261,"column":104}},"116":{"start":{"line":261,"column":75},"end":{"line":261,"column":104}},"117":{"start":{"line":268,"column":21},"end":{"line":268,"column":105}},"118":{"start":{"line":270,"column":4},"end":{"line":270,"column":39}},"119":{"start":{"line":284,"column":4},"end":{"line":289,"column":9}},"120":{"start":{"line":287,"column":8},"end":{"line":287,"column":17}},"121":{"start":{"line":288,"column":8},"end":{"line":288,"column":36}},"122":{"start":{"line":295,"column":26},"end":{"line":295,"column":27}},"123":{"start":{"line":297,"column":4},"end":{"line":304,"column":5}},"124":{"start":{"line":298,"column":6},"end":{"line":298,"column":49}},"125":{"start":{"line":299,"column":6},"end":{"line":299,"column":26}},"126":{"start":{"line":301,"column":6},"end":{"line":301,"column":78}},"127":{"start":{"line":302,"column":6},"end":{"line":302,"column":24}},"128":{"start":{"line":303,"column":6},"end":{"line":303,"column":63}},"129":{"start":{"line":306,"column":4},"end":{"line":306,"column":92}},"130":{"start":{"line":307,"column":4},"end":{"line":307,"column":101}},"131":{"start":{"line":307,"column":31},"end":{"line":307,"column":101}},"132":{"start":{"line":311,"column":4},"end":{"line":314,"column":5}},"133":{"start":{"line":312,"column":6},"end":{"line":312,"column":38}},"134":{"start":{"line":313,"column":6},"end":{"line":313,"column":19}},"135":{"start":{"line":315,"column":4},"end":{"line":317,"column":5}},"136":{"start":{"line":316,"column":6},"end":{"line":316,"column":19}},"137":{"start":{"line":320,"column":4},"end":{"line":320,"column":26}},"138":{"start":{"line":321,"column":4},"end":{"line":321,"column":26}},"139":{"start":{"line":322,"column":4},"end":{"line":322,"column":26}},"140":{"start":{"line":323,"column":4},"end":{"line":323,"column":28}},"141":{"start":{"line":324,"column":4},"end":{"line":324,"column":27}},"142":{"start":{"line":326,"column":4},"end":{"line":326,"column":76}},"143":{"start":{"line":327,"column":4},"end":{"line":327,"column":16}}},"fnMap":{"0":{"name":"(anonymous_0)","decl":{"start":{"line":7,"column":2},"end":{"line":7,"column":3}},"loc":{"start":{"line":7,"column":18},"end":{"line":11,"column":3}},"line":7},"1":{"name":"(anonymous_1)","decl":{"start":{"line":13,"column":2},"end":{"line":13,"column":3}},"loc":{"start":{"line":13,"column":13},"end":{"line":25,"column":3}},"line":13},"2":{"name":"(anonymous_2)","decl":{"start":{"line":27,"column":2},"end":{"line":27,"column":3}},"loc":{"start":{"line":27,"column":32},"end":{"line":37,"column":3}},"line":27},"3":{"name":"(anonymous_3)","decl":{"start":{"line":43,"column":2},"end":{"line":43,"column":3}},"loc":{"start":{"line":43,"column":14},"end":{"line":85,"column":3}},"line":43},"4":{"name":"(anonymous_4)","decl":{"start":{"line":47,"column":12},"end":{"line":47,"column":13}},"loc":{"start":{"line":47,"column":18},"end":{"line":84,"column":7}},"line":47},"5":{"name":"(anonymous_5)","decl":{"start":{"line":55,"column":18},"end":{"line":55,"column":19}},"loc":{"start":{"line":55,"column":26},"end":{"line":65,"column":13}},"line":55},"6":{"name":"(anonymous_6)","decl":{"start":{"line":71,"column":18},"end":{"line":71,"column":19}},"loc":{"start":{"line":71,"column":26},"end":{"line":82,"column":13}},"line":71},"7":{"name":"(anonymous_7)","decl":{"start":{"line":87,"column":2},"end":{"line":87,"column":3}},"loc":{"start":{"line":87,"column":20},"end":{"line":88,"column":3}},"line":87},"8":{"name":"(anonymous_8)","decl":{"start":{"line":90,"column":2},"end":{"line":90,"column":3}},"loc":{"start":{"line":90,"column":20},"end":{"line":91,"column":3}},"line":90},"9":{"name":"(anonymous_9)","decl":{"start":{"line":94,"column":2},"end":{"line":94,"column":3}},"loc":{"start":{"line":94,"column":13},"end":{"line":96,"column":3}},"line":94},"10":{"name":"(anonymous_10)","decl":{"start":{"line":98,"column":2},"end":{"line":98,"column":3}},"loc":{"start":{"line":98,"column":13},"end":{"line":111,"column":3}},"line":98},"11":{"name":"(anonymous_11)","decl":{"start":{"line":113,"column":2},"end":{"line":113,"column":3}},"loc":{"start":{"line":113,"column":14},"end":{"line":140,"column":3}},"line":113},"12":{"name":"(anonymous_12)","decl":{"start":{"line":128,"column":14},"end":{"line":128,"column":15}},"loc":{"start":{"line":128,"column":22},"end":{"line":131,"column":9}},"line":128},"13":{"name":"(anonymous_13)","decl":{"start":{"line":134,"column":14},"end":{"line":134,"column":15}},"loc":{"start":{"line":134,"column":22},"end":{"line":137,"column":9}},"line":134},"14":{"name":"(anonymous_14)","decl":{"start":{"line":142,"column":2},"end":{"line":142,"column":3}},"loc":{"start":{"line":142,"column":15},"end":{"line":146,"column":3}},"line":142},"15":{"name":"(anonymous_15)","decl":{"start":{"line":148,"column":2},"end":{"line":148,"column":3}},"loc":{"start":{"line":148,"column":14},"end":{"line":154,"column":3}},"line":148},"16":{"name":"(anonymous_16)","decl":{"start":{"line":156,"column":2},"end":{"line":156,"column":3}},"loc":{"start":{"line":156,"column":13},"end":{"line":162,"column":3}},"line":156},"17":{"name":"(anonymous_17)","decl":{"start":{"line":164,"column":2},"end":{"line":164,"column":3}},"loc":{"start":{"line":164,"column":19},"end":{"line":170,"column":3}},"line":164},"18":{"name":"(anonymous_18)","decl":{"start":{"line":172,"column":2},"end":{"line":172,"column":3}},"loc":{"start":{"line":172,"column":14},"end":{"line":177,"column":3}},"line":172},"19":{"name":"(anonymous_19)","decl":{"start":{"line":179,"column":2},"end":{"line":179,"column":3}},"loc":{"start":{"line":179,"column":15},"end":{"line":183,"column":3}},"line":179},"20":{"name":"(anonymous_20)","decl":{"start":{"line":195,"column":2},"end":{"line":195,"column":3}},"loc":{"start":{"line":195,"column":27},"end":{"line":227,"column":3}},"line":195},"21":{"name":"(anonymous_21)","decl":{"start":{"line":229,"column":2},"end":{"line":229,"column":3}},"loc":{"start":{"line":229,"column":32},"end":{"line":247,"column":3}},"line":229},"22":{"name":"(anonymous_22)","decl":{"start":{"line":249,"column":2},"end":{"line":249,"column":3}},"loc":{"start":{"line":249,"column":39},"end":{"line":291,"column":3}},"line":249},"23":{"name":"(anonymous_23)","decl":{"start":{"line":286,"column":12},"end":{"line":286,"column":13}},"loc":{"start":{"line":286,"column":20},"end":{"line":289,"column":7}},"line":286},"24":{"name":"(anonymous_24)","decl":{"start":{"line":294,"column":2},"end":{"line":294,"column":3}},"loc":{"start":{"line":294,"column":32},"end":{"line":308,"column":3}},"line":294},"25":{"name":"(anonymous_25)","decl":{"start":{"line":310,"column":2},"end":{"line":310,"column":3}},"loc":{"start":{"line":310,"column":15},"end":{"line":329,"column":3}},"line":310}},"branchMap":{"0":{"loc":{"start":{"line":15,"column":4},"end":{"line":15,"column":84}},"type":"if","locations":[{"start":{"line":15,"column":4},"end":{"line":15,"column":84}},{"start":{"line":15,"column":4},"end":{"line":15,"column":84}}],"line":15},"1":{"loc":{"start":{"line":15,"column":8},"end":{"line":15,"column":45}},"type":"binary-expr","locations":[{"start":{"line":15,"column":8},"end":{"line":15,"column":21}},{"start":{"line":15,"column":25},"end":{"line":15,"column":45}}],"line":15},"2":{"loc":{"start":{"line":22,"column":4},"end":{"line":22,"column":39}},"type":"if","locations":[{"start":{"line":22,"column":4},"end":{"line":22,"column":39}},{"start":{"line":22,"column":4},"end":{"line":22,"column":39}}],"line":22},"3":{"loc":{"start":{"line":23,"column":4},"end":{"line":23,"column":43}},"type":"if","locations":[{"start":{"line":23,"column":4},"end":{"line":23,"column":43}},{"start":{"line":23,"column":4},"end":{"line":23,"column":43}}],"line":23},"4":{"loc":{"start":{"line":32,"column":4},"end":{"line":33,"column":51}},"type":"if","locations":[{"start":{"line":32,"column":4},"end":{"line":33,"column":51}},{"start":{"line":32,"column":4},"end":{"line":33,"column":51}}],"line":32},"5":{"loc":{"start":{"line":32,"column":8},"end":{"line":32,"column":48}},"type":"binary-expr","locations":[{"start":{"line":32,"column":8},"end":{"line":32,"column":22}},{"start":{"line":32,"column":27},"end":{"line":32,"column":47}}],"line":32},"6":{"loc":{"start":{"line":35,"column":4},"end":{"line":35,"column":39}},"type":"if","locations":[{"start":{"line":35,"column":4},"end":{"line":35,"column":39}},{"start":{"line":35,"column":4},"end":{"line":35,"column":39}}],"line":35},"7":{"loc":{"start":{"line":49,"column":8},"end":{"line":83,"column":9}},"type":"if","locations":[{"start":{"line":49,"column":8},"end":{"line":83,"column":9}},{"start":{"line":49,"column":8},"end":{"line":83,"column":9}}],"line":49},"8":{"loc":{"start":{"line":99,"column":4},"end":{"line":110,"column":5}},"type":"if","locations":[{"start":{"line":99,"column":4},"end":{"line":110,"column":5}},{"start":{"line":99,"column":4},"end":{"line":110,"column":5}}],"line":99},"9":{"loc":{"start":{"line":100,"column":6},"end":{"line":107,"column":7}},"type":"if","locations":[{"start":{"line":100,"column":6},"end":{"line":107,"column":7}},{"start":{"line":100,"column":6},"end":{"line":107,"column":7}}],"line":100},"10":{"loc":{"start":{"line":126,"column":4},"end":{"line":138,"column":5}},"type":"if","locations":[{"start":{"line":126,"column":4},"end":{"line":138,"column":5}},{"start":{"line":126,"column":4},"end":{"line":138,"column":5}}],"line":126},"11":{"loc":{"start":{"line":230,"column":4},"end":{"line":245,"column":5}},"type":"if","locations":[{"start":{"line":230,"column":4},"end":{"line":245,"column":5}},{"start":{"line":230,"column":4},"end":{"line":245,"column":5}}],"line":230},"12":{"loc":{"start":{"line":257,"column":6},"end":{"line":263,"column":7}},"type":"if","locations":[{"start":{"line":257,"column":6},"end":{"line":263,"column":7}},{"start":{"line":257,"column":6},"end":{"line":263,"column":7}}],"line":257},"13":{"loc":{"start":{"line":260,"column":10},"end":{"line":260,"column":96}},"type":"if","locations":[{"start":{"line":260,"column":10},"end":{"line":260,"column":96}},{"start":{"line":260,"column":10},"end":{"line":260,"column":96}}],"line":260},"14":{"loc":{"start":{"line":261,"column":10},"end":{"line":261,"column":104}},"type":"if","locations":[{"start":{"line":261,"column":10},"end":{"line":261,"column":104}},{"start":{"line":261,"column":10},"end":{"line":261,"column":104}}],"line":261},"15":{"loc":{"start":{"line":261,"column":14},"end":{"line":261,"column":73}},"type":"binary-expr","locations":[{"start":{"line":261,"column":14},"end":{"line":261,"column":47}},{"start":{"line":261,"column":51},"end":{"line":261,"column":73}}],"line":261},"16":{"loc":{"start":{"line":297,"column":4},"end":{"line":304,"column":5}},"type":"if","locations":[{"start":{"line":297,"column":4},"end":{"line":304,"column":5}},{"start":{"line":297,"column":4},"end":{"line":304,"column":5}}],"line":297},"17":{"loc":{"start":{"line":307,"column":4},"end":{"line":307,"column":101}},"type":"if","locations":[{"start":{"line":307,"column":4},"end":{"line":307,"column":101}},{"start":{"line":307,"column":4},"end":{"line":307,"column":101}}],"line":307},"18":{"loc":{"start":{"line":311,"column":4},"end":{"line":314,"column":5}},"type":"if","locations":[{"start":{"line":311,"column":4},"end":{"line":314,"column":5}},{"start":{"line":311,"column":4},"end":{"line":314,"column":5}}],"line":311},"19":{"loc":{"start":{"line":315,"column":4},"end":{"line":317,"column":5}},"type":"if","locations":[{"start":{"line":315,"column":4},"end":{"line":317,"column":5}},{"start":{"line":315,"column":4},"end":{"line":317,"column":5}}],"line":315}},"s":{"0":0,"1":0,"2":0,"3":0,"4":0,"5":0,"6":0,"7":0,"8":0,"9":0,"10":0,"11":0,"12":0,"13":0,"14":0,"15":0,"16":0,"17":0,"18":0,"19":0,"20":0,"21":0,"22":0,"23":0,"24":0,"25":0,"26":0,"27":0,"28":0,"29":0,"30":0,"31":0,"32":0,"33":0,"34":0,"35":0,"36":0,"37":0,"38":0,"39":0,"40":0,"41":0,"42":0,"43":0,"44":0,"45":0,"46":0,"47":0,"48":0,"49":0,"50":0,"51":0,"52":0,"53":0,"54":0,"55":0,"56":0,"57":0,"58":0,"59":0,"60":0,"61":0,"62":0,"63":0,"64":0,"65":0,"66":0,"67":0,"68":0,"69":0,"70":0,"71":0,"72":0,"73":0,"74":0,"75":0,"76":0,"77":0,"78":0,"79":0,"80":0,"81":0,"82":0,"83":0,"84":0,"85":0,"86":0,"87":0,"88":0,"89":0,"90":0,"91":0,"92":0,"93":0,"94":0,"95":0,"96":0,"97":0,"98":0,"99":0,"100":0,"101":0,"102":0,"103":0,"104":0,"105":0,"106":0,"107":0,"108":0,"109":0,"110":0,"111":0,"112":0,"113":0,"114":0,"115":0,"116":0,"117":0,"118":0,"119":0,"120":0,"121":0,"122":0,"123":0,"124":0,"125":0,"126":0,"127":0,"128":0,"129":0,"130":0,"131":0,"132":0,"133":0,"134":0,"135":0,"136":0,"137":0,"138":0,"139":0,"140":0,"141":0,"142":0,"143":0},"f":{"0":0,"1":0,"2":0,"3":0,"4":0,"5":0,"6":0,"7":0,"8":0,"9":0,"10":0,"11":0,"12":0,"13":0,"14":0,"15":0,"16":0,"17":0,"18":0,"19":0,"20":0,"21":0,"22":0,"23":0,"24":0,"25":0},"b":{"0":[0,0],"1":[0,0],"2":[0,0],"3":[0,0],"4":[0,0],"5":[0,0],"6":[0,0],"7":[0,0],"8":[0,0],"9":[0,0],"10":[0,0],"11":[0,0],"12":[0,0],"13":[0,0],"14":[0,0],"15":[0,0],"16":[0,0],"17":[0,0],"18":[0,0],"19":[0,0]},"hash":"f9438aea9729157019cd5773e828794746fec7d5"}
,"/home/vagrant/psychotest-dev/app/src/viewer/respondent.js": {"path":"/home/vagrant/psychotest-dev/app/src/viewer/respondent.js","statementMap":{},"fnMap":{},"branchMap":{},"s":{},"f":{},"b":{},"hash":"42c1030a78e65e424151f58167f45492c3a804bd"}
}
