TN:
SF:/home/vagrant/psychotest-dev/app/src/environment.js
FNF:0
FNH:0
LF:0
LH:0
BRF:0
BRH:0
end_of_record
TN:
SF:/home/vagrant/psychotest-dev/app/src/main.js
FN:9,configure
FN:29,(anonymous_1)
FNF:2
FNH:0
FNDA:0,configure
FNDA:0,(anonymous_1)
DA:7,0
DA:10,0
DA:22,0
DA:24,0
DA:25,0
DA:27,0
DA:28,0
DA:29,0
LF:8
LH:0
BRDA:22,0,0,0
BRDA:22,0,1,0
BRDA:24,1,0,0
BRDA:24,1,1,0
BRF:4
BRH:0
end_of_record
TN:
SF:/home/vagrant/psychotest-dev/app/src/maineditor.js
FN:13,configure
FN:18,(anonymous_1)
FN:50,(anonymous_2)
FNF:3
FNH:0
FNDA:0,configure
FNDA:0,(anonymous_1)
FNDA:0,(anonymous_2)
DA:11,0
DA:14,0
DA:19,0
DA:20,0
DA:21,0
DA:22,0
DA:44,0
DA:46,0
DA:47,0
DA:50,0
LF:10
LH:0
BRDA:44,0,0,0
BRDA:44,0,1,0
BRDA:46,1,0,0
BRDA:46,1,1,0
BRF:4
BRH:0
end_of_record
TN:
SF:/home/vagrant/psychotest-dev/app/src/mainresult.js
FN:13,configure
FN:18,(anonymous_1)
FN:50,(anonymous_2)
FNF:3
FNH:0
FNDA:0,configure
FNDA:0,(anonymous_1)
FNDA:0,(anonymous_2)
DA:11,0
DA:14,0
DA:19,0
DA:20,0
DA:21,0
DA:22,0
DA:44,0
DA:46,0
DA:47,0
DA:50,0
LF:10
LH:0
BRDA:44,0,0,0
BRDA:44,0,1,0
BRDA:46,1,0,0
BRDA:46,1,1,0
BRF:4
BRH:0
end_of_record
TN:
SF:/home/vagrant/psychotest-dev/app/src/components/dsl.js
FN:2,(anonymous_0)
FN:3,(anonymous_1)
FN:5,(anonymous_2)
FN:6,(anonymous_3)
FN:8,(anonymous_4)
FN:9,(anonymous_5)
FN:10,(anonymous_6)
FN:12,(anonymous_7)
FN:13,(anonymous_8)
FN:14,(anonymous_9)
FN:15,(anonymous_10)
FN:16,(anonymous_11)
FN:17,(anonymous_12)
FN:18,(anonymous_13)
FN:20,(anonymous_14)
FN:21,(anonymous_15)
FN:22,(anonymous_16)
FN:23,(anonymous_17)
FN:24,(anonymous_18)
FN:25,(anonymous_19)
FN:26,(anonymous_20)
FN:27,(anonymous_21)
FN:28,(anonymous_22)
FN:29,(anonymous_23)
FN:30,(anonymous_24)
FN:31,(anonymous_25)
FN:32,(anonymous_26)
FN:33,(anonymous_27)
FN:34,(anonymous_28)
FN:35,(anonymous_29)
FN:36,(anonymous_30)
FN:37,(anonymous_31)
FN:38,(anonymous_32)
FNF:33
FNH:0
FNDA:0,(anonymous_0)
FNDA:0,(anonymous_1)
FNDA:0,(anonymous_2)
FNDA:0,(anonymous_3)
FNDA:0,(anonymous_4)
FNDA:0,(anonymous_5)
FNDA:0,(anonymous_6)
FNDA:0,(anonymous_7)
FNDA:0,(anonymous_8)
FNDA:0,(anonymous_9)
FNDA:0,(anonymous_10)
FNDA:0,(anonymous_11)
FNDA:0,(anonymous_12)
FNDA:0,(anonymous_13)
FNDA:0,(anonymous_14)
FNDA:0,(anonymous_15)
FNDA:0,(anonymous_16)
FNDA:0,(anonymous_17)
FNDA:0,(anonymous_18)
FNDA:0,(anonymous_19)
FNDA:0,(anonymous_20)
FNDA:0,(anonymous_21)
FNDA:0,(anonymous_22)
FNDA:0,(anonymous_23)
FNDA:0,(anonymous_24)
FNDA:0,(anonymous_25)
FNDA:0,(anonymous_26)
FNDA:0,(anonymous_27)
FNDA:0,(anonymous_28)
FNDA:0,(anonymous_29)
FNDA:0,(anonymous_30)
FNDA:0,(anonymous_31)
FNDA:0,(anonymous_32)
DA:2,0
DA:3,0
DA:5,0
DA:6,0
DA:8,0
DA:9,0
DA:10,0
DA:12,0
DA:13,0
DA:14,0
DA:15,0
DA:16,0
DA:17,0
DA:18,0
DA:20,0
DA:21,0
DA:22,0
DA:23,0
DA:24,0
DA:25,0
DA:26,0
DA:27,0
DA:28,0
DA:29,0
DA:30,0
DA:31,0
DA:32,0
DA:33,0
DA:34,0
DA:35,0
DA:36,0
DA:37,0
DA:38,0
LF:33
LH:0
BRF:0
BRH:0
end_of_record
TN:
SF:/home/vagrant/psychotest-dev/app/src/components/interpreter.js
FN:9,(anonymous_0)
FN:23,(anonymous_1)
FN:28,(anonymous_2)
FN:32,(anonymous_3)
FN:36,(anonymous_4)
FN:42,(anonymous_5)
FN:78,(anonymous_6)
FN:82,(anonymous_7)
FN:86,(anonymous_8)
FN:94,(anonymous_9)
FN:102,(anonymous_10)
FN:110,(anonymous_11)
FN:116,(anonymous_12)
FN:132,(anonymous_13)
FN:145,(anonymous_14)
FN:163,(anonymous_15)
FN:164,(anonymous_16)
FN:167,(anonymous_17)
FN:180,(anonymous_18)
FN:205,(anonymous_19)
FN:235,(anonymous_20)
FN:245,(anonymous_21)
FN:259,(anonymous_22)
FN:294,(anonymous_23)
FN:331,(anonymous_24)
FN:346,(anonymous_25)
FN:367,(anonymous_26)
FN:382,(anonymous_27)
FN:390,(anonymous_28)
FN:398,(anonymous_29)
FN:409,(anonymous_30)
FN:431,(anonymous_31)
FN:442,(anonymous_32)
FN:443,(anonymous_33)
FN:447,(anonymous_34)
FN:463,(anonymous_35)
FN:513,(anonymous_36)
FN:518,(anonymous_37)
FN:540,(anonymous_38)
FN:562,(anonymous_39)
FN:588,(anonymous_40)
FN:601,(anonymous_41)
FN:606,(anonymous_42)
FN:612,(anonymous_43)
FN:623,(anonymous_44)
FN:630,(anonymous_45)
FN:635,(anonymous_46)
FN:647,(anonymous_47)
FN:659,(anonymous_48)
FN:672,(anonymous_49)
FN:709,(anonymous_50)
FN:717,(anonymous_51)
FN:724,(anonymous_52)
FN:731,(anonymous_53)
FN:760,(anonymous_54)
FN:769,(anonymous_55)
FN:775,(anonymous_56)
FN:779,(anonymous_57)
FN:795,(anonymous_58)
FN:834,(anonymous_59)
FN:883,(anonymous_60)
FN:895,(anonymous_61)
FN:896,(anonymous_62)
FN:911,(anonymous_63)
FN:936,(anonymous_64)
FN:943,(anonymous_65)
FN:954,(anonymous_66)
FNF:67
FNH:0
FNDA:0,(anonymous_0)
FNDA:0,(anonymous_1)
FNDA:0,(anonymous_2)
FNDA:0,(anonymous_3)
FNDA:0,(anonymous_4)
FNDA:0,(anonymous_5)
FNDA:0,(anonymous_6)
FNDA:0,(anonymous_7)
FNDA:0,(anonymous_8)
FNDA:0,(anonymous_9)
FNDA:0,(anonymous_10)
FNDA:0,(anonymous_11)
FNDA:0,(anonymous_12)
FNDA:0,(anonymous_13)
FNDA:0,(anonymous_14)
FNDA:0,(anonymous_15)
FNDA:0,(anonymous_16)
FNDA:0,(anonymous_17)
FNDA:0,(anonymous_18)
FNDA:0,(anonymous_19)
FNDA:0,(anonymous_20)
FNDA:0,(anonymous_21)
FNDA:0,(anonymous_22)
FNDA:0,(anonymous_23)
FNDA:0,(anonymous_24)
FNDA:0,(anonymous_25)
FNDA:0,(anonymous_26)
FNDA:0,(anonymous_27)
FNDA:0,(anonymous_28)
FNDA:0,(anonymous_29)
FNDA:0,(anonymous_30)
FNDA:0,(anonymous_31)
FNDA:0,(anonymous_32)
FNDA:0,(anonymous_33)
FNDA:0,(anonymous_34)
FNDA:0,(anonymous_35)
FNDA:0,(anonymous_36)
FNDA:0,(anonymous_37)
FNDA:0,(anonymous_38)
FNDA:0,(anonymous_39)
FNDA:0,(anonymous_40)
FNDA:0,(anonymous_41)
FNDA:0,(anonymous_42)
FNDA:0,(anonymous_43)
FNDA:0,(anonymous_44)
FNDA:0,(anonymous_45)
FNDA:0,(anonymous_46)
FNDA:0,(anonymous_47)
FNDA:0,(anonymous_48)
FNDA:0,(anonymous_49)
FNDA:0,(anonymous_50)
FNDA:0,(anonymous_51)
FNDA:0,(anonymous_52)
FNDA:0,(anonymous_53)
FNDA:0,(anonymous_54)
FNDA:0,(anonymous_55)
FNDA:0,(anonymous_56)
FNDA:0,(anonymous_57)
FNDA:0,(anonymous_58)
FNDA:0,(anonymous_59)
FNDA:0,(anonymous_60)
FNDA:0,(anonymous_61)
FNDA:0,(anonymous_62)
FNDA:0,(anonymous_63)
FNDA:0,(anonymous_64)
FNDA:0,(anonymous_65)
FNDA:0,(anonymous_66)
DA:9,0
DA:10,0
DA:11,0
DA:12,0
DA:13,0
DA:14,0
DA:15,0
DA:16,0
DA:18,0
DA:22,0
DA:23,0
DA:24,0
DA:28,0
DA:29,0
DA:32,0
DA:33,0
DA:36,0
DA:37,0
DA:43,0
DA:44,0
DA:45,0
DA:46,0
DA:47,0
DA:48,0
DA:49,0
DA:50,0
DA:51,0
DA:52,0
DA:53,0
DA:54,0
DA:55,0
DA:57,0
DA:58,0
DA:59,0
DA:60,0
DA:61,0
DA:62,0
DA:64,0
DA:65,0
DA:67,0
DA:68,0
DA:69,0
DA:70,0
DA:72,0
DA:73,0
DA:74,0
DA:75,0
DA:79,0
DA:83,0
DA:87,0
DA:88,0
DA:89,0
DA:90,0
DA:91,0
DA:95,0
DA:96,0
DA:97,0
DA:98,0
DA:99,0
DA:103,0
DA:104,0
DA:105,0
DA:106,0
DA:107,0
DA:111,0
DA:112,0
DA:113,0
DA:117,0
DA:118,0
DA:119,0
DA:120,0
DA:126,0
DA:133,0
DA:134,0
DA:135,0
DA:136,0
DA:137,0
DA:148,0
DA:149,0
DA:150,0
DA:151,0
DA:152,0
DA:153,0
DA:164,0
DA:168,0
DA:169,0
DA:170,0
DA:171,0
DA:172,0
DA:173,0
DA:174,0
DA:175,0
DA:177,0
DA:181,0
DA:182,0
DA:183,0
DA:184,0
DA:185,0
DA:186,0
DA:187,0
DA:189,0
DA:190,0
DA:192,0
DA:193,0
DA:194,0
DA:195,0
DA:196,0
DA:200,0
DA:201,0
DA:202,0
DA:206,0
DA:207,0
DA:208,0
DA:209,0
DA:210,0
DA:211,0
DA:212,0
DA:214,0
DA:215,0
DA:216,0
DA:217,0
DA:219,0
DA:222,0
DA:223,0
DA:224,0
DA:225,0
DA:227,0
DA:231,0
DA:232,0
DA:236,0
DA:237,0
DA:238,0
DA:239,0
DA:240,0
DA:242,0
DA:246,0
DA:247,0
DA:248,0
DA:249,0
DA:250,0
DA:252,0
DA:261,0
DA:263,0
DA:264,0
DA:265,0
DA:285,0
DA:296,0
DA:297,0
DA:298,0
DA:306,0
DA:307,0
DA:310,0
DA:312,0
DA:315,0
DA:317,0
DA:319,0
DA:320,0
DA:322,0
DA:323,0
DA:327,0
DA:332,0
DA:333,0
DA:334,0
DA:337,0
DA:338,0
DA:342,0
DA:347,0
DA:348,0
DA:349,0
DA:350,0
DA:351,0
DA:352,0
DA:353,0
DA:355,0
DA:356,0
DA:357,0
DA:358,0
DA:359,0
DA:360,0
DA:363,0
DA:368,0
DA:372,0
DA:373,0
DA:375,0
DA:376,0
DA:377,0
DA:383,0
DA:384,0
DA:386,0
DA:387,0
DA:391,0
DA:392,0
DA:393,0
DA:394,0
DA:400,0
DA:401,0
DA:402,0
DA:404,0
DA:405,0
DA:406,0
DA:410,0
DA:411,0
DA:412,0
DA:413,0
DA:414,0
DA:415,0
DA:416,0
DA:417,0
DA:418,0
DA:419,0
DA:427,0
DA:433,0
DA:434,0
DA:435,0
DA:436,0
DA:437,0
DA:438,0
DA:443,0
DA:446,0
DA:447,0
DA:450,0
DA:451,0
DA:452,0
DA:453,0
DA:454,0
DA:455,0
DA:456,0
DA:464,0
DA:465,0
DA:470,0
DA:471,0
DA:473,0
DA:474,0
DA:476,0
DA:478,0
DA:479,0
DA:485,0
DA:486,0
DA:487,0
DA:488,0
DA:489,0
DA:490,0
DA:491,0
DA:492,0
DA:493,0
DA:494,0
DA:495,0
DA:499,0
DA:500,0
DA:501,0
DA:502,0
DA:503,0
DA:504,0
DA:505,0
DA:506,0
DA:507,0
DA:508,0
DA:509,0
DA:510,0
DA:514,0
DA:519,0
DA:520,0
DA:521,0
DA:522,0
DA:523,0
DA:524,0
DA:525,0
DA:527,0
DA:544,0
DA:545,0
DA:546,0
DA:548,0
DA:549,0
DA:551,0
DA:552,0
DA:554,0
DA:555,0
DA:556,0
DA:558,0
DA:559,0
DA:563,0
DA:564,0
DA:565,0
DA:566,0
DA:567,0
DA:569,0
DA:570,0
DA:572,0
DA:573,0
DA:575,0
DA:576,0
DA:578,0
DA:579,0
DA:580,0
DA:582,0
DA:585,0
DA:589,0
DA:590,0
DA:591,0
DA:592,0
DA:593,0
DA:594,0
DA:603,0
DA:604,0
DA:605,0
DA:607,0
DA:609,0
DA:610,0
DA:613,0
DA:615,0
DA:616,0
DA:620,0
DA:625,0
DA:626,0
DA:627,0
DA:629,0
DA:631,0
DA:632,0
DA:633,0
DA:636,0
DA:637,0
DA:639,0
DA:648,0
DA:649,0
DA:650,0
DA:652,0
DA:653,0
DA:654,0
DA:656,0
DA:660,0
DA:664,0
DA:665,0
DA:666,0
DA:668,0
DA:673,0
DA:674,0
DA:675,0
DA:676,0
DA:677,0
DA:678,0
DA:679,0
DA:680,0
DA:682,0
DA:684,0
DA:685,0
DA:687,0
DA:688,0
DA:689,0
DA:690,0
DA:694,0
DA:695,0
DA:696,0
DA:697,0
DA:700,0
DA:701,0
DA:703,0
DA:704,0
DA:705,0
DA:706,0
DA:710,0
DA:711,0
DA:713,0
DA:718,0
DA:720,0
DA:725,0
DA:726,0
DA:727,0
DA:732,0
DA:734,0
DA:735,0
DA:736,0
DA:737,0
DA:740,0
DA:741,0
DA:743,0
DA:744,0
DA:746,0
DA:747,0
DA:748,0
DA:749,0
DA:755,0
DA:763,0
DA:764,0
DA:765,0
DA:766,0
DA:770,0
DA:771,0
DA:772,0
DA:776,0
DA:780,0
DA:781,0
DA:782,0
DA:783,0
DA:784,0
DA:785,0
DA:790,0
DA:796,0
DA:797,0
DA:798,0
DA:799,0
DA:800,0
DA:801,0
DA:803,0
DA:804,0
DA:805,0
DA:806,0
DA:807,0
DA:809,0
DA:810,0
DA:811,0
DA:815,0
DA:816,0
DA:817,0
DA:819,0
DA:820,0
DA:821,0
DA:822,0
DA:823,0
DA:824,0
DA:825,0
DA:826,0
DA:827,0
DA:829,0
DA:831,0
DA:833,0
DA:834,0
DA:835,0
DA:836,0
DA:837,0
DA:840,0
DA:842,0
DA:843,0
DA:845,0
DA:846,0
DA:847,0
DA:848,0
DA:849,0
DA:851,0
DA:854,0
DA:858,0
DA:861,0
DA:862,0
DA:864,0
DA:865,0
DA:866,0
DA:867,0
DA:868,0
DA:869,0
DA:870,0
DA:883,0
DA:884,0
DA:885,0
DA:886,0
DA:887,0
DA:888,0
DA:889,0
DA:890,0
DA:891,0
DA:892,0
DA:894,0
DA:896,0
DA:899,0
DA:900,0
DA:901,0
DA:902,0
DA:903,0
DA:904,0
DA:906,0
DA:912,0
DA:914,0
DA:915,0
DA:916,0
DA:917,0
DA:920,0
DA:921,0
DA:922,0
DA:923,0
DA:937,0
DA:939,0
DA:940,0
DA:945,0
DA:949,0
DA:950,0
DA:955,0
DA:956,0
DA:957,0
DA:958,0
DA:959,0
DA:960,0
DA:964,0
DA:965,0
LF:491
LH:0
BRDA:11,0,0,0
BRDA:11,0,1,0
BRDA:22,1,0,0
BRDA:22,1,1,0
BRDA:96,2,0,0
BRDA:96,2,1,0
BRDA:98,3,0,0
BRDA:98,3,1,0
BRDA:106,4,0,0
BRDA:106,4,1,0
BRDA:173,5,0,0
BRDA:173,5,1,0
BRDA:173,6,0,0
BRDA:173,6,1,0
BRDA:174,7,0,0
BRDA:174,7,1,0
BRDA:182,8,0,0
BRDA:182,8,1,0
BRDA:184,9,0,0
BRDA:184,9,1,0
BRDA:184,10,0,0
BRDA:184,10,1,0
BRDA:187,11,0,0
BRDA:187,11,1,0
BRDA:189,12,0,0
BRDA:189,12,1,0
BRDA:207,13,0,0
BRDA:207,13,1,0
BRDA:212,14,0,0
BRDA:212,14,1,0
BRDA:214,15,0,0
BRDA:214,15,1,0
BRDA:215,16,0,0
BRDA:215,16,1,0
BRDA:216,17,0,0
BRDA:216,17,1,0
BRDA:222,18,0,0
BRDA:222,18,1,0
BRDA:231,19,0,0
BRDA:231,19,1,0
BRDA:236,20,0,0
BRDA:236,20,1,0
BRDA:236,21,0,0
BRDA:236,21,1,0
BRDA:246,22,0,0
BRDA:246,22,1,0
BRDA:246,23,0,0
BRDA:246,23,1,0
BRDA:259,24,0,0
BRDA:294,25,0,0
BRDA:306,26,0,0
BRDA:306,26,1,0
BRDA:334,27,0,0
BRDA:334,27,1,0
BRDA:347,28,0,0
BRDA:347,28,1,0
BRDA:347,29,0,0
BRDA:347,29,1,0
BRDA:348,30,0,0
BRDA:348,30,1,0
BRDA:351,31,0,0
BRDA:351,31,1,0
BRDA:352,32,0,0
BRDA:352,32,1,0
BRDA:358,33,0,0
BRDA:358,33,1,0
BRDA:368,34,0,0
BRDA:368,34,1,0
BRDA:373,35,0,0
BRDA:373,35,1,0
BRDA:383,36,0,0
BRDA:383,36,1,0
BRDA:391,37,0,0
BRDA:391,37,1,0
BRDA:412,38,0,0
BRDA:412,38,1,0
BRDA:414,39,0,0
BRDA:414,39,1,0
BRDA:416,40,0,0
BRDA:416,40,1,0
BRDA:417,41,0,0
BRDA:417,41,1,0
BRDA:418,42,0,0
BRDA:418,42,1,0
BRDA:433,43,0,0
BRDA:433,43,1,0
BRDA:434,44,0,0
BRDA:434,44,1,0
BRDA:435,45,0,0
BRDA:435,45,1,0
BRDA:436,46,0,0
BRDA:436,46,1,0
BRDA:438,47,0,0
BRDA:438,47,1,0
BRDA:451,48,0,0
BRDA:451,48,1,0
BRDA:452,49,0,0
BRDA:452,49,1,0
BRDA:454,50,0,0
BRDA:454,50,1,0
BRDA:455,51,0,0
BRDA:455,51,1,0
BRDA:471,52,0,0
BRDA:471,52,1,0
BRDA:473,53,0,0
BRDA:473,53,1,0
BRDA:474,54,0,0
BRDA:474,54,1,0
BRDA:476,55,0,0
BRDA:476,55,1,0
BRDA:478,56,0,0
BRDA:478,56,1,0
BRDA:479,57,0,0
BRDA:479,57,1,0
BRDA:485,58,0,0
BRDA:485,58,1,0
BRDA:487,59,0,0
BRDA:487,59,1,0
BRDA:489,60,0,0
BRDA:489,60,1,0
BRDA:491,61,0,0
BRDA:491,61,1,0
BRDA:493,62,0,0
BRDA:493,62,1,0
BRDA:495,63,0,0
BRDA:495,63,1,0
BRDA:495,64,0,0
BRDA:495,64,1,0
BRDA:499,65,0,0
BRDA:499,65,1,0
BRDA:500,66,0,0
BRDA:500,66,1,0
BRDA:501,67,0,0
BRDA:501,67,1,0
BRDA:502,68,0,0
BRDA:502,68,1,0
BRDA:503,69,0,0
BRDA:503,69,1,0
BRDA:504,70,0,0
BRDA:504,70,1,0
BRDA:505,71,0,0
BRDA:505,71,1,0
BRDA:506,72,0,0
BRDA:506,72,1,0
BRDA:507,73,0,0
BRDA:507,73,1,0
BRDA:509,74,0,0
BRDA:509,74,1,0
BRDA:520,75,0,0
BRDA:520,75,1,0
BRDA:578,76,0,0
BRDA:578,76,1,0
BRDA:592,77,0,0
BRDA:592,77,1,0
BRDA:593,78,0,0
BRDA:593,78,1,0
BRDA:594,79,0,0
BRDA:594,79,1,0
BRDA:623,80,0,0
BRDA:650,81,0,0
BRDA:650,81,1,0
BRDA:678,82,0,0
BRDA:678,82,1,0
BRDA:678,83,0,0
BRDA:678,83,1,0
BRDA:678,84,0,0
BRDA:678,84,1,0
BRDA:684,85,0,0
BRDA:684,85,1,0
BRDA:687,86,0,0
BRDA:687,86,1,0
BRDA:694,87,0,0
BRDA:694,87,1,0
BRDA:734,88,0,0
BRDA:734,88,1,0
BRDA:736,89,0,0
BRDA:736,89,1,0
BRDA:736,90,0,0
BRDA:736,90,1,0
BRDA:737,91,0,0
BRDA:737,91,1,0
BRDA:741,92,0,0
BRDA:741,92,1,0
BRDA:748,93,0,0
BRDA:748,93,1,0
BRDA:749,94,0,0
BRDA:749,94,1,0
BRDA:764,95,0,0
BRDA:764,95,1,0
BRDA:764,96,0,0
BRDA:764,96,1,0
BRDA:780,97,0,0
BRDA:780,97,1,0
BRDA:781,98,0,0
BRDA:781,98,1,0
BRDA:797,99,0,0
BRDA:797,99,1,0
BRDA:798,100,0,0
BRDA:798,100,1,0
BRDA:799,101,0,0
BRDA:799,101,1,0
BRDA:804,102,0,0
BRDA:804,102,1,0
BRDA:806,103,0,0
BRDA:806,103,1,0
BRDA:806,104,0,0
BRDA:806,104,1,0
BRDA:819,105,0,0
BRDA:819,105,1,0
BRDA:826,106,0,0
BRDA:826,106,1,0
BRDA:836,107,0,0
BRDA:836,107,1,0
BRDA:840,108,0,0
BRDA:840,108,1,0
BRDA:840,109,0,0
BRDA:840,109,1,0
BRDA:843,110,0,0
BRDA:843,110,1,0
BRDA:851,111,0,0
BRDA:851,111,1,0
BRDA:889,112,0,0
BRDA:889,112,1,0
BRDA:891,113,0,0
BRDA:891,113,1,0
BRDA:899,114,0,0
BRDA:899,114,1,0
BRDA:912,115,0,0
BRDA:912,115,1,0
BRDA:922,116,0,0
BRDA:922,116,1,0
BRDA:956,117,0,0
BRDA:956,117,1,0
BRDA:958,118,0,0
BRDA:958,118,1,0
BRDA:959,119,0,0
BRDA:959,119,1,0
BRF:237
BRH:0
end_of_record
TN:
SF:/home/vagrant/psychotest-dev/app/src/components/preprocesor.js
FN:6,(anonymous_0)
FN:16,(anonymous_1)
FN:28,(anonymous_2)
FN:47,(anonymous_3)
FN:54,(anonymous_4)
FN:78,(anonymous_5)
FN:90,(anonymous_6)
FN:103,(anonymous_7)
FN:112,(anonymous_8)
FN:115,(anonymous_9)
FN:136,(anonymous_10)
FN:154,(anonymous_11)
FN:165,(anonymous_12)
FN:176,(anonymous_13)
FN:180,(anonymous_14)
FN:198,(anonymous_15)
FN:202,(anonymous_16)
FN:225,(anonymous_17)
FN:237,(anonymous_18)
FN:241,(anonymous_19)
FN:253,(anonymous_20)
FN:261,(anonymous_21)
FN:274,(anonymous_22)
FN:293,(anonymous_23)
FN:316,(anonymous_24)
FN:353,(anonymous_25)
FN:367,(anonymous_26)
FNF:27
FNH:0
FNDA:0,(anonymous_0)
FNDA:0,(anonymous_1)
FNDA:0,(anonymous_2)
FNDA:0,(anonymous_3)
FNDA:0,(anonymous_4)
FNDA:0,(anonymous_5)
FNDA:0,(anonymous_6)
FNDA:0,(anonymous_7)
FNDA:0,(anonymous_8)
FNDA:0,(anonymous_9)
FNDA:0,(anonymous_10)
FNDA:0,(anonymous_11)
FNDA:0,(anonymous_12)
FNDA:0,(anonymous_13)
FNDA:0,(anonymous_14)
FNDA:0,(anonymous_15)
FNDA:0,(anonymous_16)
FNDA:0,(anonymous_17)
FNDA:0,(anonymous_18)
FNDA:0,(anonymous_19)
FNDA:0,(anonymous_20)
FNDA:0,(anonymous_21)
FNDA:0,(anonymous_22)
FNDA:0,(anonymous_23)
FNDA:0,(anonymous_24)
FNDA:0,(anonymous_25)
FNDA:0,(anonymous_26)
DA:6,0
DA:7,0
DA:10,0
DA:17,0
DA:18,0
DA:19,0
DA:20,0
DA:21,0
DA:22,0
DA:23,0
DA:24,0
DA:25,0
DA:31,0
DA:32,0
DA:33,0
DA:34,0
DA:35,0
DA:36,0
DA:39,0
DA:40,0
DA:41,0
DA:42,0
DA:43,0
DA:44,0
DA:48,0
DA:49,0
DA:50,0
DA:56,0
DA:57,0
DA:58,0
DA:59,0
DA:60,0
DA:61,0
DA:62,0
DA:65,0
DA:68,0
DA:69,0
DA:70,0
DA:71,0
DA:72,0
DA:75,0
DA:79,0
DA:80,0
DA:81,0
DA:83,0
DA:84,0
DA:87,0
DA:91,0
DA:92,0
DA:93,0
DA:95,0
DA:96,0
DA:97,0
DA:98,0
DA:104,0
DA:105,0
DA:106,0
DA:108,0
DA:109,0
DA:113,0
DA:115,0
DA:119,0
DA:120,0
DA:121,0
DA:126,0
DA:127,0
DA:128,0
DA:129,0
DA:132,0
DA:133,0
DA:137,0
DA:138,0
DA:139,0
DA:141,0
DA:142,0
DA:143,0
DA:144,0
DA:155,0
DA:156,0
DA:157,0
DA:158,0
DA:159,0
DA:160,0
DA:166,0
DA:169,0
DA:171,0
DA:172,0
DA:177,0
DA:178,0
DA:181,0
DA:185,0
DA:186,0
DA:187,0
DA:190,0
DA:191,0
DA:192,0
DA:193,0
DA:194,0
DA:199,0
DA:200,0
DA:203,0
DA:207,0
DA:208,0
DA:210,0
DA:211,0
DA:213,0
DA:214,0
DA:216,0
DA:217,0
DA:218,0
DA:219,0
DA:221,0
DA:226,0
DA:229,0
DA:231,0
DA:233,0
DA:238,0
DA:239,0
DA:242,0
DA:246,0
DA:247,0
DA:248,0
DA:254,0
DA:256,0
DA:257,0
DA:262,0
DA:263,0
DA:265,0
DA:266,0
DA:267,0
DA:269,0
DA:275,0
DA:276,0
DA:277,0
DA:278,0
DA:279,0
DA:280,0
DA:281,0
DA:284,0
DA:285,0
DA:286,0
DA:288,0
DA:294,0
DA:295,0
DA:297,0
DA:298,0
DA:299,0
DA:300,0
DA:301,0
DA:302,0
DA:305,0
DA:306,0
DA:307,0
DA:309,0
DA:317,0
DA:318,0
DA:319,0
DA:320,0
DA:321,0
DA:322,0
DA:325,0
DA:327,0
DA:330,0
DA:331,0
DA:332,0
DA:333,0
DA:334,0
DA:335,0
DA:336,0
DA:341,0
DA:343,0
DA:347,0
DA:354,0
DA:355,0
DA:356,0
DA:357,0
DA:358,0
DA:359,0
DA:360,0
DA:361,0
DA:368,0
DA:369,0
DA:370,0
DA:371,0
LF:184
LH:0
BRDA:31,0,0,0
BRDA:31,0,1,0
BRDA:32,1,0,0
BRDA:32,1,1,0
BRDA:33,2,0,0
BRDA:33,2,1,0
BRDA:34,3,0,0
BRDA:34,3,1,0
BRDA:35,4,0,0
BRDA:35,4,1,0
BRDA:36,5,0,0
BRDA:36,5,1,0
BRDA:39,6,0,0
BRDA:39,6,1,0
BRDA:40,7,0,0
BRDA:40,7,1,0
BRDA:41,8,0,0
BRDA:41,8,1,0
BRDA:42,9,0,0
BRDA:42,9,1,0
BRDA:43,10,0,0
BRDA:43,10,1,0
BRDA:83,11,0,0
BRDA:83,11,1,0
BRDA:119,12,0,0
BRDA:119,12,1,0
BRDA:120,13,0,0
BRDA:120,13,1,0
BRDA:158,14,0,0
BRDA:158,14,1,0
BRDA:158,15,0,0
BRDA:158,15,1,0
BRDA:159,16,0,0
BRDA:159,16,1,0
BRDA:177,17,0,0
BRDA:177,17,1,0
BRDA:185,18,0,0
BRDA:185,18,1,0
BRDA:186,19,0,0
BRDA:186,19,1,0
BRDA:191,20,0,0
BRDA:191,20,1,0
BRDA:199,21,0,0
BRDA:199,21,1,0
BRDA:207,22,0,0
BRDA:207,22,1,0
BRDA:208,23,0,0
BRDA:208,23,1,0
BRDA:216,24,0,0
BRDA:216,24,1,0
BRDA:238,25,0,0
BRDA:238,25,1,0
BRDA:246,26,0,0
BRDA:246,26,1,0
BRDA:267,27,0,0
BRDA:267,27,1,0
BRDA:279,28,0,0
BRDA:279,28,1,0
BRDA:280,29,0,0
BRDA:280,29,1,0
BRDA:284,30,0,0
BRDA:284,30,1,0
BRDA:300,31,0,0
BRDA:300,31,1,0
BRDA:301,32,0,0
BRDA:301,32,1,0
BRDA:305,33,0,0
BRDA:305,33,1,0
BRDA:327,34,0,0
BRDA:327,34,1,0
BRDA:332,35,0,0
BRDA:332,35,1,0
BRDA:333,36,0,0
BRDA:333,36,1,0
BRDA:334,37,0,0
BRDA:334,37,1,0
BRDA:335,38,0,0
BRDA:335,38,1,0
BRDA:336,39,0,0
BRDA:336,39,1,0
BRDA:358,40,0,0
BRDA:358,40,1,0
BRDA:358,41,0,0
BRDA:358,41,1,0
BRF:84
BRH:0
end_of_record
TN:
SF:/home/vagrant/psychotest-dev/app/src/components/psychoapi.js
FN:7,(anonymous_0)
FN:9,(anonymous_1)
FN:44,(anonymous_2)
FN:47,(anonymous_3)
FN:48,(anonymous_4)
FN:55,(anonymous_5)
FN:57,(anonymous_6)
FN:63,(anonymous_7)
FN:69,(anonymous_8)
FN:79,(anonymous_9)
FN:85,(anonymous_10)
FN:90,(anonymous_11)
FN:100,(anonymous_12)
FN:106,(anonymous_13)
FN:112,(anonymous_14)
FN:121,(anonymous_15)
FN:129,(anonymous_16)
FN:139,(anonymous_17)
FN:141,(anonymous_18)
FN:142,(anonymous_19)
FN:149,(anonymous_20)
FN:151,(anonymous_21)
FN:152,(anonymous_22)
FN:153,(anonymous_23)
FN:157,(anonymous_24)
FN:166,(anonymous_25)
FN:167,(anonymous_26)
FN:170,(anonymous_27)
FN:181,(anonymous_28)
FN:182,(anonymous_29)
FN:185,(anonymous_30)
FN:189,(anonymous_31)
FN:198,(anonymous_32)
FN:199,(anonymous_33)
FN:199,(anonymous_34)
FN:202,(anonymous_35)
FN:207,(anonymous_36)
FN:213,(anonymous_37)
FN:218,(anonymous_38)
FN:222,(anonymous_39)
FN:227,(anonymous_40)
FN:230,(anonymous_41)
FN:236,(anonymous_42)
FN:242,(anonymous_43)
FN:244,(anonymous_44)
FN:247,(anonymous_45)
FN:248,(anonymous_46)
FN:251,(anonymous_47)
FN:257,(anonymous_48)
FN:264,(anonymous_49)
FN:271,(anonymous_50)
FN:279,(anonymous_51)
FN:287,(anonymous_52)
FN:291,(anonymous_53)
FN:294,(anonymous_54)
FN:302,(anonymous_55)
FN:309,(anonymous_56)
FN:310,(anonymous_57)
FN:313,(anonymous_58)
FN:320,(anonymous_59)
FN:321,(anonymous_60)
FN:324,(anonymous_61)
FN:326,(anonymous_62)
FN:327,(anonymous_63)
FN:330,(anonymous_64)
FN:332,(anonymous_65)
FN:333,(anonymous_66)
FNF:67
FNH:0
FNDA:0,(anonymous_0)
FNDA:0,(anonymous_1)
FNDA:0,(anonymous_2)
FNDA:0,(anonymous_3)
FNDA:0,(anonymous_4)
FNDA:0,(anonymous_5)
FNDA:0,(anonymous_6)
FNDA:0,(anonymous_7)
FNDA:0,(anonymous_8)
FNDA:0,(anonymous_9)
FNDA:0,(anonymous_10)
FNDA:0,(anonymous_11)
FNDA:0,(anonymous_12)
FNDA:0,(anonymous_13)
FNDA:0,(anonymous_14)
FNDA:0,(anonymous_15)
FNDA:0,(anonymous_16)
FNDA:0,(anonymous_17)
FNDA:0,(anonymous_18)
FNDA:0,(anonymous_19)
FNDA:0,(anonymous_20)
FNDA:0,(anonymous_21)
FNDA:0,(anonymous_22)
FNDA:0,(anonymous_23)
FNDA:0,(anonymous_24)
FNDA:0,(anonymous_25)
FNDA:0,(anonymous_26)
FNDA:0,(anonymous_27)
FNDA:0,(anonymous_28)
FNDA:0,(anonymous_29)
FNDA:0,(anonymous_30)
FNDA:0,(anonymous_31)
FNDA:0,(anonymous_32)
FNDA:0,(anonymous_33)
FNDA:0,(anonymous_34)
FNDA:0,(anonymous_35)
FNDA:0,(anonymous_36)
FNDA:0,(anonymous_37)
FNDA:0,(anonymous_38)
FNDA:0,(anonymous_39)
FNDA:0,(anonymous_40)
FNDA:0,(anonymous_41)
FNDA:0,(anonymous_42)
FNDA:0,(anonymous_43)
FNDA:0,(anonymous_44)
FNDA:0,(anonymous_45)
FNDA:0,(anonymous_46)
FNDA:0,(anonymous_47)
FNDA:0,(anonymous_48)
FNDA:0,(anonymous_49)
FNDA:0,(anonymous_50)
FNDA:0,(anonymous_51)
FNDA:0,(anonymous_52)
FNDA:0,(anonymous_53)
FNDA:0,(anonymous_54)
FNDA:0,(anonymous_55)
FNDA:0,(anonymous_56)
FNDA:0,(anonymous_57)
FNDA:0,(anonymous_58)
FNDA:0,(anonymous_59)
FNDA:0,(anonymous_60)
FNDA:0,(anonymous_61)
FNDA:0,(anonymous_62)
FNDA:0,(anonymous_63)
FNDA:0,(anonymous_64)
FNDA:0,(anonymous_65)
FNDA:0,(anonymous_66)
DA:5,0
DA:8,0
DA:9,0
DA:10,0
DA:21,0
DA:22,0
DA:23,0
DA:24,0
DA:26,0
DA:27,0
DA:28,0
DA:29,0
DA:30,0
DA:31,0
DA:32,0
DA:33,0
DA:34,0
DA:35,0
DA:38,0
DA:39,0
DA:40,0
DA:41,0
DA:45,0
DA:46,0
DA:47,0
DA:48,0
DA:56,0
DA:58,0
DA:60,0
DA:61,0
DA:65,0
DA:70,0
DA:71,0
DA:77,0
DA:78,0
DA:80,0
DA:82,0
DA:83,0
DA:87,0
DA:91,0
DA:92,0
DA:98,0
DA:99,0
DA:101,0
DA:103,0
DA:104,0
DA:108,0
DA:114,0
DA:115,0
DA:120,0
DA:122,0
DA:124,0
DA:125,0
DA:130,0
DA:131,0
DA:140,0
DA:141,0
DA:144,0
DA:150,0
DA:151,0
DA:152,0
DA:153,0
DA:158,0
DA:162,0
DA:163,0
DA:165,0
DA:166,0
DA:167,0
DA:171,0
DA:175,0
DA:176,0
DA:177,0
DA:179,0
DA:180,0
DA:181,0
DA:182,0
DA:186,0
DA:190,0
DA:194,0
DA:195,0
DA:197,0
DA:198,0
DA:199,0
DA:203,0
DA:204,0
DA:205,0
DA:206,0
DA:209,0
DA:211,0
DA:212,0
DA:215,0
DA:218,0
DA:224,0
DA:225,0
DA:226,0
DA:227,0
DA:228,0
DA:229,0
DA:231,0
DA:235,0
DA:237,0
DA:238,0
DA:244,0
DA:246,0
DA:247,0
DA:248,0
DA:252,0
DA:253,0
DA:254,0
DA:255,0
DA:258,0
DA:259,0
DA:260,0
DA:261,0
DA:262,0
DA:265,0
DA:266,0
DA:267,0
DA:268,0
DA:273,0
DA:278,0
DA:280,0
DA:283,0
DA:288,0
DA:292,0
DA:293,0
DA:295,0
DA:296,0
DA:303,0
DA:308,0
DA:309,0
DA:310,0
DA:314,0
DA:319,0
DA:320,0
DA:321,0
DA:325,0
DA:326,0
DA:327,0
DA:331,0
DA:332,0
DA:333,0
LF:142
LH:0
BRDA:22,0,0,0
BRDA:22,0,1,0
BRDA:23,1,0,0
BRDA:23,1,1,0
BRDA:27,2,0,0
BRDA:27,2,1,0
BRDA:70,3,0,0
BRDA:70,3,1,0
BRDA:91,4,0,0
BRDA:91,4,1,0
BRDA:114,5,0,0
BRDA:114,5,1,0
BRDA:130,6,0,0
BRDA:130,6,1,0
BRDA:140,7,0,0
BRDA:140,7,1,0
BRDA:162,8,0,0
BRDA:162,8,1,0
BRDA:176,9,0,0
BRDA:176,9,1,0
BRDA:194,10,0,0
BRDA:194,10,1,0
BRDA:205,11,0,0
BRDA:205,11,1,0
BRDA:211,12,0,0
BRDA:211,12,1,0
BRDA:225,13,0,0
BRDA:225,13,1,0
BRDA:228,14,0,0
BRDA:228,14,1,0
BRDA:244,15,0,0
BRDA:244,15,1,0
BRDA:259,16,0,0
BRDA:259,16,1,0
BRDA:261,17,0,0
BRDA:261,17,1,0
BRDA:292,18,0,0
BRDA:292,18,1,0
BRDA:292,19,0,0
BRDA:292,19,1,0
BRDA:295,20,0,0
BRDA:295,20,1,0
BRF:42
BRH:0
end_of_record
TN:
SF:/home/vagrant/psychotest-dev/app/src/components/ranking2dinterpreter.js
FN:47,(anonymous_0)
FN:53,(anonymous_1)
FN:65,(anonymous_2)
FN:73,(anonymous_3)
FN:85,(anonymous_4)
FN:102,(anonymous_5)
FN:114,(anonymous_6)
FN:132,(anonymous_7)
FN:141,(anonymous_8)
FN:150,(anonymous_9)
FN:171,(anonymous_10)
FN:180,(anonymous_11)
FN:187,(anonymous_12)
FN:211,(anonymous_13)
FN:227,(anonymous_14)
FN:332,(anonymous_15)
FN:354,(anonymous_16)
FNF:17
FNH:0
FNDA:0,(anonymous_0)
FNDA:0,(anonymous_1)
FNDA:0,(anonymous_2)
FNDA:0,(anonymous_3)
FNDA:0,(anonymous_4)
FNDA:0,(anonymous_5)
FNDA:0,(anonymous_6)
FNDA:0,(anonymous_7)
FNDA:0,(anonymous_8)
FNDA:0,(anonymous_9)
FNDA:0,(anonymous_10)
FNDA:0,(anonymous_11)
FNDA:0,(anonymous_12)
FNDA:0,(anonymous_13)
FNDA:0,(anonymous_14)
FNDA:0,(anonymous_15)
FNDA:0,(anonymous_16)
DA:2,0
DA:19,0
DA:23,0
DA:26,0
DA:37,0
DA:41,0
DA:48,0
DA:49,0
DA:50,0
DA:54,0
DA:55,0
DA:56,0
DA:57,0
DA:58,0
DA:59,0
DA:66,0
DA:67,0
DA:68,0
DA:70,0
DA:74,0
DA:75,0
DA:76,0
DA:77,0
DA:78,0
DA:79,0
DA:81,0
DA:86,0
DA:87,0
DA:88,0
DA:89,0
DA:90,0
DA:93,0
DA:94,0
DA:95,0
DA:96,0
DA:98,0
DA:103,0
DA:104,0
DA:105,0
DA:106,0
DA:107,0
DA:110,0
DA:111,0
DA:112,0
DA:115,0
DA:116,0
DA:118,0
DA:119,0
DA:120,0
DA:121,0
DA:123,0
DA:125,0
DA:126,0
DA:127,0
DA:128,0
DA:133,0
DA:134,0
DA:135,0
DA:136,0
DA:138,0
DA:143,0
DA:144,0
DA:145,0
DA:146,0
DA:147,0
DA:151,0
DA:152,0
DA:153,0
DA:155,0
DA:157,0
DA:158,0
DA:159,0
DA:161,0
DA:163,0
DA:164,0
DA:165,0
DA:166,0
DA:167,0
DA:172,0
DA:173,0
DA:174,0
DA:175,0
DA:176,0
DA:181,0
DA:182,0
DA:183,0
DA:188,0
DA:189,0
DA:190,0
DA:191,0
DA:194,0
DA:195,0
DA:212,0
DA:228,0
DA:230,0
DA:231,0
DA:233,0
DA:234,0
DA:235,0
DA:236,0
DA:237,0
DA:238,0
DA:239,0
DA:242,0
DA:243,0
DA:244,0
DA:245,0
DA:248,0
DA:249,0
DA:251,0
DA:252,0
DA:256,0
DA:257,0
DA:259,0
DA:260,0
DA:264,0
DA:265,0
DA:266,0
DA:270,0
DA:271,0
DA:272,0
DA:273,0
DA:277,0
DA:278,0
DA:282,0
DA:283,0
DA:285,0
DA:289,0
DA:290,0
DA:291,0
DA:292,0
DA:293,0
DA:294,0
DA:296,0
DA:300,0
DA:301,0
DA:303,0
DA:305,0
DA:307,0
DA:309,0
DA:310,0
DA:312,0
DA:313,0
DA:316,0
DA:318,0
DA:319,0
DA:321,0
DA:322,0
DA:324,0
DA:325,0
DA:327,0
DA:329,0
DA:334,0
DA:335,0
DA:336,0
DA:337,0
DA:338,0
DA:339,0
DA:341,0
DA:342,0
DA:344,0
DA:345,0
DA:347,0
DA:348,0
DA:350,0
DA:355,0
DA:357,0
DA:358,0
DA:359,0
LF:169
LH:0
BRDA:57,0,0,0
BRDA:57,0,1,0
BRDA:89,1,0,0
BRDA:89,1,1,0
BRDA:118,2,0,0
BRDA:118,2,1,0
BRDA:128,3,0,0
BRDA:128,3,1,0
BRDA:128,4,0,0
BRDA:128,4,1,0
BRDA:161,5,0,0
BRDA:161,5,1,0
BRDA:163,6,0,0
BRDA:163,6,1,0
BRDA:163,7,0,0
BRDA:163,7,1,0
BRDA:164,8,0,0
BRDA:164,8,1,0
BRDA:164,9,0,0
BRDA:164,9,1,0
BRDA:174,10,0,0
BRDA:174,10,1,0
BRDA:174,11,0,0
BRDA:174,11,1,0
BRDA:182,12,0,0
BRDA:182,12,1,0
BRDA:191,13,0,0
BRDA:191,13,1,0
BRDA:228,14,0,0
BRDA:228,14,1,0
BRDA:235,15,0,0
BRDA:235,15,1,0
BRDA:235,16,0,0
BRDA:235,16,1,0
BRDA:249,17,0,0
BRDA:249,17,1,0
BRDA:249,18,0,0
BRDA:249,18,1,0
BRDA:252,19,0,0
BRDA:252,19,1,0
BRDA:252,20,0,0
BRDA:252,20,1,0
BRDA:256,21,0,0
BRDA:256,21,1,0
BRDA:259,22,0,0
BRDA:259,22,1,0
BRDA:265,23,0,0
BRDA:265,23,1,0
BRDA:282,24,0,0
BRDA:282,24,1,0
BRDA:283,25,0,0
BRDA:283,25,1,0
BRDA:285,26,0,0
BRDA:285,26,1,0
BRDA:289,27,0,0
BRDA:289,27,1,0
BRDA:303,28,0,0
BRDA:303,28,1,0
BRDA:303,28,2,0
BRDA:316,29,0,0
BRDA:316,29,1,0
BRDA:316,29,2,0
BRDA:334,30,0,0
BRDA:334,30,1,0
BRDA:347,31,0,0
BRDA:347,31,1,0
BRF:66
BRH:0
end_of_record
TN:
SF:/home/vagrant/psychotest-dev/app/src/components/responseinterpreter.js
FN:8,(anonymous_0)
FN:15,(anonymous_1)
FN:20,(anonymous_2)
FN:24,(anonymous_3)
FN:48,(anonymous_4)
FN:54,(anonymous_5)
FN:61,(anonymous_6)
FN:67,(anonymous_7)
FN:74,(anonymous_8)
FN:81,(anonymous_9)
FN:87,(anonymous_10)
FNF:11
FNH:0
FNDA:0,(anonymous_0)
FNDA:0,(anonymous_1)
FNDA:0,(anonymous_2)
FNDA:0,(anonymous_3)
FNDA:0,(anonymous_4)
FNDA:0,(anonymous_5)
FNDA:0,(anonymous_6)
FNDA:0,(anonymous_7)
FNDA:0,(anonymous_8)
FNDA:0,(anonymous_9)
FNDA:0,(anonymous_10)
DA:9,0
DA:10,0
DA:11,0
DA:12,0
DA:16,0
DA:17,0
DA:21,0
DA:27,0
DA:28,0
DA:29,0
DA:30,0
DA:31,0
DA:49,0
DA:50,0
DA:55,0
DA:56,0
DA:62,0
DA:63,0
DA:64,0
DA:69,0
DA:70,0
DA:71,0
DA:76,0
DA:77,0
DA:78,0
DA:82,0
DA:83,0
DA:84,0
DA:85,0
DA:86,0
DA:87,0
DA:88,0
DA:90,0
DA:93,0
LF:34
LH:0
BRDA:27,0,0,0
BRDA:27,0,1,0
BRDA:28,1,0,0
BRDA:28,1,1,0
BRDA:49,2,0,0
BRDA:49,2,1,0
BRDA:50,3,0,0
BRDA:50,3,1,0
BRDA:50,4,0,0
BRDA:50,4,1,0
BRDA:55,5,0,0
BRDA:55,5,1,0
BRDA:56,6,0,0
BRDA:56,6,1,0
BRDA:56,7,0,0
BRDA:56,7,1,0
BRDA:62,8,0,0
BRDA:62,8,1,0
BRDA:69,9,0,0
BRDA:69,9,1,0
BRDA:77,10,0,0
BRDA:77,10,1,0
BRDA:82,11,0,0
BRDA:82,11,1,0
BRDA:83,12,0,0
BRDA:83,12,1,0
BRDA:84,13,0,0
BRDA:84,13,1,0
BRDA:85,14,0,0
BRDA:85,14,1,0
BRDA:88,15,0,0
BRDA:88,15,1,0
BRF:32
BRH:0
end_of_record
TN:
SF:/home/vagrant/psychotest-dev/app/src/components/stimulusinterpreter.js
FN:11,(anonymous_0)
FN:20,(anonymous_1)
FN:36,(anonymous_2)
FN:50,(anonymous_3)
FN:62,(anonymous_4)
FN:105,(anonymous_5)
FN:125,(anonymous_6)
FN:147,(anonymous_7)
FN:176,(anonymous_8)
FN:234,(anonymous_9)
FN:241,(anonymous_10)
FNF:11
FNH:0
FNDA:0,(anonymous_0)
FNDA:0,(anonymous_1)
FNDA:0,(anonymous_2)
FNDA:0,(anonymous_3)
FNDA:0,(anonymous_4)
FNDA:0,(anonymous_5)
FNDA:0,(anonymous_6)
FNDA:0,(anonymous_7)
FNDA:0,(anonymous_8)
FNDA:0,(anonymous_9)
FNDA:0,(anonymous_10)
DA:12,0
DA:13,0
DA:14,0
DA:15,0
DA:16,0
DA:22,0
DA:37,0
DA:38,0
DA:39,0
DA:40,0
DA:42,0
DA:43,0
DA:44,0
DA:46,0
DA:51,0
DA:52,0
DA:53,0
DA:54,0
DA:63,0
DA:64,0
DA:65,0
DA:67,0
DA:68,0
DA:71,0
DA:72,0
DA:74,0
DA:75,0
DA:77,0
DA:81,0
DA:83,0
DA:84,0
DA:87,0
DA:88,0
DA:90,0
DA:91,0
DA:93,0
DA:94,0
DA:95,0
DA:96,0
DA:97,0
DA:98,0
DA:99,0
DA:100,0
DA:107,0
DA:112,0
DA:113,0
DA:115,0
DA:116,0
DA:117,0
DA:118,0
DA:119,0
DA:120,0
DA:126,0
DA:128,0
DA:129,0
DA:132,0
DA:133,0
DA:135,0
DA:136,0
DA:138,0
DA:141,0
DA:143,0
DA:148,0
DA:150,0
DA:151,0
DA:152,0
DA:155,0
DA:156,0
DA:158,0
DA:159,0
DA:160,0
DA:162,0
DA:163,0
DA:166,0
DA:177,0
DA:178,0
DA:179,0
DA:181,0
DA:182,0
DA:183,0
DA:184,0
DA:187,0
DA:189,0
DA:191,0
DA:192,0
DA:194,0
DA:196,0
DA:197,0
DA:198,0
DA:200,0
DA:201,0
DA:203,0
DA:204,0
DA:205,0
DA:206,0
DA:212,0
DA:215,0
DA:217,0
DA:219,0
DA:221,0
DA:225,0
DA:227,0
DA:235,0
DA:242,0
DA:243,0
DA:244,0
LF:106
LH:0
BRDA:37,0,0,0
BRDA:37,0,1,0
BRDA:42,1,0,0
BRDA:42,1,1,0
BRDA:51,2,0,0
BRDA:51,2,1,0
BRDA:63,3,0,0
BRDA:63,3,1,0
BRDA:63,4,0,0
BRDA:63,4,1,0
BRDA:65,5,0,0
BRDA:65,5,1,0
BRDA:65,5,2,0
BRDA:65,5,3,0
BRDA:65,5,4,0
BRDA:81,6,0,0
BRDA:81,6,1,0
BRDA:81,6,2,0
BRDA:81,6,3,0
BRDA:81,6,4,0
BRDA:95,7,0,0
BRDA:95,7,1,0
BRDA:96,8,0,0
BRDA:96,8,1,0
BRDA:97,9,0,0
BRDA:97,9,1,0
BRDA:98,10,0,0
BRDA:98,10,1,0
BRDA:107,11,0,0
BRDA:107,11,1,0
BRDA:107,11,2,0
BRDA:107,11,3,0
BRDA:107,11,4,0
BRDA:126,12,0,0
BRDA:126,12,1,0
BRDA:126,12,2,0
BRDA:126,12,3,0
BRDA:126,12,4,0
BRDA:148,13,0,0
BRDA:148,13,1,0
BRDA:148,13,2,0
BRDA:148,13,3,0
BRDA:148,13,4,0
BRDA:187,14,0,0
BRDA:187,14,1,0
BRDA:194,15,0,0
BRDA:194,15,1,0
BRDA:194,16,0,0
BRDA:194,16,1,0
BRDA:198,17,0,0
BRDA:198,17,1,0
BRDA:215,18,0,0
BRDA:215,18,1,0
BRDA:225,19,0,0
BRDA:225,19,1,0
BRF:55
BRH:0
end_of_record
TN:
SF:/home/vagrant/psychotest-dev/app/src/editor/account.js
FN:7,(anonymous_0)
FN:11,(anonymous_1)
FN:16,(anonymous_2)
FN:22,(anonymous_3)
FNF:4
FNH:0
FNDA:0,(anonymous_0)
FNDA:0,(anonymous_1)
FNDA:0,(anonymous_2)
FNDA:0,(anonymous_3)
DA:8,0
DA:9,0
DA:12,0
DA:13,0
DA:15,0
DA:17,0
DA:21,0
DA:23,0
LF:8
LH:0
BRDA:23,0,0,0
BRDA:23,0,1,0
BRF:2
BRH:0
end_of_record
TN:
SF:/home/vagrant/psychotest-dev/app/src/editor/app.js
FN:8,(anonymous_0)
FN:12,(anonymous_1)
FN:15,(anonymous_2)
FN:20,(anonymous_3)
FN:24,(anonymous_4)
FNF:5
FNH:0
FNDA:0,(anonymous_0)
FNDA:0,(anonymous_1)
FNDA:0,(anonymous_2)
FNDA:0,(anonymous_3)
FNDA:0,(anonymous_4)
DA:9,0
DA:13,0
DA:14,0
DA:16,0
DA:21,0
DA:25,0
DA:26,0
DA:92,0
LF:8
LH:0
BRF:0
BRH:0
end_of_record
TN:
SF:/home/vagrant/psychotest-dev/app/src/editor/dashboard.js
FN:6,(anonymous_0)
FN:13,(anonymous_1)
FN:16,(anonymous_2)
FN:20,(anonymous_3)
FN:23,(anonymous_4)
FN:29,(anonymous_5)
FN:34,(anonymous_6)
FN:37,(anonymous_7)
FN:40,(anonymous_8)
FN:43,(anonymous_9)
FN:45,(anonymous_10)
FN:46,(anonymous_11)
FN:50,(anonymous_12)
FN:54,(anonymous_13)
FNF:14
FNH:0
FNDA:0,(anonymous_0)
FNDA:0,(anonymous_1)
FNDA:0,(anonymous_2)
FNDA:0,(anonymous_3)
FNDA:0,(anonymous_4)
FNDA:0,(anonymous_5)
FNDA:0,(anonymous_6)
FNDA:0,(anonymous_7)
FNDA:0,(anonymous_8)
FNDA:0,(anonymous_9)
FNDA:0,(anonymous_10)
FNDA:0,(anonymous_11)
FNDA:0,(anonymous_12)
FNDA:0,(anonymous_13)
DA:7,0
DA:8,0
DA:9,0
DA:10,0
DA:11,0
DA:15,0
DA:17,0
DA:19,0
DA:21,0
DA:22,0
DA:25,0
DA:28,0
DA:30,0
DA:44,0
DA:46,0
DA:51,0
DA:52,0
DA:55,0
DA:56,0
LF:19
LH:0
BRDA:21,0,0,0
BRDA:21,0,1,0
BRF:2
BRH:0
end_of_record
TN:
SF:/home/vagrant/psychotest-dev/app/src/editor/edittest.js
FN:16,(anonymous_0)
FN:29,(anonymous_1)
FN:36,(anonymous_2)
FN:41,(anonymous_3)
FN:65,(anonymous_4)
FN:72,(anonymous_5)
FN:85,(anonymous_6)
FN:100,(anonymous_7)
FN:125,(anonymous_8)
FN:131,(anonymous_9)
FN:132,(anonymous_10)
FN:137,(anonymous_11)
FN:144,(anonymous_12)
FN:148,(anonymous_13)
FN:167,(anonymous_14)
FN:172,(anonymous_15)
FN:180,(anonymous_16)
FN:185,(anonymous_17)
FN:190,(anonymous_18)
FN:196,(anonymous_19)
FN:203,(anonymous_20)
FNF:21
FNH:0
FNDA:0,(anonymous_0)
FNDA:0,(anonymous_1)
FNDA:0,(anonymous_2)
FNDA:0,(anonymous_3)
FNDA:0,(anonymous_4)
FNDA:0,(anonymous_5)
FNDA:0,(anonymous_6)
FNDA:0,(anonymous_7)
FNDA:0,(anonymous_8)
FNDA:0,(anonymous_9)
FNDA:0,(anonymous_10)
FNDA:0,(anonymous_11)
FNDA:0,(anonymous_12)
FNDA:0,(anonymous_13)
FNDA:0,(anonymous_14)
FNDA:0,(anonymous_15)
FNDA:0,(anonymous_16)
FNDA:0,(anonymous_17)
FNDA:0,(anonymous_18)
FNDA:0,(anonymous_19)
FNDA:0,(anonymous_20)
DA:17,0
DA:18,0
DA:19,0
DA:20,0
DA:21,0
DA:22,0
DA:30,0
DA:31,0
DA:32,0
DA:33,0
DA:35,0
DA:37,0
DA:44,0
DA:45,0
DA:58,0
DA:61,0
DA:67,0
DA:69,0
DA:74,0
DA:75,0
DA:76,0
DA:78,0
DA:80,0
DA:81,0
DA:82,0
DA:83,0
DA:85,0
DA:86,0
DA:87,0
DA:88,0
DA:89,0
DA:93,0
DA:94,0
DA:96,0
DA:101,0
DA:102,0
DA:103,0
DA:104,0
DA:105,0
DA:106,0
DA:107,0
DA:108,0
DA:109,0
DA:110,0
DA:111,0
DA:114,0
DA:115,0
DA:116,0
DA:117,0
DA:118,0
DA:119,0
DA:122,0
DA:126,0
DA:127,0
DA:139,0
DA:140,0
DA:145,0
DA:149,0
DA:150,0
DA:151,0
DA:153,0
DA:154,0
DA:155,0
DA:156,0
DA:157,0
DA:158,0
DA:159,0
DA:162,0
DA:163,0
DA:164,0
DA:168,0
DA:169,0
DA:175,0
DA:176,0
DA:177,0
DA:181,0
DA:182,0
DA:186,0
DA:187,0
DA:191,0
DA:192,0
DA:193,0
DA:197,0
DA:198,0
DA:199,0
DA:200,0
DA:204,0
DA:205,0
DA:206,0
DA:207,0
DA:208,0
LF:91
LH:0
BRDA:58,0,0,0
BRDA:58,0,1,0
BRDA:61,1,0,0
BRDA:61,1,1,0
BRDA:81,2,0,0
BRDA:81,2,1,0
BRDA:109,3,0,0
BRDA:109,3,1,0
BRDA:117,4,0,0
BRDA:117,4,1,0
BRDA:127,5,0,0
BRDA:127,5,1,0
BRDA:149,6,0,0
BRDA:149,6,1,0
BRF:14
BRH:0
end_of_record
TN:
SF:/home/vagrant/psychotest-dev/app/src/editor/help.js
FN:9,(anonymous_0)
FN:12,(anonymous_1)
FNF:2
FNH:0
FNDA:0,(anonymous_0)
FNDA:0,(anonymous_1)
DA:10,0
DA:13,0
DA:14,0
DA:15,0
LF:4
LH:0
BRDA:14,0,0,0
BRDA:14,0,1,0
BRF:2
BRH:0
end_of_record
TN:
SF:/home/vagrant/psychotest-dev/app/src/editor/pdsl-mode.js
FN:7,(anonymous_0)
FN:13,(anonymous_1)
FN:42,(anonymous_2)
FN:47,(anonymous_3)
FN:52,WebpackWorkerClient
FN:64,(anonymous_5)
FN:68,(anonymous_6)
FN:72,(anonymous_7)
FN:76,(anonymous_8)
FN:88,(anonymous_9)
FN:89,(anonymous_10)
FN:178,(anonymous_11)
FNF:12
FNH:0
FNDA:0,(anonymous_0)
FNDA:0,(anonymous_1)
FNDA:0,(anonymous_2)
FNDA:0,(anonymous_3)
FNDA:0,WebpackWorkerClient
FNDA:0,(anonymous_5)
FNDA:0,(anonymous_6)
FNDA:0,(anonymous_7)
FNDA:0,(anonymous_8)
FNDA:0,(anonymous_9)
FNDA:0,(anonymous_10)
FNDA:0,(anonymous_11)
DA:1,0
DA:2,0
DA:3,0
DA:4,0
DA:5,0
DA:7,0
DA:8,0
DA:9,0
DA:10,0
DA:11,0
DA:13,0
DA:14,0
DA:23,0
DA:40,0
DA:42,0
DA:43,0
DA:45,0
DA:47,0
DA:49,0
DA:51,0
DA:53,0
DA:54,0
DA:55,0
DA:56,0
DA:57,0
DA:58,0
DA:59,0
DA:61,0
DA:64,0
DA:65,0
DA:66,0
DA:68,0
DA:69,0
DA:72,0
DA:73,0
DA:76,0
DA:77,0
DA:80,0
DA:86,0
DA:88,0
DA:89,0
DA:90,0
DA:91,0
DA:92,0
DA:93,0
DA:94,0
DA:95,0
DA:96,0
DA:97,0
DA:100,0
DA:103,0
DA:107,0
DA:112,0
DA:176,0
DA:178,0
DA:179,0
LF:56
LH:0
BRF:0
BRH:0
end_of_record
TN:
SF:/home/vagrant/psychotest-dev/app/src/editor/pdsl-worker.js
FN:7,(anonymous_0)
FN:16,(anonymous_1)
FN:25,(anonymous_2)
FN:41,(anonymous_3)
FN:47,(anonymous_4)
FN:55,(anonymous_5)
FN:56,(anonymous_6)
FNF:7
FNH:0
FNDA:0,(anonymous_0)
FNDA:0,(anonymous_1)
FNDA:0,(anonymous_2)
FNDA:0,(anonymous_3)
FNDA:0,(anonymous_4)
FNDA:0,(anonymous_5)
FNDA:0,(anonymous_6)
DA:4,0
DA:7,0
DA:8,0
DA:9,0
DA:10,0
DA:13,0
DA:14,0
DA:16,0
DA:17,0
DA:25,0
DA:26,0
DA:28,0
DA:29,0
DA:31,0
DA:32,0
DA:33,0
DA:34,0
DA:35,0
DA:36,0
DA:37,0
DA:41,0
DA:44,0
DA:45,0
DA:47,0
DA:48,0
DA:49,0
DA:50,0
DA:53,0
DA:55,0
DA:56,0
DA:57,0
DA:58,0
DA:59,0
DA:63,0
DA:66,0
LF:35
LH:0
BRF:0
BRH:0
end_of_record
TN:
SF:/home/vagrant/psychotest-dev/app/src/editor/resultapp.js
FN:8,(anonymous_0)
FN:12,(anonymous_1)
FN:15,(anonymous_2)
FN:20,(anonymous_3)
FN:24,(anonymous_4)
FNF:5
FNH:0
FNDA:0,(anonymous_0)
FNDA:0,(anonymous_1)
FNDA:0,(anonymous_2)
FNDA:0,(anonymous_3)
FNDA:0,(anonymous_4)
DA:9,0
DA:13,0
DA:14,0
DA:16,0
DA:21,0
DA:25,0
DA:26,0
DA:60,0
LF:8
LH:0
BRF:0
BRH:0
end_of_record
TN:
SF:/home/vagrant/psychotest-dev/app/src/editor/results.js
FNF:0
FNH:0
LF:0
LH:0
BRF:0
BRH:0
end_of_record
TN:
SF:/home/vagrant/psychotest-dev/app/src/editor/settings.js
FN:8,(anonymous_0)
FN:12,(anonymous_1)
FN:16,(anonymous_2)
FN:18,(anonymous_3)
FN:22,(anonymous_4)
FN:28,(anonymous_5)
FN:33,(anonymous_6)
FN:38,(anonymous_7)
FNF:8
FNH:0
FNDA:0,(anonymous_0)
FNDA:0,(anonymous_1)
FNDA:0,(anonymous_2)
FNDA:0,(anonymous_3)
FNDA:0,(anonymous_4)
FNDA:0,(anonymous_5)
FNDA:0,(anonymous_6)
FNDA:0,(anonymous_7)
DA:9,0
DA:10,0
DA:13,0
DA:14,0
DA:15,0
DA:16,0
DA:19,0
DA:20,0
DA:23,0
DA:24,0
DA:29,0
DA:34,0
DA:35,0
DA:39,0
LF:14
LH:0
BRF:0
BRH:0
end_of_record
TN:
SF:/home/vagrant/psychotest-dev/app/src/editor/stimuli.js
FNF:0
FNH:0
LF:0
LH:0
BRF:0
BRH:0
end_of_record
TN:
SF:/home/vagrant/psychotest-dev/app/src/editor/parser/PDSLLexer.js
FN:408,(anonymous_0)
FN:410,PDSLLexer
FN:420,(anonymous_2)
FNF:3
FNH:0
FNDA:0,(anonymous_0)
FNDA:0,PDSLLexer
FNDA:0,(anonymous_2)
DA:3,0
DA:6,0
DA:406,0
DA:408,0
DA:411,0
DA:412,0
DA:413,0
DA:416,0
DA:417,0
DA:419,0
DA:421,0
DA:425,0
DA:426,0
DA:427,0
DA:428,0
DA:429,0
DA:430,0
DA:431,0
DA:432,0
DA:433,0
DA:434,0
DA:435,0
DA:436,0
DA:437,0
DA:438,0
DA:439,0
DA:440,0
DA:441,0
DA:442,0
DA:443,0
DA:444,0
DA:445,0
DA:446,0
DA:447,0
DA:448,0
DA:449,0
DA:450,0
DA:451,0
DA:452,0
DA:453,0
DA:454,0
DA:455,0
DA:456,0
DA:457,0
DA:458,0
DA:459,0
DA:460,0
DA:461,0
DA:462,0
DA:463,0
DA:464,0
DA:465,0
DA:466,0
DA:467,0
DA:468,0
DA:469,0
DA:470,0
DA:471,0
DA:472,0
DA:473,0
DA:474,0
DA:475,0
DA:476,0
DA:477,0
DA:478,0
DA:479,0
DA:481,0
DA:482,0
DA:483,0
DA:485,0
DA:487,0
DA:490,0
DA:506,0
DA:523,0
DA:540,0
DA:544,0
LF:76
LH:0
BRF:0
BRH:0
end_of_record
TN:
SF:/home/vagrant/psychotest-dev/app/src/editor/parser/PDSLParser.js
FN:187,(anonymous_0)
FN:223,PDSLParser
FN:236,(anonymous_2)
FN:331,DocumentContext
FN:347,(anonymous_4)
FN:351,(anonymous_5)
FN:362,(anonymous_6)
FN:373,(anonymous_7)
FN:384,(anonymous_8)
FN:390,(anonymous_9)
FN:401,(anonymous_10)
FN:484,TestrowContext
FN:500,(anonymous_12)
FN:504,(anonymous_13)
FN:508,(anonymous_14)
FN:514,(anonymous_15)
FN:525,(anonymous_16)
FN:549,DescriptionContext
FN:565,(anonymous_18)
FN:569,(anonymous_19)
FN:575,(anonymous_20)
FN:586,(anonymous_21)
FN:608,ConfigsectionContext
FN:624,(anonymous_23)
FN:628,(anonymous_24)
FN:632,(anonymous_25)
FN:636,(anonymous_26)
FN:640,(anonymous_27)
FN:644,(anonymous_28)
FN:648,(anonymous_29)
FN:652,(anonymous_30)
FN:664,(anonymous_31)
FN:670,(anonymous_32)
FN:681,(anonymous_33)
FN:746,TypeContext
FN:762,(anonymous_35)
FN:766,(anonymous_36)
FN:777,(anonymous_37)
FN:789,(anonymous_38)
FN:795,(anonymous_39)
FN:806,(anonymous_40)
FN:851,EducationalContext
FN:867,(anonymous_42)
FN:871,(anonymous_43)
FN:875,(anonymous_44)
FN:879,(anonymous_45)
FN:883,(anonymous_46)
FN:887,(anonymous_47)
FN:893,(anonymous_48)
FN:904,(anonymous_49)
FN:947,ScreensectionContext
FN:963,(anonymous_51)
FN:967,(anonymous_52)
FN:971,(anonymous_53)
FN:975,(anonymous_54)
FN:986,(anonymous_55)
FN:997,(anonymous_56)
FN:1003,(anonymous_57)
FN:1014,(anonymous_58)
FN:1079,ScreenconfigContext
FN:1095,(anonymous_60)
FN:1099,(anonymous_61)
FN:1103,(anonymous_62)
FN:1107,(anonymous_63)
FN:1111,(anonymous_64)
FN:1115,(anonymous_65)
FN:1119,(anonymous_66)
FN:1125,(anonymous_67)
FN:1136,(anonymous_68)
FN:1186,Screen2Context
FN:1202,(anonymous_70)
FN:1206,(anonymous_71)
FN:1210,(anonymous_72)
FN:1216,(anonymous_73)
FN:1227,(anonymous_74)
FN:1258,Screen1Context
FN:1274,(anonymous_76)
FN:1278,(anonymous_77)
FN:1282,(anonymous_78)
FN:1288,(anonymous_79)
FN:1299,(anonymous_80)
FN:1330,ScreenContext
FN:1346,(anonymous_82)
FN:1350,(anonymous_83)
FN:1354,(anonymous_84)
FN:1360,(anonymous_85)
FN:1371,(anonymous_86)
FN:1402,CommentContext
FN:1418,(anonymous_88)
FN:1422,(anonymous_89)
FN:1426,(anonymous_90)
FN:1432,(anonymous_91)
FN:1443,(anonymous_92)
FN:1474,ItemrowContext
FN:1490,(anonymous_94)
FN:1494,(anonymous_95)
FN:1498,(anonymous_96)
FN:1502,(anonymous_97)
FN:1506,(anonymous_98)
FN:1510,(anonymous_99)
FN:1514,(anonymous_100)
FN:1518,(anonymous_101)
FN:1522,(anonymous_102)
FN:1526,(anonymous_103)
FN:1530,(anonymous_104)
FN:1534,(anonymous_105)
FN:1540,(anonymous_106)
FN:1551,(anonymous_107)
FN:1621,PanelContext
FN:1637,(anonymous_109)
FN:1641,(anonymous_110)
FN:1645,(anonymous_111)
FN:1651,(anonymous_112)
FN:1662,(anonymous_113)
FN:1693,StyleContext
FN:1709,(anonymous_115)
FN:1713,(anonymous_116)
FN:1717,(anonymous_117)
FN:1723,(anonymous_118)
FN:1734,(anonymous_119)
FN:1758,StyleformContext
FN:1774,(anonymous_121)
FN:1778,(anonymous_122)
FN:1782,(anonymous_123)
FN:1788,(anonymous_124)
FN:1799,(anonymous_125)
FN:1823,StylebuttonContext
FN:1839,(anonymous_127)
FN:1843,(anonymous_128)
FN:1847,(anonymous_129)
FN:1853,(anonymous_130)
FN:1864,(anonymous_131)
FN:1888,TextContext
FN:1904,(anonymous_133)
FN:1908,(anonymous_134)
FN:1912,(anonymous_135)
FN:1918,(anonymous_136)
FN:1929,(anonymous_137)
FN:1960,StimulusContext
FN:1976,(anonymous_139)
FN:1980,(anonymous_140)
FN:1991,(anonymous_141)
FN:2003,(anonymous_142)
FN:2009,(anonymous_143)
FN:2020,(anonymous_144)
FN:2057,TaskContext
FN:2073,(anonymous_146)
FN:2077,(anonymous_147)
FN:2081,(anonymous_148)
FN:2092,(anonymous_149)
FN:2098,(anonymous_150)
FN:2109,(anonymous_151)
FN:2150,TaskforstimuliContext
FN:2166,(anonymous_153)
FN:2170,(anonymous_154)
FN:2174,(anonymous_155)
FN:2185,(anonymous_156)
FN:2191,(anonymous_157)
FN:2202,(anonymous_158)
FN:2237,Ranking1dContext
FN:2253,(anonymous_160)
FN:2257,(anonymous_161)
FN:2261,(anonymous_162)
FN:2267,(anonymous_163)
FN:2278,(anonymous_164)
FN:2302,Ranking2dContext
FN:2318,(anonymous_166)
FN:2322,(anonymous_167)
FN:2333,(anonymous_168)
FN:2337,(anonymous_169)
FN:2343,(anonymous_170)
FN:2354,(anonymous_171)
FN:2389,FieldContext
FN:2405,(anonymous_173)
FN:2409,(anonymous_174)
FN:2413,(anonymous_175)
FN:2419,(anonymous_176)
FN:2430,(anonymous_177)
FN:2460,RfieldContext
FN:2476,(anonymous_179)
FN:2480,(anonymous_180)
FN:2484,(anonymous_181)
FN:2490,(anonymous_182)
FN:2501,(anonymous_183)
FN:2531,ValuerowContext
FN:2547,(anonymous_185)
FN:2551,(anonymous_186)
FN:2555,(anonymous_187)
FN:2559,(anonymous_188)
FN:2563,(anonymous_189)
FN:2567,(anonymous_190)
FN:2571,(anonymous_191)
FN:2575,(anonymous_192)
FN:2581,(anonymous_193)
FN:2592,(anonymous_194)
FN:2646,ValuesContext
FN:2662,(anonymous_196)
FN:2666,(anonymous_197)
FN:2677,(anonymous_198)
FN:2689,(anonymous_199)
FN:2695,(anonymous_200)
FN:2706,(anonymous_201)
FN:2743,ValuesrContext
FN:2759,(anonymous_203)
FN:2763,(anonymous_204)
FN:2767,(anonymous_205)
FN:2773,(anonymous_206)
FN:2784,(anonymous_207)
FN:2808,ValuescContext
FN:2824,(anonymous_209)
FN:2828,(anonymous_210)
FN:2832,(anonymous_211)
FN:2838,(anonymous_212)
FN:2849,(anonymous_213)
FN:2873,ValuescrContext
FN:2889,(anonymous_215)
FN:2893,(anonymous_216)
FN:2897,(anonymous_217)
FN:2903,(anonymous_218)
FN:2914,(anonymous_219)
FN:2938,ScalevaluesContext
FN:2954,(anonymous_221)
FN:2958,(anonymous_222)
FN:2962,(anonymous_223)
FN:2968,(anonymous_224)
FN:2979,(anonymous_225)
FN:3003,ScaleContext
FN:3019,(anonymous_227)
FN:3023,(anonymous_228)
FN:3027,(anonymous_229)
FN:3033,(anonymous_230)
FN:3044,(anonymous_231)
FN:3068,EditContext
FN:3084,(anonymous_233)
FN:3088,(anonymous_234)
FN:3094,(anonymous_235)
FN:3105,(anonymous_236)
FNF:237
FNH:0
FNDA:0,(anonymous_0)
FNDA:0,PDSLParser
FNDA:0,(anonymous_2)
FNDA:0,DocumentContext
FNDA:0,(anonymous_4)
FNDA:0,(anonymous_5)
FNDA:0,(anonymous_6)
FNDA:0,(anonymous_7)
FNDA:0,(anonymous_8)
FNDA:0,(anonymous_9)
FNDA:0,(anonymous_10)
FNDA:0,TestrowContext
FNDA:0,(anonymous_12)
FNDA:0,(anonymous_13)
FNDA:0,(anonymous_14)
FNDA:0,(anonymous_15)
FNDA:0,(anonymous_16)
FNDA:0,DescriptionContext
FNDA:0,(anonymous_18)
FNDA:0,(anonymous_19)
FNDA:0,(anonymous_20)
FNDA:0,(anonymous_21)
FNDA:0,ConfigsectionContext
FNDA:0,(anonymous_23)
FNDA:0,(anonymous_24)
FNDA:0,(anonymous_25)
FNDA:0,(anonymous_26)
FNDA:0,(anonymous_27)
FNDA:0,(anonymous_28)
FNDA:0,(anonymous_29)
FNDA:0,(anonymous_30)
FNDA:0,(anonymous_31)
FNDA:0,(anonymous_32)
FNDA:0,(anonymous_33)
FNDA:0,TypeContext
FNDA:0,(anonymous_35)
FNDA:0,(anonymous_36)
FNDA:0,(anonymous_37)
FNDA:0,(anonymous_38)
FNDA:0,(anonymous_39)
FNDA:0,(anonymous_40)
FNDA:0,EducationalContext
FNDA:0,(anonymous_42)
FNDA:0,(anonymous_43)
FNDA:0,(anonymous_44)
FNDA:0,(anonymous_45)
FNDA:0,(anonymous_46)
FNDA:0,(anonymous_47)
FNDA:0,(anonymous_48)
FNDA:0,(anonymous_49)
FNDA:0,ScreensectionContext
FNDA:0,(anonymous_51)
FNDA:0,(anonymous_52)
FNDA:0,(anonymous_53)
FNDA:0,(anonymous_54)
FNDA:0,(anonymous_55)
FNDA:0,(anonymous_56)
FNDA:0,(anonymous_57)
FNDA:0,(anonymous_58)
FNDA:0,ScreenconfigContext
FNDA:0,(anonymous_60)
FNDA:0,(anonymous_61)
FNDA:0,(anonymous_62)
FNDA:0,(anonymous_63)
FNDA:0,(anonymous_64)
FNDA:0,(anonymous_65)
FNDA:0,(anonymous_66)
FNDA:0,(anonymous_67)
FNDA:0,(anonymous_68)
FNDA:0,Screen2Context
FNDA:0,(anonymous_70)
FNDA:0,(anonymous_71)
FNDA:0,(anonymous_72)
FNDA:0,(anonymous_73)
FNDA:0,(anonymous_74)
FNDA:0,Screen1Context
FNDA:0,(anonymous_76)
FNDA:0,(anonymous_77)
FNDA:0,(anonymous_78)
FNDA:0,(anonymous_79)
FNDA:0,(anonymous_80)
FNDA:0,ScreenContext
FNDA:0,(anonymous_82)
FNDA:0,(anonymous_83)
FNDA:0,(anonymous_84)
FNDA:0,(anonymous_85)
FNDA:0,(anonymous_86)
FNDA:0,CommentContext
FNDA:0,(anonymous_88)
FNDA:0,(anonymous_89)
FNDA:0,(anonymous_90)
FNDA:0,(anonymous_91)
FNDA:0,(anonymous_92)
FNDA:0,ItemrowContext
FNDA:0,(anonymous_94)
FNDA:0,(anonymous_95)
FNDA:0,(anonymous_96)
FNDA:0,(anonymous_97)
FNDA:0,(anonymous_98)
FNDA:0,(anonymous_99)
FNDA:0,(anonymous_100)
FNDA:0,(anonymous_101)
FNDA:0,(anonymous_102)
FNDA:0,(anonymous_103)
FNDA:0,(anonymous_104)
FNDA:0,(anonymous_105)
FNDA:0,(anonymous_106)
FNDA:0,(anonymous_107)
FNDA:0,PanelContext
FNDA:0,(anonymous_109)
FNDA:0,(anonymous_110)
FNDA:0,(anonymous_111)
FNDA:0,(anonymous_112)
FNDA:0,(anonymous_113)
FNDA:0,StyleContext
FNDA:0,(anonymous_115)
FNDA:0,(anonymous_116)
FNDA:0,(anonymous_117)
FNDA:0,(anonymous_118)
FNDA:0,(anonymous_119)
FNDA:0,StyleformContext
FNDA:0,(anonymous_121)
FNDA:0,(anonymous_122)
FNDA:0,(anonymous_123)
FNDA:0,(anonymous_124)
FNDA:0,(anonymous_125)
FNDA:0,StylebuttonContext
FNDA:0,(anonymous_127)
FNDA:0,(anonymous_128)
FNDA:0,(anonymous_129)
FNDA:0,(anonymous_130)
FNDA:0,(anonymous_131)
FNDA:0,TextContext
FNDA:0,(anonymous_133)
FNDA:0,(anonymous_134)
FNDA:0,(anonymous_135)
FNDA:0,(anonymous_136)
FNDA:0,(anonymous_137)
FNDA:0,StimulusContext
FNDA:0,(anonymous_139)
FNDA:0,(anonymous_140)
FNDA:0,(anonymous_141)
FNDA:0,(anonymous_142)
FNDA:0,(anonymous_143)
FNDA:0,(anonymous_144)
FNDA:0,TaskContext
FNDA:0,(anonymous_146)
FNDA:0,(anonymous_147)
FNDA:0,(anonymous_148)
FNDA:0,(anonymous_149)
FNDA:0,(anonymous_150)
FNDA:0,(anonymous_151)
FNDA:0,TaskforstimuliContext
FNDA:0,(anonymous_153)
FNDA:0,(anonymous_154)
FNDA:0,(anonymous_155)
FNDA:0,(anonymous_156)
FNDA:0,(anonymous_157)
FNDA:0,(anonymous_158)
FNDA:0,Ranking1dContext
FNDA:0,(anonymous_160)
FNDA:0,(anonymous_161)
FNDA:0,(anonymous_162)
FNDA:0,(anonymous_163)
FNDA:0,(anonymous_164)
FNDA:0,Ranking2dContext
FNDA:0,(anonymous_166)
FNDA:0,(anonymous_167)
FNDA:0,(anonymous_168)
FNDA:0,(anonymous_169)
FNDA:0,(anonymous_170)
FNDA:0,(anonymous_171)
FNDA:0,FieldContext
FNDA:0,(anonymous_173)
FNDA:0,(anonymous_174)
FNDA:0,(anonymous_175)
FNDA:0,(anonymous_176)
FNDA:0,(anonymous_177)
FNDA:0,RfieldContext
FNDA:0,(anonymous_179)
FNDA:0,(anonymous_180)
FNDA:0,(anonymous_181)
FNDA:0,(anonymous_182)
FNDA:0,(anonymous_183)
FNDA:0,ValuerowContext
FNDA:0,(anonymous_185)
FNDA:0,(anonymous_186)
FNDA:0,(anonymous_187)
FNDA:0,(anonymous_188)
FNDA:0,(anonymous_189)
FNDA:0,(anonymous_190)
FNDA:0,(anonymous_191)
FNDA:0,(anonymous_192)
FNDA:0,(anonymous_193)
FNDA:0,(anonymous_194)
FNDA:0,ValuesContext
FNDA:0,(anonymous_196)
FNDA:0,(anonymous_197)
FNDA:0,(anonymous_198)
FNDA:0,(anonymous_199)
FNDA:0,(anonymous_200)
FNDA:0,(anonymous_201)
FNDA:0,ValuesrContext
FNDA:0,(anonymous_203)
FNDA:0,(anonymous_204)
FNDA:0,(anonymous_205)
FNDA:0,(anonymous_206)
FNDA:0,(anonymous_207)
FNDA:0,ValuescContext
FNDA:0,(anonymous_209)
FNDA:0,(anonymous_210)
FNDA:0,(anonymous_211)
FNDA:0,(anonymous_212)
FNDA:0,(anonymous_213)
FNDA:0,ValuescrContext
FNDA:0,(anonymous_215)
FNDA:0,(anonymous_216)
FNDA:0,(anonymous_217)
FNDA:0,(anonymous_218)
FNDA:0,(anonymous_219)
FNDA:0,ScalevaluesContext
FNDA:0,(anonymous_221)
FNDA:0,(anonymous_222)
FNDA:0,(anonymous_223)
FNDA:0,(anonymous_224)
FNDA:0,(anonymous_225)
FNDA:0,ScaleContext
FNDA:0,(anonymous_227)
FNDA:0,(anonymous_228)
FNDA:0,(anonymous_229)
FNDA:0,(anonymous_230)
FNDA:0,(anonymous_231)
FNDA:0,EditContext
FNDA:0,(anonymous_233)
FNDA:0,(anonymous_234)
FNDA:0,(anonymous_235)
FNDA:0,(anonymous_236)
DA:3,0
DA:4,0
DA:5,0
DA:7,0
DA:185,0
DA:187,0
DA:189,0
DA:191,0
DA:203,0
DA:215,0
DA:224,0
DA:225,0
DA:226,0
DA:227,0
DA:228,0
DA:229,0
DA:232,0
DA:233,0
DA:235,0
DA:237,0
DA:241,0
DA:242,0
DA:243,0
DA:244,0
DA:245,0
DA:246,0
DA:247,0
DA:248,0
DA:249,0
DA:250,0
DA:251,0
DA:252,0
DA:253,0
DA:254,0
DA:255,0
DA:256,0
DA:257,0
DA:258,0
DA:259,0
DA:260,0
DA:261,0
DA:262,0
DA:263,0
DA:264,0
DA:265,0
DA:266,0
DA:267,0
DA:268,0
DA:269,0
DA:270,0
DA:271,0
DA:272,0
DA:273,0
DA:274,0
DA:275,0
DA:276,0
DA:277,0
DA:278,0
DA:279,0
DA:280,0
DA:281,0
DA:282,0
DA:283,0
DA:284,0
DA:285,0
DA:286,0
DA:287,0
DA:288,0
DA:289,0
DA:290,0
DA:291,0
DA:292,0
DA:293,0
DA:294,0
DA:295,0
DA:297,0
DA:298,0
DA:299,0
DA:300,0
DA:301,0
DA:302,0
DA:303,0
DA:304,0
DA:305,0
DA:306,0
DA:307,0
DA:308,0
DA:309,0
DA:310,0
DA:311,0
DA:312,0
DA:313,0
DA:314,0
DA:315,0
DA:316,0
DA:317,0
DA:318,0
DA:319,0
DA:320,0
DA:321,0
DA:322,0
DA:323,0
DA:324,0
DA:325,0
DA:326,0
DA:327,0
DA:328,0
DA:329,0
DA:332,0
DA:333,0
DA:335,0
DA:336,0
DA:338,0
DA:339,0
DA:340,0
DA:341,0
DA:344,0
DA:345,0
DA:347,0
DA:348,0
DA:351,0
DA:352,0
DA:353,0
DA:355,0
DA:356,0
DA:358,0
DA:362,0
DA:363,0
DA:364,0
DA:366,0
DA:367,0
DA:369,0
DA:373,0
DA:374,0
DA:375,0
DA:377,0
DA:378,0
DA:380,0
DA:384,0
DA:385,0
DA:386,0
DA:390,0
DA:391,0
DA:392,0
DA:399,0
DA:401,0
DA:403,0
DA:404,0
DA:405,0
DA:406,0
DA:407,0
DA:408,0
DA:409,0
DA:410,0
DA:411,0
DA:412,0
DA:413,0
DA:415,0
DA:416,0
DA:417,0
DA:418,0
DA:419,0
DA:420,0
DA:421,0
DA:422,0
DA:423,0
DA:425,0
DA:428,0
DA:429,0
DA:430,0
DA:431,0
DA:432,0
DA:434,0
DA:435,0
DA:436,0
DA:437,0
DA:439,0
DA:440,0
DA:441,0
DA:444,0
DA:445,0
DA:446,0
DA:449,0
DA:451,0
DA:453,0
DA:454,0
DA:455,0
DA:457,0
DA:458,0
DA:459,0
DA:460,0
DA:461,0
DA:462,0
DA:463,0
DA:464,0
DA:465,0
DA:467,0
DA:471,0
DA:472,0
DA:473,0
DA:474,0
DA:476,0
DA:479,0
DA:481,0
DA:485,0
DA:486,0
DA:488,0
DA:489,0
DA:491,0
DA:492,0
DA:493,0
DA:494,0
DA:497,0
DA:498,0
DA:500,0
DA:501,0
DA:504,0
DA:505,0
DA:508,0
DA:509,0
DA:510,0
DA:514,0
DA:515,0
DA:516,0
DA:523,0
DA:525,0
DA:527,0
DA:528,0
DA:529,0
DA:530,0
DA:531,0
DA:532,0
DA:533,0
DA:534,0
DA:536,0
DA:537,0
DA:538,0
DA:539,0
DA:541,0
DA:544,0
DA:546,0
DA:550,0
DA:551,0
DA:553,0
DA:554,0
DA:556,0
DA:557,0
DA:558,0
DA:559,0
DA:562,0
DA:563,0
DA:565,0
DA:566,0
DA:569,0
DA:570,0
DA:571,0
DA:575,0
DA:576,0
DA:577,0
DA:584,0
DA:586,0
DA:588,0
DA:589,0
DA:590,0
DA:591,0
DA:592,0
DA:593,0
DA:595,0
DA:596,0
DA:597,0
DA:598,0
DA:600,0
DA:603,0
DA:605,0
DA:609,0
DA:610,0
DA:612,0
DA:613,0
DA:615,0
DA:616,0
DA:617,0
DA:618,0
DA:621,0
DA:622,0
DA:624,0
DA:625,0
DA:628,0
DA:629,0
DA:632,0
DA:633,0
DA:636,0
DA:637,0
DA:640,0
DA:641,0
DA:644,0
DA:645,0
DA:648,0
DA:649,0
DA:652,0
DA:653,0
DA:654,0
DA:656,0
DA:657,0
DA:659,0
DA:664,0
DA:665,0
DA:666,0
DA:670,0
DA:671,0
DA:672,0
DA:679,0
DA:681,0
DA:683,0
DA:684,0
DA:685,0
DA:686,0
DA:687,0
DA:688,0
DA:689,0
DA:690,0
DA:692,0
DA:693,0
DA:694,0
DA:696,0
DA:697,0
DA:698,0
DA:700,0
DA:701,0
DA:702,0
DA:704,0
DA:705,0
DA:706,0
DA:708,0
DA:709,0
DA:710,0
DA:711,0
DA:712,0
DA:713,0
DA:714,0
DA:715,0
DA:716,0
DA:717,0
DA:718,0
DA:720,0
DA:722,0
DA:723,0
DA:724,0
DA:726,0
DA:727,0
DA:728,0
DA:730,0
DA:733,0
DA:734,0
DA:735,0
DA:736,0
DA:738,0
DA:741,0
DA:743,0
DA:747,0
DA:748,0
DA:750,0
DA:751,0
DA:753,0
DA:754,0
DA:755,0
DA:756,0
DA:759,0
DA:760,0
DA:762,0
DA:763,0
DA:766,0
DA:767,0
DA:768,0
DA:770,0
DA:771,0
DA:773,0
DA:777,0
DA:778,0
DA:779,0
DA:781,0
DA:782,0
DA:784,0
DA:789,0
DA:790,0
DA:791,0
DA:795,0
DA:796,0
DA:797,0
DA:804,0
DA:806,0
DA:808,0
DA:809,0
DA:810,0
DA:811,0
DA:812,0
DA:813,0
DA:814,0
DA:815,0
DA:816,0
DA:817,0
DA:818,0
DA:819,0
DA:820,0
DA:821,0
DA:823,0
DA:824,0
DA:825,0
DA:827,0
DA:828,0
DA:829,0
DA:831,0
DA:833,0
DA:834,0
DA:835,0
DA:838,0
DA:839,0
DA:840,0
DA:841,0
DA:843,0
DA:846,0
DA:848,0
DA:852,0
DA:853,0
DA:855,0
DA:856,0
DA:858,0
DA:859,0
DA:860,0
DA:861,0
DA:864,0
DA:865,0
DA:867,0
DA:868,0
DA:871,0
DA:872,0
DA:875,0
DA:876,0
DA:879,0
DA:880,0
DA:883,0
DA:884,0
DA:887,0
DA:888,0
DA:889,0
DA:893,0
DA:894,0
DA:895,0
DA:902,0
DA:904,0
DA:906,0
DA:907,0
DA:908,0
DA:909,0
DA:910,0
DA:911,0
DA:912,0
DA:913,0
DA:914,0
DA:915,0
DA:916,0
DA:917,0
DA:918,0
DA:921,0
DA:922,0
DA:923,0
DA:924,0
DA:925,0
DA:926,0
DA:927,0
DA:928,0
DA:929,0
DA:930,0
DA:934,0
DA:935,0
DA:936,0
DA:937,0
DA:939,0
DA:942,0
DA:944,0
DA:948,0
DA:949,0
DA:951,0
DA:952,0
DA:954,0
DA:955,0
DA:956,0
DA:957,0
DA:960,0
DA:961,0
DA:963,0
DA:964,0
DA:967,0
DA:968,0
DA:971,0
DA:972,0
DA:975,0
DA:976,0
DA:977,0
DA:979,0
DA:980,0
DA:982,0
DA:986,0
DA:987,0
DA:988,0
DA:990,0
DA:991,0
DA:993,0
DA:997,0
DA:998,0
DA:999,0
DA:1003,0
DA:1004,0
DA:1005,0
DA:1012,0
DA:1014,0
DA:1016,0
DA:1017,0
DA:1018,0
DA:1019,0
DA:1020,0
DA:1021,0
DA:1022,0
DA:1023,0
DA:1024,0
DA:1025,0
DA:1026,0
DA:1027,0
DA:1028,0
DA:1029,0
DA:1031,0
DA:1032,0
DA:1033,0
DA:1035,0
DA:1036,0
DA:1037,0
DA:1039,0
DA:1040,0
DA:1041,0
DA:1043,0
DA:1044,0
DA:1045,0
DA:1047,0
DA:1049,0
DA:1050,0
DA:1051,0
DA:1052,0
DA:1053,0
DA:1055,0
DA:1056,0
DA:1057,0
DA:1059,0
DA:1061,0
DA:1062,0
DA:1063,0
DA:1066,0
DA:1067,0
DA:1068,0
DA:1069,0
DA:1071,0
DA:1074,0
DA:1076,0
DA:1080,0
DA:1081,0
DA:1083,0
DA:1084,0
DA:1086,0
DA:1087,0
DA:1088,0
DA:1089,0
DA:1092,0
DA:1093,0
DA:1095,0
DA:1096,0
DA:1099,0
DA:1100,0
DA:1103,0
DA:1104,0
DA:1107,0
DA:1108,0
DA:1111,0
DA:1112,0
DA:1115,0
DA:1116,0
DA:1119,0
DA:1120,0
DA:1121,0
DA:1125,0
DA:1126,0
DA:1127,0
DA:1134,0
DA:1136,0
DA:1138,0
DA:1139,0
DA:1140,0
DA:1141,0
DA:1142,0
DA:1143,0
DA:1144,0
DA:1146,0
DA:1147,0
DA:1148,0
DA:1150,0
DA:1151,0
DA:1152,0
DA:1154,0
DA:1155,0
DA:1156,0
DA:1158,0
DA:1159,0
DA:1160,0
DA:1162,0
DA:1163,0
DA:1164,0
DA:1166,0
DA:1167,0
DA:1168,0
DA:1170,0
DA:1173,0
DA:1174,0
DA:1175,0
DA:1176,0
DA:1178,0
DA:1181,0
DA:1183,0
DA:1187,0
DA:1188,0
DA:1190,0
DA:1191,0
DA:1193,0
DA:1194,0
DA:1195,0
DA:1196,0
DA:1199,0
DA:1200,0
DA:1202,0
DA:1203,0
DA:1206,0
DA:1207,0
DA:1210,0
DA:1211,0
DA:1212,0
DA:1216,0
DA:1217,0
DA:1218,0
DA:1225,0
DA:1227,0
DA:1229,0
DA:1230,0
DA:1231,0
DA:1232,0
DA:1233,0
DA:1234,0
DA:1235,0
DA:1236,0
DA:1237,0
DA:1238,0
DA:1239,0
DA:1240,0
DA:1241,0
DA:1245,0
DA:1246,0
DA:1247,0
DA:1248,0
DA:1250,0
DA:1253,0
DA:1255,0
DA:1259,0
DA:1260,0
DA:1262,0
DA:1263,0
DA:1265,0
DA:1266,0
DA:1267,0
DA:1268,0
DA:1271,0
DA:1272,0
DA:1274,0
DA:1275,0
DA:1278,0
DA:1279,0
DA:1282,0
DA:1283,0
DA:1284,0
DA:1288,0
DA:1289,0
DA:1290,0
DA:1297,0
DA:1299,0
DA:1301,0
DA:1302,0
DA:1303,0
DA:1304,0
DA:1305,0
DA:1306,0
DA:1307,0
DA:1308,0
DA:1309,0
DA:1310,0
DA:1311,0
DA:1312,0
DA:1313,0
DA:1317,0
DA:1318,0
DA:1319,0
DA:1320,0
DA:1322,0
DA:1325,0
DA:1327,0
DA:1331,0
DA:1332,0
DA:1334,0
DA:1335,0
DA:1337,0
DA:1338,0
DA:1339,0
DA:1340,0
DA:1343,0
DA:1344,0
DA:1346,0
DA:1347,0
DA:1350,0
DA:1351,0
DA:1354,0
DA:1355,0
DA:1356,0
DA:1360,0
DA:1361,0
DA:1362,0
DA:1369,0
DA:1371,0
DA:1373,0
DA:1374,0
DA:1375,0
DA:1376,0
DA:1377,0
DA:1378,0
DA:1379,0
DA:1380,0
DA:1381,0
DA:1382,0
DA:1383,0
DA:1384,0
DA:1385,0
DA:1389,0
DA:1390,0
DA:1391,0
DA:1392,0
DA:1394,0
DA:1397,0
DA:1399,0
DA:1403,0
DA:1404,0
DA:1406,0
DA:1407,0
DA:1409,0
DA:1410,0
DA:1411,0
DA:1412,0
DA:1415,0
DA:1416,0
DA:1418,0
DA:1419,0
DA:1422,0
DA:1423,0
DA:1426,0
DA:1427,0
DA:1428,0
DA:1432,0
DA:1433,0
DA:1434,0
DA:1441,0
DA:1443,0
DA:1445,0
DA:1446,0
DA:1447,0
DA:1448,0
DA:1449,0
DA:1450,0
DA:1451,0
DA:1452,0
DA:1453,0
DA:1454,0
DA:1455,0
DA:1456,0
DA:1457,0
DA:1461,0
DA:1462,0
DA:1463,0
DA:1464,0
DA:1466,0
DA:1469,0
DA:1471,0
DA:1475,0
DA:1476,0
DA:1478,0
DA:1479,0
DA:1481,0
DA:1482,0
DA:1483,0
DA:1484,0
DA:1487,0
DA:1488,0
DA:1490,0
DA:1491,0
DA:1494,0
DA:1495,0
DA:1498,0
DA:1499,0
DA:1502,0
DA:1503,0
DA:1506,0
DA:1507,0
DA:1510,0
DA:1511,0
DA:1514,0
DA:1515,0
DA:1518,0
DA:1519,0
DA:1522,0
DA:1523,0
DA:1526,0
DA:1527,0
DA:1530,0
DA:1531,0
DA:1534,0
DA:1535,0
DA:1536,0
DA:1540,0
DA:1541,0
DA:1542,0
DA:1549,0
DA:1551,0
DA:1553,0
DA:1554,0
DA:1555,0
DA:1556,0
DA:1557,0
DA:1558,0
DA:1559,0
DA:1561,0
DA:1562,0
DA:1563,0
DA:1565,0
DA:1566,0
DA:1567,0
DA:1569,0
DA:1570,0
DA:1571,0
DA:1573,0
DA:1574,0
DA:1575,0
DA:1577,0
DA:1578,0
DA:1579,0
DA:1581,0
DA:1582,0
DA:1583,0
DA:1585,0
DA:1586,0
DA:1587,0
DA:1589,0
DA:1590,0
DA:1591,0
DA:1593,0
DA:1594,0
DA:1595,0
DA:1597,0
DA:1598,0
DA:1599,0
DA:1601,0
DA:1602,0
DA:1603,0
DA:1605,0
DA:1608,0
DA:1609,0
DA:1610,0
DA:1611,0
DA:1613,0
DA:1616,0
DA:1618,0
DA:1622,0
DA:1623,0
DA:1625,0
DA:1626,0
DA:1628,0
DA:1629,0
DA:1630,0
DA:1631,0
DA:1634,0
DA:1635,0
DA:1637,0
DA:1638,0
DA:1641,0
DA:1642,0
DA:1645,0
DA:1646,0
DA:1647,0
DA:1651,0
DA:1652,0
DA:1653,0
DA:1660,0
DA:1662,0
DA:1664,0
DA:1665,0
DA:1666,0
DA:1667,0
DA:1668,0
DA:1669,0
DA:1670,0
DA:1671,0
DA:1672,0
DA:1673,0
DA:1674,0
DA:1675,0
DA:1676,0
DA:1680,0
DA:1681,0
DA:1682,0
DA:1683,0
DA:1685,0
DA:1688,0
DA:1690,0
DA:1694,0
DA:1695,0
DA:1697,0
DA:1698,0
DA:1700,0
DA:1701,0
DA:1702,0
DA:1703,0
DA:1706,0
DA:1707,0
DA:1709,0
DA:1710,0
DA:1713,0
DA:1714,0
DA:1717,0
DA:1718,0
DA:1719,0
DA:1723,0
DA:1724,0
DA:1725,0
DA:1732,0
DA:1734,0
DA:1736,0
DA:1737,0
DA:1738,0
DA:1739,0
DA:1740,0
DA:1741,0
DA:1742,0
DA:1743,0
DA:1745,0
DA:1746,0
DA:1747,0
DA:1748,0
DA:1750,0
DA:1753,0
DA:1755,0
DA:1759,0
DA:1760,0
DA:1762,0
DA:1763,0
DA:1765,0
DA:1766,0
DA:1767,0
DA:1768,0
DA:1771,0
DA:1772,0
DA:1774,0
DA:1775,0
DA:1778,0
DA:1779,0
DA:1782,0
DA:1783,0
DA:1784,0
DA:1788,0
DA:1789,0
DA:1790,0
DA:1797,0
DA:1799,0
DA:1801,0
DA:1802,0
DA:1803,0
DA:1804,0
DA:1805,0
DA:1806,0
DA:1807,0
DA:1808,0
DA:1810,0
DA:1811,0
DA:1812,0
DA:1813,0
DA:1815,0
DA:1818,0
DA:1820,0
DA:1824,0
DA:1825,0
DA:1827,0
DA:1828,0
DA:1830,0
DA:1831,0
DA:1832,0
DA:1833,0
DA:1836,0
DA:1837,0
DA:1839,0
DA:1840,0
DA:1843,0
DA:1844,0
DA:1847,0
DA:1848,0
DA:1849,0
DA:1853,0
DA:1854,0
DA:1855,0
DA:1862,0
DA:1864,0
DA:1866,0
DA:1867,0
DA:1868,0
DA:1869,0
DA:1870,0
DA:1871,0
DA:1872,0
DA:1873,0
DA:1875,0
DA:1876,0
DA:1877,0
DA:1878,0
DA:1880,0
DA:1883,0
DA:1885,0
DA:1889,0
DA:1890,0
DA:1892,0
DA:1893,0
DA:1895,0
DA:1896,0
DA:1897,0
DA:1898,0
DA:1901,0
DA:1902,0
DA:1904,0
DA:1905,0
DA:1908,0
DA:1909,0
DA:1912,0
DA:1913,0
DA:1914,0
DA:1918,0
DA:1919,0
DA:1920,0
DA:1927,0
DA:1929,0
DA:1931,0
DA:1932,0
DA:1933,0
DA:1934,0
DA:1935,0
DA:1936,0
DA:1937,0
DA:1938,0
DA:1939,0
DA:1940,0
DA:1941,0
DA:1942,0
DA:1943,0
DA:1947,0
DA:1948,0
DA:1949,0
DA:1950,0
DA:1952,0
DA:1955,0
DA:1957,0
DA:1961,0
DA:1962,0
DA:1964,0
DA:1965,0
DA:1967,0
DA:1968,0
DA:1969,0
DA:1970,0
DA:1973,0
DA:1974,0
DA:1976,0
DA:1977,0
DA:1980,0
DA:1981,0
DA:1982,0
DA:1984,0
DA:1985,0
DA:1987,0
DA:1991,0
DA:1992,0
DA:1993,0
DA:1995,0
DA:1996,0
DA:1998,0
DA:2003,0
DA:2004,0
DA:2005,0
DA:2009,0
DA:2010,0
DA:2011,0
DA:2018,0
DA:2020,0
DA:2022,0
DA:2023,0
DA:2024,0
DA:2025,0
DA:2026,0
DA:2027,0
DA:2028,0
DA:2029,0
DA:2030,0
DA:2031,0
DA:2032,0
DA:2033,0
DA:2034,0
DA:2035,0
DA:2036,0
DA:2037,0
DA:2038,0
DA:2039,0
DA:2040,0
DA:2041,0
DA:2044,0
DA:2045,0
DA:2046,0
DA:2047,0
DA:2049,0
DA:2052,0
DA:2054,0
DA:2058,0
DA:2059,0
DA:2061,0
DA:2062,0
DA:2064,0
DA:2065,0
DA:2066,0
DA:2067,0
DA:2070,0
DA:2071,0
DA:2073,0
DA:2074,0
DA:2077,0
DA:2078,0
DA:2081,0
DA:2082,0
DA:2083,0
DA:2085,0
DA:2086,0
DA:2088,0
DA:2092,0
DA:2093,0
DA:2094,0
DA:2098,0
DA:2099,0
DA:2100,0
DA:2107,0
DA:2109,0
DA:2111,0
DA:2112,0
DA:2113,0
DA:2114,0
DA:2115,0
DA:2116,0
DA:2117,0
DA:2118,0
DA:2119,0
DA:2120,0
DA:2121,0
DA:2122,0
DA:2123,0
DA:2126,0
DA:2127,0
DA:2128,0
DA:2129,0
DA:2130,0
DA:2131,0
DA:2132,0
DA:2133,0
DA:2134,0
DA:2137,0
DA:2138,0
DA:2139,0
DA:2140,0
DA:2142,0
DA:2145,0
DA:2147,0
DA:2151,0
DA:2152,0
DA:2154,0
DA:2155,0
DA:2157,0
DA:2158,0
DA:2159,0
DA:2160,0
DA:2163,0
DA:2164,0
DA:2166,0
DA:2167,0
DA:2170,0
DA:2171,0
DA:2174,0
DA:2175,0
DA:2176,0
DA:2178,0
DA:2179,0
DA:2181,0
DA:2185,0
DA:2186,0
DA:2187,0
DA:2191,0
DA:2192,0
DA:2193,0
DA:2200,0
DA:2202,0
DA:2204,0
DA:2205,0
DA:2206,0
DA:2207,0
DA:2208,0
DA:2209,0
DA:2210,0
DA:2211,0
DA:2212,0
DA:2213,0
DA:2214,0
DA:2215,0
DA:2216,0
DA:2217,0
DA:2218,0
DA:2219,0
DA:2220,0
DA:2221,0
DA:2224,0
DA:2225,0
DA:2226,0
DA:2227,0
DA:2229,0
DA:2232,0
DA:2234,0
DA:2238,0
DA:2239,0
DA:2241,0
DA:2242,0
DA:2244,0
DA:2245,0
DA:2246,0
DA:2247,0
DA:2250,0
DA:2251,0
DA:2253,0
DA:2254,0
DA:2257,0
DA:2258,0
DA:2261,0
DA:2262,0
DA:2263,0
DA:2267,0
DA:2268,0
DA:2269,0
DA:2276,0
DA:2278,0
DA:2280,0
DA:2281,0
DA:2282,0
DA:2283,0
DA:2284,0
DA:2285,0
DA:2286,0
DA:2287,0
DA:2289,0
DA:2290,0
DA:2291,0
DA:2292,0
DA:2294,0
DA:2297,0
DA:2299,0
DA:2303,0
DA:2304,0
DA:2306,0
DA:2307,0
DA:2309,0
DA:2310,0
DA:2311,0
DA:2312,0
DA:2315,0
DA:2316,0
DA:2318,0
DA:2319,0
DA:2322,0
DA:2323,0
DA:2324,0
DA:2326,0
DA:2327,0
DA:2329,0
DA:2333,0
DA:2334,0
DA:2337,0
DA:2338,0
DA:2339,0
DA:2343,0
DA:2344,0
DA:2345,0
DA:2352,0
DA:2354,0
DA:2356,0
DA:2357,0
DA:2358,0
DA:2359,0
DA:2360,0
DA:2361,0
DA:2362,0
DA:2363,0
DA:2364,0
DA:2365,0
DA:2366,0
DA:2367,0
DA:2368,0
DA:2369,0
DA:2370,0
DA:2371,0
DA:2372,0
DA:2376,0
DA:2377,0
DA:2378,0
DA:2379,0
DA:2381,0
DA:2384,0
DA:2386,0
DA:2390,0
DA:2391,0
DA:2393,0
DA:2394,0
DA:2396,0
DA:2397,0
DA:2398,0
DA:2399,0
DA:2402,0
DA:2403,0
DA:2405,0
DA:2406,0
DA:2409,0
DA:2410,0
DA:2413,0
DA:2414,0
DA:2415,0
DA:2419,0
DA:2420,0
DA:2421,0
DA:2428,0
DA:2430,0
DA:2432,0
DA:2433,0
DA:2434,0
DA:2435,0
DA:2436,0
DA:2437,0
DA:2438,0
DA:2439,0
DA:2440,0
DA:2443,0
DA:2444,0
DA:2447,0
DA:2448,0
DA:2449,0
DA:2450,0
DA:2452,0
DA:2455,0
DA:2457,0
DA:2461,0
DA:2462,0
DA:2464,0
DA:2465,0
DA:2467,0
DA:2468,0
DA:2469,0
DA:2470,0
DA:2473,0
DA:2474,0
DA:2476,0
DA:2477,0
DA:2480,0
DA:2481,0
DA:2484,0
DA:2485,0
DA:2486,0
DA:2490,0
DA:2491,0
DA:2492,0
DA:2499,0
DA:2501,0
DA:2503,0
DA:2504,0
DA:2505,0
DA:2506,0
DA:2507,0
DA:2508,0
DA:2509,0
DA:2510,0
DA:2511,0
DA:2514,0
DA:2515,0
DA:2518,0
DA:2519,0
DA:2520,0
DA:2521,0
DA:2523,0
DA:2526,0
DA:2528,0
DA:2532,0
DA:2533,0
DA:2535,0
DA:2536,0
DA:2538,0
DA:2539,0
DA:2540,0
DA:2541,0
DA:2544,0
DA:2545,0
DA:2547,0
DA:2548,0
DA:2551,0
DA:2552,0
DA:2555,0
DA:2556,0
DA:2559,0
DA:2560,0
DA:2563,0
DA:2564,0
DA:2567,0
DA:2568,0
DA:2571,0
DA:2572,0
DA:2575,0
DA:2576,0
DA:2577,0
DA:2581,0
DA:2582,0
DA:2583,0
DA:2590,0
DA:2592,0
DA:2594,0
DA:2595,0
DA:2596,0
DA:2597,0
DA:2598,0
DA:2599,0
DA:2600,0
DA:2602,0
DA:2603,0
DA:2604,0
DA:2606,0
DA:2607,0
DA:2608,0
DA:2610,0
DA:2611,0
DA:2612,0
DA:2614,0
DA:2615,0
DA:2616,0
DA:2618,0
DA:2619,0
DA:2620,0
DA:2622,0
DA:2623,0
DA:2624,0
DA:2626,0
DA:2627,0
DA:2628,0
DA:2630,0
DA:2633,0
DA:2634,0
DA:2635,0
DA:2636,0
DA:2638,0
DA:2641,0
DA:2643,0
DA:2647,0
DA:2648,0
DA:2650,0
DA:2651,0
DA:2653,0
DA:2654,0
DA:2655,0
DA:2656,0
DA:2659,0
DA:2660,0
DA:2662,0
DA:2663,0
DA:2666,0
DA:2667,0
DA:2668,0
DA:2670,0
DA:2671,0
DA:2673,0
DA:2677,0
DA:2678,0
DA:2679,0
DA:2681,0
DA:2682,0
DA:2684,0
DA:2689,0
DA:2690,0
DA:2691,0
DA:2695,0
DA:2696,0
DA:2697,0
DA:2704,0
DA:2706,0
DA:2708,0
DA:2709,0
DA:2710,0
DA:2711,0
DA:2712,0
DA:2713,0
DA:2714,0
DA:2715,0
DA:2716,0
DA:2717,0
DA:2718,0
DA:2719,0
DA:2720,0
DA:2721,0
DA:2722,0
DA:2723,0
DA:2724,0
DA:2725,0
DA:2726,0
DA:2727,0
DA:2730,0
DA:2731,0
DA:2732,0
DA:2733,0
DA:2735,0
DA:2738,0
DA:2740,0
DA:2744,0
DA:2745,0
DA:2747,0
DA:2748,0
DA:2750,0
DA:2751,0
DA:2752,0
DA:2753,0
DA:2756,0
DA:2757,0
DA:2759,0
DA:2760,0
DA:2763,0
DA:2764,0
DA:2767,0
DA:2768,0
DA:2769,0
DA:2773,0
DA:2774,0
DA:2775,0
DA:2782,0
DA:2784,0
DA:2786,0
DA:2787,0
DA:2788,0
DA:2789,0
DA:2790,0
DA:2791,0
DA:2792,0
DA:2793,0
DA:2795,0
DA:2796,0
DA:2797,0
DA:2798,0
DA:2800,0
DA:2803,0
DA:2805,0
DA:2809,0
DA:2810,0
DA:2812,0
DA:2813,0
DA:2815,0
DA:2816,0
DA:2817,0
DA:2818,0
DA:2821,0
DA:2822,0
DA:2824,0
DA:2825,0
DA:2828,0
DA:2829,0
DA:2832,0
DA:2833,0
DA:2834,0
DA:2838,0
DA:2839,0
DA:2840,0
DA:2847,0
DA:2849,0
DA:2851,0
DA:2852,0
DA:2853,0
DA:2854,0
DA:2855,0
DA:2856,0
DA:2857,0
DA:2858,0
DA:2860,0
DA:2861,0
DA:2862,0
DA:2863,0
DA:2865,0
DA:2868,0
DA:2870,0
DA:2874,0
DA:2875,0
DA:2877,0
DA:2878,0
DA:2880,0
DA:2881,0
DA:2882,0
DA:2883,0
DA:2886,0
DA:2887,0
DA:2889,0
DA:2890,0
DA:2893,0
DA:2894,0
DA:2897,0
DA:2898,0
DA:2899,0
DA:2903,0
DA:2904,0
DA:2905,0
DA:2912,0
DA:2914,0
DA:2916,0
DA:2917,0
DA:2918,0
DA:2919,0
DA:2920,0
DA:2921,0
DA:2922,0
DA:2923,0
DA:2925,0
DA:2926,0
DA:2927,0
DA:2928,0
DA:2930,0
DA:2933,0
DA:2935,0
DA:2939,0
DA:2940,0
DA:2942,0
DA:2943,0
DA:2945,0
DA:2946,0
DA:2947,0
DA:2948,0
DA:2951,0
DA:2952,0
DA:2954,0
DA:2955,0
DA:2958,0
DA:2959,0
DA:2962,0
DA:2963,0
DA:2964,0
DA:2968,0
DA:2969,0
DA:2970,0
DA:2977,0
DA:2979,0
DA:2981,0
DA:2982,0
DA:2983,0
DA:2984,0
DA:2985,0
DA:2986,0
DA:2987,0
DA:2988,0
DA:2990,0
DA:2991,0
DA:2992,0
DA:2993,0
DA:2995,0
DA:2998,0
DA:3000,0
DA:3004,0
DA:3005,0
DA:3007,0
DA:3008,0
DA:3010,0
DA:3011,0
DA:3012,0
DA:3013,0
DA:3016,0
DA:3017,0
DA:3019,0
DA:3020,0
DA:3023,0
DA:3024,0
DA:3027,0
DA:3028,0
DA:3029,0
DA:3033,0
DA:3034,0
DA:3035,0
DA:3042,0
DA:3044,0
DA:3046,0
DA:3047,0
DA:3048,0
DA:3049,0
DA:3050,0
DA:3051,0
DA:3052,0
DA:3053,0
DA:3055,0
DA:3056,0
DA:3057,0
DA:3058,0
DA:3060,0
DA:3063,0
DA:3065,0
DA:3069,0
DA:3070,0
DA:3072,0
DA:3073,0
DA:3075,0
DA:3076,0
DA:3077,0
DA:3078,0
DA:3081,0
DA:3082,0
DA:3084,0
DA:3085,0
DA:3088,0
DA:3089,0
DA:3090,0
DA:3094,0
DA:3095,0
DA:3096,0
DA:3103,0
DA:3105,0
DA:3107,0
DA:3108,0
DA:3109,0
DA:3110,0
DA:3111,0
DA:3112,0
DA:3114,0
DA:3115,0
DA:3116,0
DA:3117,0
DA:3119,0
DA:3122,0
DA:3124,0
DA:3128,0
LF:1759
LH:0
BRDA:332,0,0,0
BRDA:332,0,1,0
BRDA:335,1,0,0
BRDA:335,1,1,0
BRDA:335,2,0,0
BRDA:335,2,1,0
BRDA:352,3,0,0
BRDA:352,3,1,0
BRDA:355,4,0,0
BRDA:355,4,1,0
BRDA:363,5,0,0
BRDA:363,5,1,0
BRDA:366,6,0,0
BRDA:366,6,1,0
BRDA:374,7,0,0
BRDA:374,7,1,0
BRDA:377,8,0,0
BRDA:377,8,1,0
BRDA:385,9,0,0
BRDA:385,9,1,0
BRDA:391,10,0,0
BRDA:391,10,1,0
BRDA:413,11,0,0
BRDA:413,11,1,0
BRDA:424,12,0,0
BRDA:424,12,1,0
BRDA:456,13,0,0
BRDA:456,13,1,0
BRDA:432,14,0,0
BRDA:432,14,1,0
BRDA:437,15,0,0
BRDA:437,15,1,0
BRDA:460,16,0,0
BRDA:460,16,1,0
BRDA:471,17,0,0
BRDA:471,17,1,0
BRDA:485,18,0,0
BRDA:485,18,1,0
BRDA:488,19,0,0
BRDA:488,19,1,0
BRDA:488,20,0,0
BRDA:488,20,1,0
BRDA:509,21,0,0
BRDA:509,21,1,0
BRDA:515,22,0,0
BRDA:515,22,1,0
BRDA:536,23,0,0
BRDA:536,23,1,0
BRDA:550,24,0,0
BRDA:550,24,1,0
BRDA:553,25,0,0
BRDA:553,25,1,0
BRDA:553,26,0,0
BRDA:553,26,1,0
BRDA:570,27,0,0
BRDA:570,27,1,0
BRDA:576,28,0,0
BRDA:576,28,1,0
BRDA:595,29,0,0
BRDA:595,29,1,0
BRDA:609,30,0,0
BRDA:609,30,1,0
BRDA:612,31,0,0
BRDA:612,31,1,0
BRDA:612,32,0,0
BRDA:612,32,1,0
BRDA:653,33,0,0
BRDA:653,33,1,0
BRDA:656,34,0,0
BRDA:656,34,1,0
BRDA:665,35,0,0
BRDA:665,35,1,0
BRDA:671,36,0,0
BRDA:671,36,1,0
BRDA:690,37,0,0
BRDA:690,37,1,0
BRDA:690,37,2,0
BRDA:690,37,3,0
BRDA:690,37,4,0
BRDA:690,37,5,0
BRDA:690,37,6,0
BRDA:690,37,7,0
BRDA:733,38,0,0
BRDA:733,38,1,0
BRDA:747,39,0,0
BRDA:747,39,1,0
BRDA:750,40,0,0
BRDA:750,40,1,0
BRDA:750,41,0,0
BRDA:750,41,1,0
BRDA:767,42,0,0
BRDA:767,42,1,0
BRDA:770,43,0,0
BRDA:770,43,1,0
BRDA:778,44,0,0
BRDA:778,44,1,0
BRDA:781,45,0,0
BRDA:781,45,1,0
BRDA:790,46,0,0
BRDA:790,46,1,0
BRDA:796,47,0,0
BRDA:796,47,1,0
BRDA:836,48,0,0
BRDA:836,48,1,0
BRDA:821,49,0,0
BRDA:821,49,1,0
BRDA:821,49,2,0
BRDA:838,50,0,0
BRDA:838,50,1,0
BRDA:852,51,0,0
BRDA:852,51,1,0
BRDA:855,52,0,0
BRDA:855,52,1,0
BRDA:855,53,0,0
BRDA:855,53,1,0
BRDA:888,54,0,0
BRDA:888,54,1,0
BRDA:894,55,0,0
BRDA:894,55,1,0
BRDA:916,56,0,0
BRDA:916,56,1,0
BRDA:924,57,0,0
BRDA:924,57,1,0
BRDA:934,58,0,0
BRDA:934,58,1,0
BRDA:948,59,0,0
BRDA:948,59,1,0
BRDA:951,60,0,0
BRDA:951,60,1,0
BRDA:951,61,0,0
BRDA:951,61,1,0
BRDA:976,62,0,0
BRDA:976,62,1,0
BRDA:979,63,0,0
BRDA:979,63,1,0
BRDA:987,64,0,0
BRDA:987,64,1,0
BRDA:990,65,0,0
BRDA:990,65,1,0
BRDA:998,66,0,0
BRDA:998,66,1,0
BRDA:1004,67,0,0
BRDA:1004,67,1,0
BRDA:1024,68,0,0
BRDA:1024,68,1,0
BRDA:1033,69,0,0
BRDA:1033,69,1,0
BRDA:1033,69,2,0
BRDA:1033,69,3,0
BRDA:1064,70,0,0
BRDA:1064,70,1,0
BRDA:1053,71,0,0
BRDA:1053,71,1,0
BRDA:1066,72,0,0
BRDA:1066,72,1,0
BRDA:1080,73,0,0
BRDA:1080,73,1,0
BRDA:1083,74,0,0
BRDA:1083,74,1,0
BRDA:1083,75,0,0
BRDA:1083,75,1,0
BRDA:1120,76,0,0
BRDA:1120,76,1,0
BRDA:1126,77,0,0
BRDA:1126,77,1,0
BRDA:1144,78,0,0
BRDA:1144,78,1,0
BRDA:1144,78,2,0
BRDA:1144,78,3,0
BRDA:1144,78,4,0
BRDA:1144,78,5,0
BRDA:1144,78,6,0
BRDA:1173,79,0,0
BRDA:1173,79,1,0
BRDA:1187,80,0,0
BRDA:1187,80,1,0
BRDA:1190,81,0,0
BRDA:1190,81,1,0
BRDA:1190,82,0,0
BRDA:1190,82,1,0
BRDA:1211,83,0,0
BRDA:1211,83,1,0
BRDA:1217,84,0,0
BRDA:1217,84,1,0
BRDA:1239,85,0,0
BRDA:1239,85,1,0
BRDA:1245,86,0,0
BRDA:1245,86,1,0
BRDA:1259,87,0,0
BRDA:1259,87,1,0
BRDA:1262,88,0,0
BRDA:1262,88,1,0
BRDA:1262,89,0,0
BRDA:1262,89,1,0
BRDA:1283,90,0,0
BRDA:1283,90,1,0
BRDA:1289,91,0,0
BRDA:1289,91,1,0
BRDA:1311,92,0,0
BRDA:1311,92,1,0
BRDA:1317,93,0,0
BRDA:1317,93,1,0
BRDA:1331,94,0,0
BRDA:1331,94,1,0
BRDA:1334,95,0,0
BRDA:1334,95,1,0
BRDA:1334,96,0,0
BRDA:1334,96,1,0
BRDA:1355,97,0,0
BRDA:1355,97,1,0
BRDA:1361,98,0,0
BRDA:1361,98,1,0
BRDA:1383,99,0,0
BRDA:1383,99,1,0
BRDA:1389,100,0,0
BRDA:1389,100,1,0
BRDA:1403,101,0,0
BRDA:1403,101,1,0
BRDA:1406,102,0,0
BRDA:1406,102,1,0
BRDA:1406,103,0,0
BRDA:1406,103,1,0
BRDA:1427,104,0,0
BRDA:1427,104,1,0
BRDA:1433,105,0,0
BRDA:1433,105,1,0
BRDA:1455,106,0,0
BRDA:1455,106,1,0
BRDA:1461,107,0,0
BRDA:1461,107,1,0
BRDA:1475,108,0,0
BRDA:1475,108,1,0
BRDA:1478,109,0,0
BRDA:1478,109,1,0
BRDA:1478,110,0,0
BRDA:1478,110,1,0
BRDA:1535,111,0,0
BRDA:1535,111,1,0
BRDA:1541,112,0,0
BRDA:1541,112,1,0
BRDA:1559,113,0,0
BRDA:1559,113,1,0
BRDA:1559,113,2,0
BRDA:1559,113,3,0
BRDA:1559,113,4,0
BRDA:1559,113,5,0
BRDA:1559,113,6,0
BRDA:1559,113,7,0
BRDA:1559,113,8,0
BRDA:1559,113,9,0
BRDA:1559,113,10,0
BRDA:1559,113,11,0
BRDA:1608,114,0,0
BRDA:1608,114,1,0
BRDA:1622,115,0,0
BRDA:1622,115,1,0
BRDA:1625,116,0,0
BRDA:1625,116,1,0
BRDA:1625,117,0,0
BRDA:1625,117,1,0
BRDA:1646,118,0,0
BRDA:1646,118,1,0
BRDA:1652,119,0,0
BRDA:1652,119,1,0
BRDA:1674,120,0,0
BRDA:1674,120,1,0
BRDA:1680,121,0,0
BRDA:1680,121,1,0
BRDA:1694,122,0,0
BRDA:1694,122,1,0
BRDA:1697,123,0,0
BRDA:1697,123,1,0
BRDA:1697,124,0,0
BRDA:1697,124,1,0
BRDA:1718,125,0,0
BRDA:1718,125,1,0
BRDA:1724,126,0,0
BRDA:1724,126,1,0
BRDA:1745,127,0,0
BRDA:1745,127,1,0
BRDA:1759,128,0,0
BRDA:1759,128,1,0
BRDA:1762,129,0,0
BRDA:1762,129,1,0
BRDA:1762,130,0,0
BRDA:1762,130,1,0
BRDA:1783,131,0,0
BRDA:1783,131,1,0
BRDA:1789,132,0,0
BRDA:1789,132,1,0
BRDA:1810,133,0,0
BRDA:1810,133,1,0
BRDA:1824,134,0,0
BRDA:1824,134,1,0
BRDA:1827,135,0,0
BRDA:1827,135,1,0
BRDA:1827,136,0,0
BRDA:1827,136,1,0
BRDA:1848,137,0,0
BRDA:1848,137,1,0
BRDA:1854,138,0,0
BRDA:1854,138,1,0
BRDA:1875,139,0,0
BRDA:1875,139,1,0
BRDA:1889,140,0,0
BRDA:1889,140,1,0
BRDA:1892,141,0,0
BRDA:1892,141,1,0
BRDA:1892,142,0,0
BRDA:1892,142,1,0
BRDA:1913,143,0,0
BRDA:1913,143,1,0
BRDA:1919,144,0,0
BRDA:1919,144,1,0
BRDA:1941,145,0,0
BRDA:1941,145,1,0
BRDA:1947,146,0,0
BRDA:1947,146,1,0
BRDA:1961,147,0,0
BRDA:1961,147,1,0
BRDA:1964,148,0,0
BRDA:1964,148,1,0
BRDA:1964,149,0,0
BRDA:1964,149,1,0
BRDA:1981,150,0,0
BRDA:1981,150,1,0
BRDA:1984,151,0,0
BRDA:1984,151,1,0
BRDA:1992,152,0,0
BRDA:1992,152,1,0
BRDA:1995,153,0,0
BRDA:1995,153,1,0
BRDA:2004,154,0,0
BRDA:2004,154,1,0
BRDA:2010,155,0,0
BRDA:2010,155,1,0
BRDA:2044,156,0,0
BRDA:2044,156,1,0
BRDA:2058,157,0,0
BRDA:2058,157,1,0
BRDA:2061,158,0,0
BRDA:2061,158,1,0
BRDA:2061,159,0,0
BRDA:2061,159,1,0
BRDA:2082,160,0,0
BRDA:2082,160,1,0
BRDA:2085,161,0,0
BRDA:2085,161,1,0
BRDA:2093,162,0,0
BRDA:2093,162,1,0
BRDA:2099,163,0,0
BRDA:2099,163,1,0
BRDA:2121,164,0,0
BRDA:2121,164,1,0
BRDA:2129,165,0,0
BRDA:2129,165,1,0
BRDA:2137,166,0,0
BRDA:2137,166,1,0
BRDA:2151,167,0,0
BRDA:2151,167,1,0
BRDA:2154,168,0,0
BRDA:2154,168,1,0
BRDA:2154,169,0,0
BRDA:2154,169,1,0
BRDA:2175,170,0,0
BRDA:2175,170,1,0
BRDA:2178,171,0,0
BRDA:2178,171,1,0
BRDA:2186,172,0,0
BRDA:2186,172,1,0
BRDA:2192,173,0,0
BRDA:2192,173,1,0
BRDA:2216,174,0,0
BRDA:2216,174,1,0
BRDA:2224,175,0,0
BRDA:2224,175,1,0
BRDA:2238,176,0,0
BRDA:2238,176,1,0
BRDA:2241,177,0,0
BRDA:2241,177,1,0
BRDA:2241,178,0,0
BRDA:2241,178,1,0
BRDA:2262,179,0,0
BRDA:2262,179,1,0
BRDA:2268,180,0,0
BRDA:2268,180,1,0
BRDA:2289,181,0,0
BRDA:2289,181,1,0
BRDA:2303,182,0,0
BRDA:2303,182,1,0
BRDA:2306,183,0,0
BRDA:2306,183,1,0
BRDA:2306,184,0,0
BRDA:2306,184,1,0
BRDA:2323,185,0,0
BRDA:2323,185,1,0
BRDA:2326,186,0,0
BRDA:2326,186,1,0
BRDA:2338,187,0,0
BRDA:2338,187,1,0
BRDA:2344,188,0,0
BRDA:2344,188,1,0
BRDA:2370,189,0,0
BRDA:2370,189,1,0
BRDA:2370,190,0,0
BRDA:2370,190,1,0
BRDA:2376,191,0,0
BRDA:2376,191,1,0
BRDA:2390,192,0,0
BRDA:2390,192,1,0
BRDA:2393,193,0,0
BRDA:2393,193,1,0
BRDA:2393,194,0,0
BRDA:2393,194,1,0
BRDA:2414,195,0,0
BRDA:2414,195,1,0
BRDA:2420,196,0,0
BRDA:2420,196,1,0
BRDA:2439,197,0,0
BRDA:2439,197,1,0
BRDA:2439,198,0,0
BRDA:2439,198,1,0
BRDA:2447,199,0,0
BRDA:2447,199,1,0
BRDA:2461,200,0,0
BRDA:2461,200,1,0
BRDA:2464,201,0,0
BRDA:2464,201,1,0
BRDA:2464,202,0,0
BRDA:2464,202,1,0
BRDA:2485,203,0,0
BRDA:2485,203,1,0
BRDA:2491,204,0,0
BRDA:2491,204,1,0
BRDA:2510,205,0,0
BRDA:2510,205,1,0
BRDA:2510,206,0,0
BRDA:2510,206,1,0
BRDA:2518,207,0,0
BRDA:2518,207,1,0
BRDA:2532,208,0,0
BRDA:2532,208,1,0
BRDA:2535,209,0,0
BRDA:2535,209,1,0
BRDA:2535,210,0,0
BRDA:2535,210,1,0
BRDA:2576,211,0,0
BRDA:2576,211,1,0
BRDA:2582,212,0,0
BRDA:2582,212,1,0
BRDA:2600,213,0,0
BRDA:2600,213,1,0
BRDA:2600,213,2,0
BRDA:2600,213,3,0
BRDA:2600,213,4,0
BRDA:2600,213,5,0
BRDA:2600,213,6,0
BRDA:2600,213,7,0
BRDA:2633,214,0,0
BRDA:2633,214,1,0
BRDA:2647,215,0,0
BRDA:2647,215,1,0
BRDA:2650,216,0,0
BRDA:2650,216,1,0
BRDA:2650,217,0,0
BRDA:2650,217,1,0
BRDA:2667,218,0,0
BRDA:2667,218,1,0
BRDA:2670,219,0,0
BRDA:2670,219,1,0
BRDA:2678,220,0,0
BRDA:2678,220,1,0
BRDA:2681,221,0,0
BRDA:2681,221,1,0
BRDA:2690,222,0,0
BRDA:2690,222,1,0
BRDA:2696,223,0,0
BRDA:2696,223,1,0
BRDA:2730,224,0,0
BRDA:2730,224,1,0
BRDA:2744,225,0,0
BRDA:2744,225,1,0
BRDA:2747,226,0,0
BRDA:2747,226,1,0
BRDA:2747,227,0,0
BRDA:2747,227,1,0
BRDA:2768,228,0,0
BRDA:2768,228,1,0
BRDA:2774,229,0,0
BRDA:2774,229,1,0
BRDA:2795,230,0,0
BRDA:2795,230,1,0
BRDA:2809,231,0,0
BRDA:2809,231,1,0
BRDA:2812,232,0,0
BRDA:2812,232,1,0
BRDA:2812,233,0,0
BRDA:2812,233,1,0
BRDA:2833,234,0,0
BRDA:2833,234,1,0
BRDA:2839,235,0,0
BRDA:2839,235,1,0
BRDA:2860,236,0,0
BRDA:2860,236,1,0
BRDA:2874,237,0,0
BRDA:2874,237,1,0
BRDA:2877,238,0,0
BRDA:2877,238,1,0
BRDA:2877,239,0,0
BRDA:2877,239,1,0
BRDA:2898,240,0,0
BRDA:2898,240,1,0
BRDA:2904,241,0,0
BRDA:2904,241,1,0
BRDA:2925,242,0,0
BRDA:2925,242,1,0
BRDA:2939,243,0,0
BRDA:2939,243,1,0
BRDA:2942,244,0,0
BRDA:2942,244,1,0
BRDA:2942,245,0,0
BRDA:2942,245,1,0
BRDA:2963,246,0,0
BRDA:2963,246,1,0
BRDA:2969,247,0,0
BRDA:2969,247,1,0
BRDA:2990,248,0,0
BRDA:2990,248,1,0
BRDA:3004,249,0,0
BRDA:3004,249,1,0
BRDA:3007,250,0,0
BRDA:3007,250,1,0
BRDA:3007,251,0,0
BRDA:3007,251,1,0
BRDA:3028,252,0,0
BRDA:3028,252,1,0
BRDA:3034,253,0,0
BRDA:3034,253,1,0
BRDA:3055,254,0,0
BRDA:3055,254,1,0
BRDA:3069,255,0,0
BRDA:3069,255,1,0
BRDA:3072,256,0,0
BRDA:3072,256,1,0
BRDA:3072,257,0,0
BRDA:3072,257,1,0
BRDA:3089,258,0,0
BRDA:3089,258,1,0
BRDA:3095,259,0,0
BRDA:3095,259,1,0
BRDA:3114,260,0,0
BRDA:3114,260,1,0
BRF:552
BRH:0
end_of_record
TN:
SF:/home/vagrant/psychotest-dev/app/src/editor/parser/PDSLParserListener.js
FN:6,PDSLParserListener
FN:15,(anonymous_1)
FN:19,(anonymous_2)
FN:24,(anonymous_3)
FN:28,(anonymous_4)
FN:33,(anonymous_5)
FN:37,(anonymous_6)
FN:42,(anonymous_7)
FN:46,(anonymous_8)
FN:51,(anonymous_9)
FN:55,(anonymous_10)
FN:60,(anonymous_11)
FN:64,(anonymous_12)
FN:69,(anonymous_13)
FN:73,(anonymous_14)
FN:78,(anonymous_15)
FN:82,(anonymous_16)
FN:87,(anonymous_17)
FN:91,(anonymous_18)
FN:96,(anonymous_19)
FN:100,(anonymous_20)
FN:105,(anonymous_21)
FN:109,(anonymous_22)
FN:114,(anonymous_23)
FN:118,(anonymous_24)
FN:123,(anonymous_25)
FN:127,(anonymous_26)
FN:132,(anonymous_27)
FN:136,(anonymous_28)
FN:141,(anonymous_29)
FN:145,(anonymous_30)
FN:150,(anonymous_31)
FN:154,(anonymous_32)
FN:159,(anonymous_33)
FN:163,(anonymous_34)
FN:168,(anonymous_35)
FN:172,(anonymous_36)
FN:177,(anonymous_37)
FN:181,(anonymous_38)
FN:186,(anonymous_39)
FN:190,(anonymous_40)
FN:195,(anonymous_41)
FN:199,(anonymous_42)
FN:204,(anonymous_43)
FN:208,(anonymous_44)
FN:213,(anonymous_45)
FN:217,(anonymous_46)
FN:222,(anonymous_47)
FN:226,(anonymous_48)
FN:231,(anonymous_49)
FN:235,(anonymous_50)
FN:240,(anonymous_51)
FN:244,(anonymous_52)
FN:249,(anonymous_53)
FN:253,(anonymous_54)
FN:258,(anonymous_55)
FN:262,(anonymous_56)
FN:267,(anonymous_57)
FN:271,(anonymous_58)
FN:276,(anonymous_59)
FN:280,(anonymous_60)
FN:285,(anonymous_61)
FN:289,(anonymous_62)
FN:294,(anonymous_63)
FN:298,(anonymous_64)
FN:303,(anonymous_65)
FN:307,(anonymous_66)
FNF:67
FNH:0
FNDA:0,PDSLParserListener
FNDA:0,(anonymous_1)
FNDA:0,(anonymous_2)
FNDA:0,(anonymous_3)
FNDA:0,(anonymous_4)
FNDA:0,(anonymous_5)
FNDA:0,(anonymous_6)
FNDA:0,(anonymous_7)
FNDA:0,(anonymous_8)
FNDA:0,(anonymous_9)
FNDA:0,(anonymous_10)
FNDA:0,(anonymous_11)
FNDA:0,(anonymous_12)
FNDA:0,(anonymous_13)
FNDA:0,(anonymous_14)
FNDA:0,(anonymous_15)
FNDA:0,(anonymous_16)
FNDA:0,(anonymous_17)
FNDA:0,(anonymous_18)
FNDA:0,(anonymous_19)
FNDA:0,(anonymous_20)
FNDA:0,(anonymous_21)
FNDA:0,(anonymous_22)
FNDA:0,(anonymous_23)
FNDA:0,(anonymous_24)
FNDA:0,(anonymous_25)
FNDA:0,(anonymous_26)
FNDA:0,(anonymous_27)
FNDA:0,(anonymous_28)
FNDA:0,(anonymous_29)
FNDA:0,(anonymous_30)
FNDA:0,(anonymous_31)
FNDA:0,(anonymous_32)
FNDA:0,(anonymous_33)
FNDA:0,(anonymous_34)
FNDA:0,(anonymous_35)
FNDA:0,(anonymous_36)
FNDA:0,(anonymous_37)
FNDA:0,(anonymous_38)
FNDA:0,(anonymous_39)
FNDA:0,(anonymous_40)
FNDA:0,(anonymous_41)
FNDA:0,(anonymous_42)
FNDA:0,(anonymous_43)
FNDA:0,(anonymous_44)
FNDA:0,(anonymous_45)
FNDA:0,(anonymous_46)
FNDA:0,(anonymous_47)
FNDA:0,(anonymous_48)
FNDA:0,(anonymous_49)
FNDA:0,(anonymous_50)
FNDA:0,(anonymous_51)
FNDA:0,(anonymous_52)
FNDA:0,(anonymous_53)
FNDA:0,(anonymous_54)
FNDA:0,(anonymous_55)
FNDA:0,(anonymous_56)
FNDA:0,(anonymous_57)
FNDA:0,(anonymous_58)
FNDA:0,(anonymous_59)
FNDA:0,(anonymous_60)
FNDA:0,(anonymous_61)
FNDA:0,(anonymous_62)
FNDA:0,(anonymous_63)
FNDA:0,(anonymous_64)
FNDA:0,(anonymous_65)
FNDA:0,(anonymous_66)
DA:3,0
DA:7,0
DA:8,0
DA:11,0
DA:12,0
DA:15,0
DA:19,0
DA:24,0
DA:28,0
DA:33,0
DA:37,0
DA:42,0
DA:46,0
DA:51,0
DA:55,0
DA:60,0
DA:64,0
DA:69,0
DA:73,0
DA:78,0
DA:82,0
DA:87,0
DA:91,0
DA:96,0
DA:100,0
DA:105,0
DA:109,0
DA:114,0
DA:118,0
DA:123,0
DA:127,0
DA:132,0
DA:136,0
DA:141,0
DA:145,0
DA:150,0
DA:154,0
DA:159,0
DA:163,0
DA:168,0
DA:172,0
DA:177,0
DA:181,0
DA:186,0
DA:190,0
DA:195,0
DA:199,0
DA:204,0
DA:208,0
DA:213,0
DA:217,0
DA:222,0
DA:226,0
DA:231,0
DA:235,0
DA:240,0
DA:244,0
DA:249,0
DA:253,0
DA:258,0
DA:262,0
DA:267,0
DA:271,0
DA:276,0
DA:280,0
DA:285,0
DA:289,0
DA:294,0
DA:298,0
DA:303,0
DA:307,0
DA:312,0
LF:72
LH:0
BRF:0
BRH:0
end_of_record
TN:
SF:/home/vagrant/psychotest-dev/app/src/locales/index.js
FNF:0
FNH:0
LF:0
LH:0
BRF:0
BRH:0
end_of_record
TN:
SF:/home/vagrant/psychotest-dev/app/src/pdslelements/PDSLInterpretListener.js
FN:4,(anonymous_0)
FN:12,(anonymous_1)
FN:17,(anonymous_2)
FN:22,(anonymous_3)
FN:27,(anonymous_4)
FN:39,(anonymous_5)
FN:46,(anonymous_6)
FN:53,(anonymous_7)
FN:58,(anonymous_8)
FN:63,(anonymous_9)
FN:69,(anonymous_10)
FN:77,(anonymous_11)
FNF:12
FNH:0
FNDA:0,(anonymous_0)
FNDA:0,(anonymous_1)
FNDA:0,(anonymous_2)
FNDA:0,(anonymous_3)
FNDA:0,(anonymous_4)
FNDA:0,(anonymous_5)
FNDA:0,(anonymous_6)
FNDA:0,(anonymous_7)
FNDA:0,(anonymous_8)
FNDA:0,(anonymous_9)
FNDA:0,(anonymous_10)
FNDA:0,(anonymous_11)
DA:5,0
DA:6,0
DA:7,0
DA:8,0
DA:9,0
DA:13,0
DA:14,0
DA:18,0
DA:19,0
DA:24,0
DA:28,0
DA:29,0
DA:30,0
DA:33,0
DA:35,0
DA:36,0
DA:40,0
DA:41,0
DA:42,0
DA:43,0
DA:47,0
DA:48,0
DA:49,0
DA:50,0
DA:54,0
DA:55,0
DA:56,0
DA:59,0
DA:60,0
DA:61,0
DA:64,0
DA:65,0
DA:66,0
DA:70,0
DA:72,0
DA:73,0
DA:74,0
DA:75,0
LF:38
LH:0
BRDA:28,0,0,0
BRDA:28,0,1,0
BRF:2
BRH:0
end_of_record
TN:
SF:/home/vagrant/psychotest-dev/app/src/pdslelements/screen.js
FN:13,(anonymous_0)
FN:23,(anonymous_1)
FN:44,(anonymous_2)
FN:48,(anonymous_3)
FNF:4
FNH:0
FNDA:0,(anonymous_0)
FNDA:0,(anonymous_1)
FNDA:0,(anonymous_2)
FNDA:0,(anonymous_3)
DA:20,0
DA:24,0
DA:35,0
DA:36,0
DA:37,0
DA:39,0
DA:40,0
DA:41,0
DA:45,0
LF:9
LH:0
BRF:0
BRH:0
end_of_record
TN:
SF:/home/vagrant/psychotest-dev/app/src/pdslelements/stimulus.js
FN:7,(anonymous_0)
FN:11,(anonymous_1)
FN:29,(anonymous_2)
FN:30,(anonymous_3)
FN:34,(anonymous_4)
FN:38,(anonymous_5)
FN:49,(anonymous_6)
FN:62,(anonymous_7)
FNF:8
FNH:0
FNDA:0,(anonymous_0)
FNDA:0,(anonymous_1)
FNDA:0,(anonymous_2)
FNDA:0,(anonymous_3)
FNDA:0,(anonymous_4)
FNDA:0,(anonymous_5)
FNDA:0,(anonymous_6)
FNDA:0,(anonymous_7)
DA:12,0
DA:13,0
DA:14,0
DA:15,0
DA:17,0
DA:29,0
DA:30,0
DA:31,0
DA:34,0
DA:35,0
DA:38,0
DA:39,0
DA:40,0
DA:42,0
DA:49,0
DA:50,0
DA:52,0
DA:63,0
LF:18
LH:0
BRDA:13,0,0,0
BRDA:13,0,1,0
BRDA:14,1,0,0
BRDA:14,1,1,0
BRF:4
BRH:0
end_of_record
TN:
SF:/home/vagrant/psychotest-dev/app/src/pdslelements/task.js
FNF:0
FNH:0
LF:0
LH:0
BRF:0
BRH:0
end_of_record
TN:
SF:/home/vagrant/psychotest-dev/app/src/pdslelements/text.js
FNF:0
FNH:0
LF:0
LH:0
BRF:0
BRH:0
end_of_record
TN:
SF:/home/vagrant/psychotest-dev/app/src/resources/index.js
FN:1,configure
FNF:1
FNH:0
FNDA:0,configure
LF:0
LH:0
BRF:0
BRH:0
end_of_record
TN:
SF:/home/vagrant/psychotest-dev/app/src/viewer/app.js
FN:4,(anonymous_0)
FNF:1
FNH:0
FNDA:0,(anonymous_0)
DA:5,0
DA:6,0
DA:13,0
LF:3
LH:0
BRF:0
BRH:0
end_of_record
TN:
SF:/home/vagrant/psychotest-dev/app/src/viewer/dashboard.js
FN:6,(anonymous_0)
FN:11,(anonymous_1)
FN:15,(anonymous_2)
FN:19,(anonymous_3)
FN:23,(anonymous_4)
FNF:5
FNH:0
FNDA:0,(anonymous_0)
FNDA:0,(anonymous_1)
FNDA:0,(anonymous_2)
FNDA:0,(anonymous_3)
FNDA:0,(anonymous_4)
DA:4,0
DA:8,0
DA:12,0
DA:13,0
DA:14,0
DA:16,0
DA:18,0
DA:20,0
DA:21,0
DA:22,0
DA:25,0
LF:11
LH:0
BRDA:21,0,0,0
BRDA:21,0,1,0
BRF:2
BRH:0
end_of_record
TN:
SF:/home/vagrant/psychotest-dev/app/src/viewer/finalize.js
FN:3,(anonymous_0)
FNF:1
FNH:0
FNDA:0,(anonymous_0)
DA:4,0
LF:1
LH:0
BRF:0
BRH:0
end_of_record
TN:
SF:/home/vagrant/psychotest-dev/app/src/viewer/pausedtest.js
FN:3,(anonymous_0)
FNF:1
FNH:0
FNDA:0,(anonymous_0)
DA:4,0
DA:5,0
LF:2
LH:0
BRF:0
BRH:0
end_of_record
TN:
SF:/home/vagrant/psychotest-dev/app/src/viewer/performtest.js
FN:7,(anonymous_0)
FN:13,(anonymous_1)
FN:27,(anonymous_2)
FN:43,(anonymous_3)
FN:47,(anonymous_4)
FN:55,(anonymous_5)
FN:71,(anonymous_6)
FN:87,(anonymous_7)
FN:90,(anonymous_8)
FN:94,(anonymous_9)
FN:98,(anonymous_10)
FN:113,(anonymous_11)
FN:128,(anonymous_12)
FN:134,(anonymous_13)
FN:142,(anonymous_14)
FN:148,(anonymous_15)
FN:156,(anonymous_16)
FN:164,(anonymous_17)
FN:172,(anonymous_18)
FN:179,(anonymous_19)
FN:195,(anonymous_20)
FN:229,(anonymous_21)
FN:249,(anonymous_22)
FN:286,(anonymous_23)
FN:294,(anonymous_24)
FN:310,(anonymous_25)
FNF:26
FNH:0
FNDA:0,(anonymous_0)
FNDA:0,(anonymous_1)
FNDA:0,(anonymous_2)
FNDA:0,(anonymous_3)
FNDA:0,(anonymous_4)
FNDA:0,(anonymous_5)
FNDA:0,(anonymous_6)
FNDA:0,(anonymous_7)
FNDA:0,(anonymous_8)
FNDA:0,(anonymous_9)
FNDA:0,(anonymous_10)
FNDA:0,(anonymous_11)
FNDA:0,(anonymous_12)
FNDA:0,(anonymous_13)
FNDA:0,(anonymous_14)
FNDA:0,(anonymous_15)
FNDA:0,(anonymous_16)
FNDA:0,(anonymous_17)
FNDA:0,(anonymous_18)
FNDA:0,(anonymous_19)
FNDA:0,(anonymous_20)
FNDA:0,(anonymous_21)
FNDA:0,(anonymous_22)
FNDA:0,(anonymous_23)
FNDA:0,(anonymous_24)
FNDA:0,(anonymous_25)
DA:8,0
DA:10,0
DA:15,0
DA:16,0
DA:17,0
DA:18,0
DA:19,0
DA:20,0
DA:22,0
DA:23,0
DA:24,0
DA:28,0
DA:29,0
DA:30,0
DA:32,0
DA:33,0
DA:35,0
DA:36,0
DA:45,0
DA:46,0
DA:48,0
DA:49,0
DA:50,0
DA:51,0
DA:52,0
DA:54,0
DA:56,0
DA:57,0
DA:58,0
DA:59,0
DA:60,0
DA:61,0
DA:62,0
DA:64,0
DA:67,0
DA:68,0
DA:69,0
DA:70,0
DA:72,0
DA:76,0
DA:77,0
DA:78,0
DA:79,0
DA:81,0
DA:95,0
DA:99,0
DA:100,0
DA:101,0
DA:102,0
DA:103,0
DA:104,0
DA:109,0
DA:114,0
DA:116,0
DA:118,0
DA:119,0
DA:120,0
DA:121,0
DA:122,0
DA:123,0
DA:125,0
DA:126,0
DA:127,0
DA:129,0
DA:130,0
DA:133,0
DA:135,0
DA:136,0
DA:139,0
DA:143,0
DA:144,0
DA:145,0
DA:149,0
DA:150,0
DA:151,0
DA:152,0
DA:153,0
DA:157,0
DA:158,0
DA:159,0
DA:160,0
DA:161,0
DA:165,0
DA:166,0
DA:167,0
DA:168,0
DA:169,0
DA:173,0
DA:174,0
DA:175,0
DA:176,0
DA:180,0
DA:181,0
DA:182,0
DA:196,0
DA:197,0
DA:226,0
DA:230,0
DA:231,0
DA:232,0
DA:244,0
DA:246,0
DA:250,0
DA:255,0
DA:257,0
DA:258,0
DA:260,0
DA:261,0
DA:268,0
DA:270,0
DA:284,0
DA:287,0
DA:288,0
DA:295,0
DA:297,0
DA:298,0
DA:299,0
DA:301,0
DA:302,0
DA:303,0
DA:306,0
DA:307,0
DA:311,0
DA:312,0
DA:313,0
DA:315,0
DA:316,0
DA:320,0
DA:321,0
DA:322,0
DA:323,0
DA:324,0
DA:326,0
DA:327,0
LF:134
LH:0
BRDA:15,0,0,0
BRDA:15,0,1,0
BRDA:15,1,0,0
BRDA:15,1,1,0
BRDA:22,2,0,0
BRDA:22,2,1,0
BRDA:23,3,0,0
BRDA:23,3,1,0
BRDA:32,4,0,0
BRDA:32,4,1,0
BRDA:32,5,0,0
BRDA:32,5,1,0
BRDA:35,6,0,0
BRDA:35,6,1,0
BRDA:49,7,0,0
BRDA:49,7,1,0
BRDA:99,8,0,0
BRDA:99,8,1,0
BRDA:100,9,0,0
BRDA:100,9,1,0
BRDA:126,10,0,0
BRDA:126,10,1,0
BRDA:230,11,0,0
BRDA:230,11,1,0
BRDA:257,12,0,0
BRDA:257,12,1,0
BRDA:260,13,0,0
BRDA:260,13,1,0
BRDA:261,14,0,0
BRDA:261,14,1,0
BRDA:261,15,0,0
BRDA:261,15,1,0
BRDA:297,16,0,0
BRDA:297,16,1,0
BRDA:307,17,0,0
BRDA:307,17,1,0
BRDA:311,18,0,0
BRDA:311,18,1,0
BRDA:315,19,0,0
BRDA:315,19,1,0
BRF:40
BRH:0
end_of_record
TN:
SF:/home/vagrant/psychotest-dev/app/src/viewer/respondent.js
FNF:0
FNH:0
LF:0
LH:0
BRF:0
BRH:0
end_of_record
